ARM GAS  C:\Users\ADMINI~1\AppData\Local\Temp\ccBdXAAf.s 			page 1


   1              		.cpu cortex-m4
   2              		.eabi_attribute 27, 1
   3              		.eabi_attribute 28, 1
   4              		.eabi_attribute 20, 1
   5              		.eabi_attribute 21, 1
   6              		.eabi_attribute 23, 3
   7              		.eabi_attribute 24, 1
   8              		.eabi_attribute 25, 1
   9              		.eabi_attribute 26, 1
  10              		.eabi_attribute 30, 6
  11              		.eabi_attribute 34, 1
  12              		.eabi_attribute 18, 4
  13              		.file	"oc_lwm2m_al.c"
  14              		.text
  15              	.Ltext0:
  16              		.cfi_sections	.debug_frame
  17              		.section	.bss.s_oc_lwm2m_ops,"aw",%nobits
  18              		.align	2
  21              	s_oc_lwm2m_ops:
  22 0000 00000000 		.space	8
  22      00000000 
  23              		.section	.text.oc_lwm2m_register,"ax",%progbits
  24              		.align	1
  25              		.global	oc_lwm2m_register
  26              		.arch armv7e-m
  27              		.syntax unified
  28              		.thumb
  29              		.thumb_func
  30              		.fpu fpv4-sp-d16
  32              	oc_lwm2m_register:
  33              	.LFB3:
  34              		.file 1 "g:/iot/IoT_Device_Demo/iot_link/oc/oc_lwm2m/oc_lwm2m_al/oc_lwm2m_al.c"
   1:g:/iot/IoT_Device_Demo/iot_link/oc/oc_lwm2m/oc_lwm2m_al\oc_lwm2m_al.c **** /*----------------------------------------------------------------------------
   2:g:/iot/IoT_Device_Demo/iot_link/oc/oc_lwm2m/oc_lwm2m_al\oc_lwm2m_al.c ****  * Copyright (c) <2018>, <Huawei Technologies Co., Ltd>
   3:g:/iot/IoT_Device_Demo/iot_link/oc/oc_lwm2m/oc_lwm2m_al\oc_lwm2m_al.c ****  * All rights reserved.
   4:g:/iot/IoT_Device_Demo/iot_link/oc/oc_lwm2m/oc_lwm2m_al\oc_lwm2m_al.c ****  * Redistribution and use in source and binary forms, with or without modification,
   5:g:/iot/IoT_Device_Demo/iot_link/oc/oc_lwm2m/oc_lwm2m_al\oc_lwm2m_al.c ****  * are permitted provided that the following conditions are met:
   6:g:/iot/IoT_Device_Demo/iot_link/oc/oc_lwm2m/oc_lwm2m_al\oc_lwm2m_al.c ****  * 1. Redistributions of source code must retain the above copyright notice, this list of
   7:g:/iot/IoT_Device_Demo/iot_link/oc/oc_lwm2m/oc_lwm2m_al\oc_lwm2m_al.c ****  * conditions and the following disclaimer.
   8:g:/iot/IoT_Device_Demo/iot_link/oc/oc_lwm2m/oc_lwm2m_al\oc_lwm2m_al.c ****  * 2. Redistributions in binary form must reproduce the above copyright notice, this list
   9:g:/iot/IoT_Device_Demo/iot_link/oc/oc_lwm2m/oc_lwm2m_al\oc_lwm2m_al.c ****  * of conditions and the following disclaimer in the documentation and/or other materials
  10:g:/iot/IoT_Device_Demo/iot_link/oc/oc_lwm2m/oc_lwm2m_al\oc_lwm2m_al.c ****  * provided with the distribution.
  11:g:/iot/IoT_Device_Demo/iot_link/oc/oc_lwm2m/oc_lwm2m_al\oc_lwm2m_al.c ****  * 3. Neither the name of the copyright holder nor the names of its contributors may be used
  12:g:/iot/IoT_Device_Demo/iot_link/oc/oc_lwm2m/oc_lwm2m_al\oc_lwm2m_al.c ****  * to endorse or promote products derived from this software without specific prior written
  13:g:/iot/IoT_Device_Demo/iot_link/oc/oc_lwm2m/oc_lwm2m_al\oc_lwm2m_al.c ****  * permission.
  14:g:/iot/IoT_Device_Demo/iot_link/oc/oc_lwm2m/oc_lwm2m_al\oc_lwm2m_al.c ****  * THIS SOFTWARE IS PROVIDED BY THE COPYRIGHT HOLDERS AND CONTRIBUTORS
  15:g:/iot/IoT_Device_Demo/iot_link/oc/oc_lwm2m/oc_lwm2m_al\oc_lwm2m_al.c ****  * "AS IS" AND ANY EXPRESS OR IMPLIED WARRANTIES, INCLUDING, BUT NOT LIMITED TO,
  16:g:/iot/IoT_Device_Demo/iot_link/oc/oc_lwm2m/oc_lwm2m_al\oc_lwm2m_al.c ****  * THE IMPLIED WARRANTIES OF MERCHANTABILITY AND FITNESS FOR A PARTICULAR
  17:g:/iot/IoT_Device_Demo/iot_link/oc/oc_lwm2m/oc_lwm2m_al\oc_lwm2m_al.c ****  * PURPOSE ARE DISCLAIMED. IN NO EVENT SHALL THE COPYRIGHT HOLDER OR
  18:g:/iot/IoT_Device_Demo/iot_link/oc/oc_lwm2m/oc_lwm2m_al\oc_lwm2m_al.c ****  * CONTRIBUTORS BE LIABLE FOR ANY DIRECT, INDIRECT, INCIDENTAL, SPECIAL,
  19:g:/iot/IoT_Device_Demo/iot_link/oc/oc_lwm2m/oc_lwm2m_al\oc_lwm2m_al.c ****  * EXEMPLARY, OR CONSEQUENTIAL DAMAGES (INCLUDING, BUT NOT LIMITED TO,
  20:g:/iot/IoT_Device_Demo/iot_link/oc/oc_lwm2m/oc_lwm2m_al\oc_lwm2m_al.c ****  * PROCUREMENT OF SUBSTITUTE GOODS OR SERVICES; LOSS OF USE, DATA, OR PROFITS;
  21:g:/iot/IoT_Device_Demo/iot_link/oc/oc_lwm2m/oc_lwm2m_al\oc_lwm2m_al.c ****  * OR BUSINESS INTERRUPTION) HOWEVER CAUSED AND ON ANY THEORY OF LIABILITY,
  22:g:/iot/IoT_Device_Demo/iot_link/oc/oc_lwm2m/oc_lwm2m_al\oc_lwm2m_al.c ****  * WHETHER IN CONTRACT, STRICT LIABILITY, OR TORT (INCLUDING NEGLIGENCE OR
  23:g:/iot/IoT_Device_Demo/iot_link/oc/oc_lwm2m/oc_lwm2m_al\oc_lwm2m_al.c ****  * OTHERWISE) ARISING IN ANY WAY OUT OF THE USE OF THIS SOFTWARE, EVEN IF
  24:g:/iot/IoT_Device_Demo/iot_link/oc/oc_lwm2m/oc_lwm2m_al\oc_lwm2m_al.c ****  * ADVISED OF THE POSSIBILITY OF SUCH DAMAGE.
  25:g:/iot/IoT_Device_Demo/iot_link/oc/oc_lwm2m/oc_lwm2m_al\oc_lwm2m_al.c ****  *---------------------------------------------------------------------------*/
ARM GAS  C:\Users\ADMINI~1\AppData\Local\Temp\ccBdXAAf.s 			page 2


  26:g:/iot/IoT_Device_Demo/iot_link/oc/oc_lwm2m/oc_lwm2m_al\oc_lwm2m_al.c **** /*----------------------------------------------------------------------------
  27:g:/iot/IoT_Device_Demo/iot_link/oc/oc_lwm2m/oc_lwm2m_al\oc_lwm2m_al.c ****  * Notice of Export Control Law
  28:g:/iot/IoT_Device_Demo/iot_link/oc/oc_lwm2m/oc_lwm2m_al\oc_lwm2m_al.c ****  * ===============================================
  29:g:/iot/IoT_Device_Demo/iot_link/oc/oc_lwm2m/oc_lwm2m_al\oc_lwm2m_al.c ****  * Huawei LiteOS may be subject to applicable export control laws and regulations, which might
  30:g:/iot/IoT_Device_Demo/iot_link/oc/oc_lwm2m/oc_lwm2m_al\oc_lwm2m_al.c ****  * include those applicable to Huawei LiteOS of U.S. and the country in which you are located.
  31:g:/iot/IoT_Device_Demo/iot_link/oc/oc_lwm2m/oc_lwm2m_al\oc_lwm2m_al.c ****  * Import, export and usage of Huawei LiteOS in any manner by you shall be in compliance with such
  32:g:/iot/IoT_Device_Demo/iot_link/oc/oc_lwm2m/oc_lwm2m_al\oc_lwm2m_al.c ****  * applicable export control laws and regulations.
  33:g:/iot/IoT_Device_Demo/iot_link/oc/oc_lwm2m/oc_lwm2m_al\oc_lwm2m_al.c ****  *---------------------------------------------------------------------------*/
  34:g:/iot/IoT_Device_Demo/iot_link/oc/oc_lwm2m/oc_lwm2m_al\oc_lwm2m_al.c **** /**
  35:g:/iot/IoT_Device_Demo/iot_link/oc/oc_lwm2m/oc_lwm2m_al\oc_lwm2m_al.c ****  *  DATE                AUTHOR      INSTRUCTION
  36:g:/iot/IoT_Device_Demo/iot_link/oc/oc_lwm2m/oc_lwm2m_al\oc_lwm2m_al.c ****  *  2019-05-14 17:22  zhangqianfu  The first version
  37:g:/iot/IoT_Device_Demo/iot_link/oc/oc_lwm2m/oc_lwm2m_al\oc_lwm2m_al.c ****  *
  38:g:/iot/IoT_Device_Demo/iot_link/oc/oc_lwm2m/oc_lwm2m_al\oc_lwm2m_al.c ****  */
  39:g:/iot/IoT_Device_Demo/iot_link/oc/oc_lwm2m/oc_lwm2m_al\oc_lwm2m_al.c **** 
  40:g:/iot/IoT_Device_Demo/iot_link/oc/oc_lwm2m/oc_lwm2m_al\oc_lwm2m_al.c **** #include <stdint.h>
  41:g:/iot/IoT_Device_Demo/iot_link/oc/oc_lwm2m/oc_lwm2m_al\oc_lwm2m_al.c **** #include <stddef.h>
  42:g:/iot/IoT_Device_Demo/iot_link/oc/oc_lwm2m/oc_lwm2m_al\oc_lwm2m_al.c **** 
  43:g:/iot/IoT_Device_Demo/iot_link/oc/oc_lwm2m/oc_lwm2m_al\oc_lwm2m_al.c **** #include <string.h>
  44:g:/iot/IoT_Device_Demo/iot_link/oc/oc_lwm2m/oc_lwm2m_al\oc_lwm2m_al.c **** 
  45:g:/iot/IoT_Device_Demo/iot_link/oc/oc_lwm2m/oc_lwm2m_al\oc_lwm2m_al.c **** #include <stdlib.h>
  46:g:/iot/IoT_Device_Demo/iot_link/oc/oc_lwm2m/oc_lwm2m_al\oc_lwm2m_al.c **** #include <osal.h>
  47:g:/iot/IoT_Device_Demo/iot_link/oc/oc_lwm2m/oc_lwm2m_al\oc_lwm2m_al.c **** #include <oc_lwm2m_al.h>
  48:g:/iot/IoT_Device_Demo/iot_link/oc/oc_lwm2m/oc_lwm2m_al\oc_lwm2m_al.c **** 
  49:g:/iot/IoT_Device_Demo/iot_link/oc/oc_lwm2m/oc_lwm2m_al\oc_lwm2m_al.c **** typedef struct
  50:g:/iot/IoT_Device_Demo/iot_link/oc/oc_lwm2m/oc_lwm2m_al\oc_lwm2m_al.c **** {
  51:g:/iot/IoT_Device_Demo/iot_link/oc/oc_lwm2m/oc_lwm2m_al\oc_lwm2m_al.c ****     const char            *name;    ///< lwm2m implement name
  52:g:/iot/IoT_Device_Demo/iot_link/oc/oc_lwm2m/oc_lwm2m_al\oc_lwm2m_al.c ****     const oc_lwm2m_opt_t  *opt;     ///< lwm2m implement method
  53:g:/iot/IoT_Device_Demo/iot_link/oc/oc_lwm2m/oc_lwm2m_al\oc_lwm2m_al.c **** } oc_lwm2m_t;
  54:g:/iot/IoT_Device_Demo/iot_link/oc/oc_lwm2m/oc_lwm2m_al\oc_lwm2m_al.c **** static oc_lwm2m_t  s_oc_lwm2m_ops;
  55:g:/iot/IoT_Device_Demo/iot_link/oc/oc_lwm2m/oc_lwm2m_al\oc_lwm2m_al.c **** 
  56:g:/iot/IoT_Device_Demo/iot_link/oc/oc_lwm2m/oc_lwm2m_al\oc_lwm2m_al.c **** 
  57:g:/iot/IoT_Device_Demo/iot_link/oc/oc_lwm2m/oc_lwm2m_al\oc_lwm2m_al.c **** int oc_lwm2m_register(const char *name, const oc_lwm2m_opt_t *opt)
  58:g:/iot/IoT_Device_Demo/iot_link/oc/oc_lwm2m/oc_lwm2m_al\oc_lwm2m_al.c **** {
  35              		.loc 1 58 1
  36              		.cfi_startproc
  37              		@ args = 0, pretend = 0, frame = 16
  38              		@ frame_needed = 1, uses_anonymous_args = 0
  39              		@ link register save eliminated.
  40 0000 80B4     		push	{r7}
  41              	.LCFI0:
  42              		.cfi_def_cfa_offset 4
  43              		.cfi_offset 7, -4
  44 0002 85B0     		sub	sp, sp, #20
  45              	.LCFI1:
  46              		.cfi_def_cfa_offset 24
  47 0004 00AF     		add	r7, sp, #0
  48              	.LCFI2:
  49              		.cfi_def_cfa_register 7
  50 0006 7860     		str	r0, [r7, #4]
  51 0008 3960     		str	r1, [r7]
  59:g:/iot/IoT_Device_Demo/iot_link/oc/oc_lwm2m/oc_lwm2m_al\oc_lwm2m_al.c ****     int ret = -1;
  52              		.loc 1 59 9
  53 000a 4FF0FF33 		mov	r3, #-1
  54 000e FB60     		str	r3, [r7, #12]
  60:g:/iot/IoT_Device_Demo/iot_link/oc/oc_lwm2m/oc_lwm2m_al\oc_lwm2m_al.c **** 
  61:g:/iot/IoT_Device_Demo/iot_link/oc/oc_lwm2m/oc_lwm2m_al\oc_lwm2m_al.c ****     if (NULL == s_oc_lwm2m_ops.opt)
  55              		.loc 1 61 31
ARM GAS  C:\Users\ADMINI~1\AppData\Local\Temp\ccBdXAAf.s 			page 3


  56 0010 094B     		ldr	r3, .L4
  57 0012 5B68     		ldr	r3, [r3, #4]
  58              		.loc 1 61 8
  59 0014 002B     		cmp	r3, #0
  60 0016 07D1     		bne	.L2
  62:g:/iot/IoT_Device_Demo/iot_link/oc/oc_lwm2m/oc_lwm2m_al\oc_lwm2m_al.c ****     {
  63:g:/iot/IoT_Device_Demo/iot_link/oc/oc_lwm2m/oc_lwm2m_al\oc_lwm2m_al.c ****         s_oc_lwm2m_ops.name = name;
  61              		.loc 1 63 29
  62 0018 074A     		ldr	r2, .L4
  63 001a 7B68     		ldr	r3, [r7, #4]
  64 001c 1360     		str	r3, [r2]
  64:g:/iot/IoT_Device_Demo/iot_link/oc/oc_lwm2m/oc_lwm2m_al\oc_lwm2m_al.c ****         s_oc_lwm2m_ops.opt =  opt;
  65              		.loc 1 64 28
  66 001e 064A     		ldr	r2, .L4
  67 0020 3B68     		ldr	r3, [r7]
  68 0022 5360     		str	r3, [r2, #4]
  65:g:/iot/IoT_Device_Demo/iot_link/oc/oc_lwm2m/oc_lwm2m_al\oc_lwm2m_al.c ****         ret = 0;
  69              		.loc 1 65 13
  70 0024 0023     		movs	r3, #0
  71 0026 FB60     		str	r3, [r7, #12]
  72              	.L2:
  66:g:/iot/IoT_Device_Demo/iot_link/oc/oc_lwm2m/oc_lwm2m_al\oc_lwm2m_al.c ****     }
  67:g:/iot/IoT_Device_Demo/iot_link/oc/oc_lwm2m/oc_lwm2m_al\oc_lwm2m_al.c **** 
  68:g:/iot/IoT_Device_Demo/iot_link/oc/oc_lwm2m/oc_lwm2m_al\oc_lwm2m_al.c ****     return ret;
  73              		.loc 1 68 12
  74 0028 FB68     		ldr	r3, [r7, #12]
  69:g:/iot/IoT_Device_Demo/iot_link/oc/oc_lwm2m/oc_lwm2m_al\oc_lwm2m_al.c **** }
  75              		.loc 1 69 1
  76 002a 1846     		mov	r0, r3
  77 002c 1437     		adds	r7, r7, #20
  78              	.LCFI3:
  79              		.cfi_def_cfa_offset 4
  80 002e BD46     		mov	sp, r7
  81              	.LCFI4:
  82              		.cfi_def_cfa_register 13
  83              		@ sp needed
  84 0030 5DF8047B 		ldr	r7, [sp], #4
  85              	.LCFI5:
  86              		.cfi_restore 7
  87              		.cfi_def_cfa_offset 0
  88 0034 7047     		bx	lr
  89              	.L5:
  90 0036 00BF     		.align	2
  91              	.L4:
  92 0038 00000000 		.word	s_oc_lwm2m_ops
  93              		.cfi_endproc
  94              	.LFE3:
  96              		.section	.text.oc_lwm2m_unregister,"ax",%progbits
  97              		.align	1
  98              		.global	oc_lwm2m_unregister
  99              		.syntax unified
 100              		.thumb
 101              		.thumb_func
 102              		.fpu fpv4-sp-d16
 104              	oc_lwm2m_unregister:
 105              	.LFB4:
  70:g:/iot/IoT_Device_Demo/iot_link/oc/oc_lwm2m/oc_lwm2m_al\oc_lwm2m_al.c **** 
ARM GAS  C:\Users\ADMINI~1\AppData\Local\Temp\ccBdXAAf.s 			page 4


  71:g:/iot/IoT_Device_Demo/iot_link/oc/oc_lwm2m/oc_lwm2m_al\oc_lwm2m_al.c **** int oc_lwm2m_unregister(const char *name)
  72:g:/iot/IoT_Device_Demo/iot_link/oc/oc_lwm2m/oc_lwm2m_al\oc_lwm2m_al.c **** {
 106              		.loc 1 72 1
 107              		.cfi_startproc
 108              		@ args = 0, pretend = 0, frame = 16
 109              		@ frame_needed = 1, uses_anonymous_args = 0
 110 0000 80B5     		push	{r7, lr}
 111              	.LCFI6:
 112              		.cfi_def_cfa_offset 8
 113              		.cfi_offset 7, -8
 114              		.cfi_offset 14, -4
 115 0002 84B0     		sub	sp, sp, #16
 116              	.LCFI7:
 117              		.cfi_def_cfa_offset 24
 118 0004 00AF     		add	r7, sp, #0
 119              	.LCFI8:
 120              		.cfi_def_cfa_register 7
 121 0006 7860     		str	r0, [r7, #4]
  73:g:/iot/IoT_Device_Demo/iot_link/oc/oc_lwm2m/oc_lwm2m_al\oc_lwm2m_al.c ****     int ret = -1;
 122              		.loc 1 73 9
 123 0008 4FF0FF33 		mov	r3, #-1
 124 000c FB60     		str	r3, [r7, #12]
  74:g:/iot/IoT_Device_Demo/iot_link/oc/oc_lwm2m/oc_lwm2m_al\oc_lwm2m_al.c **** 
  75:g:/iot/IoT_Device_Demo/iot_link/oc/oc_lwm2m/oc_lwm2m_al\oc_lwm2m_al.c ****     if ((NULL != name) && (NULL != s_oc_lwm2m_ops.name))
 125              		.loc 1 75 8
 126 000e 7B68     		ldr	r3, [r7, #4]
 127 0010 002B     		cmp	r3, #0
 128 0012 14D0     		beq	.L7
 129              		.loc 1 75 50 discriminator 1
 130 0014 0C4B     		ldr	r3, .L9
 131 0016 1B68     		ldr	r3, [r3]
 132              		.loc 1 75 24 discriminator 1
 133 0018 002B     		cmp	r3, #0
 134 001a 10D0     		beq	.L7
  76:g:/iot/IoT_Device_Demo/iot_link/oc/oc_lwm2m/oc_lwm2m_al\oc_lwm2m_al.c ****     {
  77:g:/iot/IoT_Device_Demo/iot_link/oc/oc_lwm2m/oc_lwm2m_al\oc_lwm2m_al.c ****         if (0 == strcmp(name, s_oc_lwm2m_ops.name))
 135              		.loc 1 77 18
 136 001c 0A4B     		ldr	r3, .L9
 137 001e 1B68     		ldr	r3, [r3]
 138 0020 1946     		mov	r1, r3
 139 0022 7868     		ldr	r0, [r7, #4]
 140 0024 FFF7FEFF 		bl	strcmp
 141 0028 0346     		mov	r3, r0
 142              		.loc 1 77 12
 143 002a 002B     		cmp	r3, #0
 144 002c 07D1     		bne	.L7
  78:g:/iot/IoT_Device_Demo/iot_link/oc/oc_lwm2m/oc_lwm2m_al\oc_lwm2m_al.c ****         {
  79:g:/iot/IoT_Device_Demo/iot_link/oc/oc_lwm2m/oc_lwm2m_al\oc_lwm2m_al.c ****             s_oc_lwm2m_ops.opt = NULL;   ///< also think about clear all the ops in the context,
 145              		.loc 1 79 32
 146 002e 064B     		ldr	r3, .L9
 147 0030 0022     		movs	r2, #0
 148 0032 5A60     		str	r2, [r3, #4]
  80:g:/iot/IoT_Device_Demo/iot_link/oc/oc_lwm2m/oc_lwm2m_al\oc_lwm2m_al.c ****             s_oc_lwm2m_ops.name = NULL;
 149              		.loc 1 80 33
 150 0034 044B     		ldr	r3, .L9
 151 0036 0022     		movs	r2, #0
 152 0038 1A60     		str	r2, [r3]
ARM GAS  C:\Users\ADMINI~1\AppData\Local\Temp\ccBdXAAf.s 			page 5


  81:g:/iot/IoT_Device_Demo/iot_link/oc/oc_lwm2m/oc_lwm2m_al\oc_lwm2m_al.c ****             ret = 0;
 153              		.loc 1 81 17
 154 003a 0023     		movs	r3, #0
 155 003c FB60     		str	r3, [r7, #12]
 156              	.L7:
  82:g:/iot/IoT_Device_Demo/iot_link/oc/oc_lwm2m/oc_lwm2m_al\oc_lwm2m_al.c ****         }
  83:g:/iot/IoT_Device_Demo/iot_link/oc/oc_lwm2m/oc_lwm2m_al\oc_lwm2m_al.c ****     }
  84:g:/iot/IoT_Device_Demo/iot_link/oc/oc_lwm2m/oc_lwm2m_al\oc_lwm2m_al.c **** 
  85:g:/iot/IoT_Device_Demo/iot_link/oc/oc_lwm2m/oc_lwm2m_al\oc_lwm2m_al.c ****     return ret;
 157              		.loc 1 85 12
 158 003e FB68     		ldr	r3, [r7, #12]
  86:g:/iot/IoT_Device_Demo/iot_link/oc/oc_lwm2m/oc_lwm2m_al\oc_lwm2m_al.c **** }
 159              		.loc 1 86 1
 160 0040 1846     		mov	r0, r3
 161 0042 1037     		adds	r7, r7, #16
 162              	.LCFI9:
 163              		.cfi_def_cfa_offset 8
 164 0044 BD46     		mov	sp, r7
 165              	.LCFI10:
 166              		.cfi_def_cfa_register 13
 167              		@ sp needed
 168 0046 80BD     		pop	{r7, pc}
 169              	.L10:
 170              		.align	2
 171              	.L9:
 172 0048 00000000 		.word	s_oc_lwm2m_ops
 173              		.cfi_endproc
 174              	.LFE4:
 176              		.section	.text.oc_lwm2m_report,"ax",%progbits
 177              		.align	1
 178              		.global	oc_lwm2m_report
 179              		.syntax unified
 180              		.thumb
 181              		.thumb_func
 182              		.fpu fpv4-sp-d16
 184              	oc_lwm2m_report:
 185              	.LFB5:
  87:g:/iot/IoT_Device_Demo/iot_link/oc/oc_lwm2m/oc_lwm2m_al\oc_lwm2m_al.c **** 
  88:g:/iot/IoT_Device_Demo/iot_link/oc/oc_lwm2m/oc_lwm2m_al\oc_lwm2m_al.c **** 
  89:g:/iot/IoT_Device_Demo/iot_link/oc/oc_lwm2m/oc_lwm2m_al\oc_lwm2m_al.c **** //////////////////////////APPLICATION INTERFACE/////////////////////////////////
  90:g:/iot/IoT_Device_Demo/iot_link/oc/oc_lwm2m/oc_lwm2m_al\oc_lwm2m_al.c **** int oc_lwm2m_report(char  *buf, int len, int timeout)
  91:g:/iot/IoT_Device_Demo/iot_link/oc/oc_lwm2m/oc_lwm2m_al\oc_lwm2m_al.c **** {
 186              		.loc 1 91 1
 187              		.cfi_startproc
 188              		@ args = 0, pretend = 0, frame = 24
 189              		@ frame_needed = 1, uses_anonymous_args = 0
 190 0000 80B5     		push	{r7, lr}
 191              	.LCFI11:
 192              		.cfi_def_cfa_offset 8
 193              		.cfi_offset 7, -8
 194              		.cfi_offset 14, -4
 195 0002 86B0     		sub	sp, sp, #24
 196              	.LCFI12:
 197              		.cfi_def_cfa_offset 32
 198 0004 00AF     		add	r7, sp, #0
 199              	.LCFI13:
 200              		.cfi_def_cfa_register 7
ARM GAS  C:\Users\ADMINI~1\AppData\Local\Temp\ccBdXAAf.s 			page 6


 201 0006 F860     		str	r0, [r7, #12]
 202 0008 B960     		str	r1, [r7, #8]
 203 000a 7A60     		str	r2, [r7, #4]
  92:g:/iot/IoT_Device_Demo/iot_link/oc/oc_lwm2m/oc_lwm2m_al\oc_lwm2m_al.c ****     int ret = (int)en_oc_lwm2m_err_system;
 204              		.loc 1 92 9
 205 000c 0923     		movs	r3, #9
 206 000e 7B61     		str	r3, [r7, #20]
  93:g:/iot/IoT_Device_Demo/iot_link/oc/oc_lwm2m/oc_lwm2m_al\oc_lwm2m_al.c **** 
  94:g:/iot/IoT_Device_Demo/iot_link/oc/oc_lwm2m/oc_lwm2m_al\oc_lwm2m_al.c ****     if ((NULL != s_oc_lwm2m_ops.opt) && (NULL != s_oc_lwm2m_ops.opt->report))
 207              		.loc 1 94 32
 208 0010 0A4B     		ldr	r3, .L14
 209 0012 5B68     		ldr	r3, [r3, #4]
 210              		.loc 1 94 8
 211 0014 002B     		cmp	r3, #0
 212 0016 0CD0     		beq	.L12
 213              		.loc 1 94 64 discriminator 1
 214 0018 084B     		ldr	r3, .L14
 215 001a 5B68     		ldr	r3, [r3, #4]
 216              		.loc 1 94 68 discriminator 1
 217 001c 5B68     		ldr	r3, [r3, #4]
 218              		.loc 1 94 38 discriminator 1
 219 001e 002B     		cmp	r3, #0
 220 0020 07D0     		beq	.L12
  95:g:/iot/IoT_Device_Demo/iot_link/oc/oc_lwm2m/oc_lwm2m_al\oc_lwm2m_al.c ****     {
  96:g:/iot/IoT_Device_Demo/iot_link/oc/oc_lwm2m/oc_lwm2m_al\oc_lwm2m_al.c ****         ret = s_oc_lwm2m_ops.opt->report(buf, len, timeout);
 221              		.loc 1 96 29
 222 0022 064B     		ldr	r3, .L14
 223 0024 5B68     		ldr	r3, [r3, #4]
 224              		.loc 1 96 33
 225 0026 5B68     		ldr	r3, [r3, #4]
 226              		.loc 1 96 15
 227 0028 7A68     		ldr	r2, [r7, #4]
 228 002a B968     		ldr	r1, [r7, #8]
 229 002c F868     		ldr	r0, [r7, #12]
 230 002e 9847     		blx	r3
 231              	.LVL0:
 232 0030 7861     		str	r0, [r7, #20]
 233              	.L12:
  97:g:/iot/IoT_Device_Demo/iot_link/oc/oc_lwm2m/oc_lwm2m_al\oc_lwm2m_al.c ****     }
  98:g:/iot/IoT_Device_Demo/iot_link/oc/oc_lwm2m/oc_lwm2m_al\oc_lwm2m_al.c **** 
  99:g:/iot/IoT_Device_Demo/iot_link/oc/oc_lwm2m/oc_lwm2m_al\oc_lwm2m_al.c ****     return ret;
 234              		.loc 1 99 12
 235 0032 7B69     		ldr	r3, [r7, #20]
 100:g:/iot/IoT_Device_Demo/iot_link/oc/oc_lwm2m/oc_lwm2m_al\oc_lwm2m_al.c **** }
 236              		.loc 1 100 1
 237 0034 1846     		mov	r0, r3
 238 0036 1837     		adds	r7, r7, #24
 239              	.LCFI14:
 240              		.cfi_def_cfa_offset 8
 241 0038 BD46     		mov	sp, r7
 242              	.LCFI15:
 243              		.cfi_def_cfa_register 13
 244              		@ sp needed
 245 003a 80BD     		pop	{r7, pc}
 246              	.L15:
 247              		.align	2
 248              	.L14:
ARM GAS  C:\Users\ADMINI~1\AppData\Local\Temp\ccBdXAAf.s 			page 7


 249 003c 00000000 		.word	s_oc_lwm2m_ops
 250              		.cfi_endproc
 251              	.LFE5:
 253              		.section	.text.oc_lwm2m_config,"ax",%progbits
 254              		.align	1
 255              		.global	oc_lwm2m_config
 256              		.syntax unified
 257              		.thumb
 258              		.thumb_func
 259              		.fpu fpv4-sp-d16
 261              	oc_lwm2m_config:
 262              	.LFB6:
 101:g:/iot/IoT_Device_Demo/iot_link/oc/oc_lwm2m/oc_lwm2m_al\oc_lwm2m_al.c **** 
 102:g:/iot/IoT_Device_Demo/iot_link/oc/oc_lwm2m/oc_lwm2m_al\oc_lwm2m_al.c **** 
 103:g:/iot/IoT_Device_Demo/iot_link/oc/oc_lwm2m/oc_lwm2m_al\oc_lwm2m_al.c **** int oc_lwm2m_config( oc_config_param_t *param)
 104:g:/iot/IoT_Device_Demo/iot_link/oc/oc_lwm2m/oc_lwm2m_al\oc_lwm2m_al.c **** {
 263              		.loc 1 104 1
 264              		.cfi_startproc
 265              		@ args = 0, pretend = 0, frame = 16
 266              		@ frame_needed = 1, uses_anonymous_args = 0
 267 0000 80B5     		push	{r7, lr}
 268              	.LCFI16:
 269              		.cfi_def_cfa_offset 8
 270              		.cfi_offset 7, -8
 271              		.cfi_offset 14, -4
 272 0002 84B0     		sub	sp, sp, #16
 273              	.LCFI17:
 274              		.cfi_def_cfa_offset 24
 275 0004 00AF     		add	r7, sp, #0
 276              	.LCFI18:
 277              		.cfi_def_cfa_register 7
 278 0006 7860     		str	r0, [r7, #4]
 105:g:/iot/IoT_Device_Demo/iot_link/oc/oc_lwm2m/oc_lwm2m_al\oc_lwm2m_al.c ****     int ret = (int)en_oc_lwm2m_err_system;
 279              		.loc 1 105 9
 280 0008 0923     		movs	r3, #9
 281 000a FB60     		str	r3, [r7, #12]
 106:g:/iot/IoT_Device_Demo/iot_link/oc/oc_lwm2m/oc_lwm2m_al\oc_lwm2m_al.c **** 
 107:g:/iot/IoT_Device_Demo/iot_link/oc/oc_lwm2m/oc_lwm2m_al\oc_lwm2m_al.c ****     if ((NULL != s_oc_lwm2m_ops.opt) && (NULL != s_oc_lwm2m_ops.opt->config))
 282              		.loc 1 107 32
 283 000c 0C4B     		ldr	r3, .L20
 284 000e 5B68     		ldr	r3, [r3, #4]
 285              		.loc 1 107 8
 286 0010 002B     		cmp	r3, #0
 287 0012 10D0     		beq	.L17
 288              		.loc 1 107 64 discriminator 1
 289 0014 0A4B     		ldr	r3, .L20
 290 0016 5B68     		ldr	r3, [r3, #4]
 291              		.loc 1 107 68 discriminator 1
 292 0018 1B68     		ldr	r3, [r3]
 293              		.loc 1 107 38 discriminator 1
 294 001a 002B     		cmp	r3, #0
 295 001c 0BD0     		beq	.L17
 108:g:/iot/IoT_Device_Demo/iot_link/oc/oc_lwm2m/oc_lwm2m_al\oc_lwm2m_al.c ****     {
 109:g:/iot/IoT_Device_Demo/iot_link/oc/oc_lwm2m/oc_lwm2m_al\oc_lwm2m_al.c ****         if(NULL != param)
 296              		.loc 1 109 11
 297 001e 7B68     		ldr	r3, [r7, #4]
 298 0020 002B     		cmp	r3, #0
ARM GAS  C:\Users\ADMINI~1\AppData\Local\Temp\ccBdXAAf.s 			page 8


 299 0022 06D0     		beq	.L18
 110:g:/iot/IoT_Device_Demo/iot_link/oc/oc_lwm2m/oc_lwm2m_al\oc_lwm2m_al.c ****         {
 111:g:/iot/IoT_Device_Demo/iot_link/oc/oc_lwm2m/oc_lwm2m_al\oc_lwm2m_al.c ****             ret = s_oc_lwm2m_ops.opt->config(param);
 300              		.loc 1 111 33
 301 0024 064B     		ldr	r3, .L20
 302 0026 5B68     		ldr	r3, [r3, #4]
 303              		.loc 1 111 37
 304 0028 1B68     		ldr	r3, [r3]
 305              		.loc 1 111 19
 306 002a 7868     		ldr	r0, [r7, #4]
 307 002c 9847     		blx	r3
 308              	.LVL1:
 309 002e F860     		str	r0, [r7, #12]
 310 0030 01E0     		b	.L17
 311              	.L18:
 112:g:/iot/IoT_Device_Demo/iot_link/oc/oc_lwm2m/oc_lwm2m_al\oc_lwm2m_al.c ****         }
 113:g:/iot/IoT_Device_Demo/iot_link/oc/oc_lwm2m/oc_lwm2m_al\oc_lwm2m_al.c ****         else
 114:g:/iot/IoT_Device_Demo/iot_link/oc/oc_lwm2m/oc_lwm2m_al\oc_lwm2m_al.c ****         {
 115:g:/iot/IoT_Device_Demo/iot_link/oc/oc_lwm2m/oc_lwm2m_al\oc_lwm2m_al.c ****             ret = (int)en_oc_lwm2m_err_parafmt;
 312              		.loc 1 115 17
 313 0032 0123     		movs	r3, #1
 314 0034 FB60     		str	r3, [r7, #12]
 315              	.L17:
 116:g:/iot/IoT_Device_Demo/iot_link/oc/oc_lwm2m/oc_lwm2m_al\oc_lwm2m_al.c ****         }
 117:g:/iot/IoT_Device_Demo/iot_link/oc/oc_lwm2m/oc_lwm2m_al\oc_lwm2m_al.c ****     }
 118:g:/iot/IoT_Device_Demo/iot_link/oc/oc_lwm2m/oc_lwm2m_al\oc_lwm2m_al.c **** 
 119:g:/iot/IoT_Device_Demo/iot_link/oc/oc_lwm2m/oc_lwm2m_al\oc_lwm2m_al.c ****     return ret;
 316              		.loc 1 119 12
 317 0036 FB68     		ldr	r3, [r7, #12]
 120:g:/iot/IoT_Device_Demo/iot_link/oc/oc_lwm2m/oc_lwm2m_al\oc_lwm2m_al.c **** }
 318              		.loc 1 120 1
 319 0038 1846     		mov	r0, r3
 320 003a 1037     		adds	r7, r7, #16
 321              	.LCFI19:
 322              		.cfi_def_cfa_offset 8
 323 003c BD46     		mov	sp, r7
 324              	.LCFI20:
 325              		.cfi_def_cfa_register 13
 326              		@ sp needed
 327 003e 80BD     		pop	{r7, pc}
 328              	.L21:
 329              		.align	2
 330              	.L20:
 331 0040 00000000 		.word	s_oc_lwm2m_ops
 332              		.cfi_endproc
 333              	.LFE6:
 335              		.section	.text.oc_lwm2m_deconfig,"ax",%progbits
 336              		.align	1
 337              		.global	oc_lwm2m_deconfig
 338              		.syntax unified
 339              		.thumb
 340              		.thumb_func
 341              		.fpu fpv4-sp-d16
 343              	oc_lwm2m_deconfig:
 344              	.LFB7:
 121:g:/iot/IoT_Device_Demo/iot_link/oc/oc_lwm2m/oc_lwm2m_al\oc_lwm2m_al.c **** 
 122:g:/iot/IoT_Device_Demo/iot_link/oc/oc_lwm2m/oc_lwm2m_al\oc_lwm2m_al.c **** 
ARM GAS  C:\Users\ADMINI~1\AppData\Local\Temp\ccBdXAAf.s 			page 9


 123:g:/iot/IoT_Device_Demo/iot_link/oc/oc_lwm2m/oc_lwm2m_al\oc_lwm2m_al.c **** int oc_lwm2m_deconfig(void)
 124:g:/iot/IoT_Device_Demo/iot_link/oc/oc_lwm2m/oc_lwm2m_al\oc_lwm2m_al.c **** {
 345              		.loc 1 124 1
 346              		.cfi_startproc
 347              		@ args = 0, pretend = 0, frame = 8
 348              		@ frame_needed = 1, uses_anonymous_args = 0
 349 0000 80B5     		push	{r7, lr}
 350              	.LCFI21:
 351              		.cfi_def_cfa_offset 8
 352              		.cfi_offset 7, -8
 353              		.cfi_offset 14, -4
 354 0002 82B0     		sub	sp, sp, #8
 355              	.LCFI22:
 356              		.cfi_def_cfa_offset 16
 357 0004 00AF     		add	r7, sp, #0
 358              	.LCFI23:
 359              		.cfi_def_cfa_register 7
 125:g:/iot/IoT_Device_Demo/iot_link/oc/oc_lwm2m/oc_lwm2m_al\oc_lwm2m_al.c ****     int ret = (int)en_oc_lwm2m_err_system;
 360              		.loc 1 125 9
 361 0006 0923     		movs	r3, #9
 362 0008 7B60     		str	r3, [r7, #4]
 126:g:/iot/IoT_Device_Demo/iot_link/oc/oc_lwm2m/oc_lwm2m_al\oc_lwm2m_al.c **** 
 127:g:/iot/IoT_Device_Demo/iot_link/oc/oc_lwm2m/oc_lwm2m_al\oc_lwm2m_al.c ****     if ((NULL != s_oc_lwm2m_ops.opt) && (NULL != s_oc_lwm2m_ops.opt->deconfig))
 363              		.loc 1 127 32
 364 000a 094B     		ldr	r3, .L25
 365 000c 5B68     		ldr	r3, [r3, #4]
 366              		.loc 1 127 8
 367 000e 002B     		cmp	r3, #0
 368 0010 09D0     		beq	.L23
 369              		.loc 1 127 64 discriminator 1
 370 0012 074B     		ldr	r3, .L25
 371 0014 5B68     		ldr	r3, [r3, #4]
 372              		.loc 1 127 68 discriminator 1
 373 0016 9B68     		ldr	r3, [r3, #8]
 374              		.loc 1 127 38 discriminator 1
 375 0018 002B     		cmp	r3, #0
 376 001a 04D0     		beq	.L23
 128:g:/iot/IoT_Device_Demo/iot_link/oc/oc_lwm2m/oc_lwm2m_al\oc_lwm2m_al.c ****     {
 129:g:/iot/IoT_Device_Demo/iot_link/oc/oc_lwm2m/oc_lwm2m_al\oc_lwm2m_al.c ****         ret = s_oc_lwm2m_ops.opt->deconfig();
 377              		.loc 1 129 29
 378 001c 044B     		ldr	r3, .L25
 379 001e 5B68     		ldr	r3, [r3, #4]
 380              		.loc 1 129 33
 381 0020 9B68     		ldr	r3, [r3, #8]
 382              		.loc 1 129 15
 383 0022 9847     		blx	r3
 384              	.LVL2:
 385 0024 7860     		str	r0, [r7, #4]
 386              	.L23:
 130:g:/iot/IoT_Device_Demo/iot_link/oc/oc_lwm2m/oc_lwm2m_al\oc_lwm2m_al.c ****     }
 131:g:/iot/IoT_Device_Demo/iot_link/oc/oc_lwm2m/oc_lwm2m_al\oc_lwm2m_al.c **** 
 132:g:/iot/IoT_Device_Demo/iot_link/oc/oc_lwm2m/oc_lwm2m_al\oc_lwm2m_al.c ****     return ret;
 387              		.loc 1 132 12
 388 0026 7B68     		ldr	r3, [r7, #4]
 133:g:/iot/IoT_Device_Demo/iot_link/oc/oc_lwm2m/oc_lwm2m_al\oc_lwm2m_al.c **** }
 389              		.loc 1 133 1
 390 0028 1846     		mov	r0, r3
ARM GAS  C:\Users\ADMINI~1\AppData\Local\Temp\ccBdXAAf.s 			page 10


 391 002a 0837     		adds	r7, r7, #8
 392              	.LCFI24:
 393              		.cfi_def_cfa_offset 8
 394 002c BD46     		mov	sp, r7
 395              	.LCFI25:
 396              		.cfi_def_cfa_register 13
 397              		@ sp needed
 398 002e 80BD     		pop	{r7, pc}
 399              	.L26:
 400              		.align	2
 401              	.L25:
 402 0030 00000000 		.word	s_oc_lwm2m_ops
 403              		.cfi_endproc
 404              	.LFE7:
 406              		.section	.rodata
 407              		.align	2
 408              	.LC0:
 409 0000 5B25735D 		.ascii	"[%s][%u][%s:%d] Please implement the oc lwm2m yours"
 409      5B25755D 
 409      5B25733A 
 409      25645D20 
 409      506C6561 
 410 0033 656C6620 		.ascii	"elf \012\015\015\012\000"
 410      0A0D0D0A 
 410      00
 411              		.section	.text.oc_lwm2m_imp_init,"ax",%progbits
 412              		.align	1
 413              		.weak	oc_lwm2m_imp_init
 414              		.syntax unified
 415              		.thumb
 416              		.thumb_func
 417              		.fpu fpv4-sp-d16
 419              	oc_lwm2m_imp_init:
 420              	.LFB8:
 134:g:/iot/IoT_Device_Demo/iot_link/oc/oc_lwm2m/oc_lwm2m_al\oc_lwm2m_al.c **** 
 135:g:/iot/IoT_Device_Demo/iot_link/oc/oc_lwm2m/oc_lwm2m_al\oc_lwm2m_al.c **** ///////////////////////OC LWM2M AGENT INITIALIZE////////////////////////////////
 136:g:/iot/IoT_Device_Demo/iot_link/oc/oc_lwm2m/oc_lwm2m_al\oc_lwm2m_al.c **** __attribute__ ((weak)) int oc_lwm2m_imp_init(void)
 137:g:/iot/IoT_Device_Demo/iot_link/oc/oc_lwm2m/oc_lwm2m_al\oc_lwm2m_al.c **** {
 421              		.loc 1 137 1
 422              		.cfi_startproc
 423              		@ args = 0, pretend = 0, frame = 0
 424              		@ frame_needed = 1, uses_anonymous_args = 0
 425 0000 90B5     		push	{r4, r7, lr}
 426              	.LCFI26:
 427              		.cfi_def_cfa_offset 12
 428              		.cfi_offset 4, -12
 429              		.cfi_offset 7, -8
 430              		.cfi_offset 14, -4
 431 0002 83B0     		sub	sp, sp, #12
 432              	.LCFI27:
 433              		.cfi_def_cfa_offset 24
 434 0004 02AF     		add	r7, sp, #8
 435              	.LCFI28:
 436              		.cfi_def_cfa 7, 16
 138:g:/iot/IoT_Device_Demo/iot_link/oc/oc_lwm2m/oc_lwm2m_al\oc_lwm2m_al.c ****     LINK_LOG_WARN("Please implement the oc lwm2m yourself \n\r");
 437              		.loc 1 138 5
 438 0006 0320     		movs	r0, #3
ARM GAS  C:\Users\ADMINI~1\AppData\Local\Temp\ccBdXAAf.s 			page 11


 439 0008 FFF7FEFF 		bl	link_log_level_name
 440 000c 0446     		mov	r4, r0
 441 000e FFF7FEFF 		bl	osal_sys_time
 442 0012 0246     		mov	r2, r0
 443 0014 0B46     		mov	r3, r1
 444 0016 8A23     		movs	r3, #138
 445 0018 0093     		str	r3, [sp]
 446 001a 054B     		ldr	r3, .L29
 447 001c 2146     		mov	r1, r4
 448 001e 0548     		ldr	r0, .L29+4
 449 0020 FFF7FEFF 		bl	printf
 139:g:/iot/IoT_Device_Demo/iot_link/oc/oc_lwm2m/oc_lwm2m_al\oc_lwm2m_al.c ****     return -1;
 450              		.loc 1 139 12
 451 0024 4FF0FF33 		mov	r3, #-1
 140:g:/iot/IoT_Device_Demo/iot_link/oc/oc_lwm2m/oc_lwm2m_al\oc_lwm2m_al.c **** }
 452              		.loc 1 140 1
 453 0028 1846     		mov	r0, r3
 454 002a 0437     		adds	r7, r7, #4
 455              	.LCFI29:
 456              		.cfi_def_cfa_offset 12
 457 002c BD46     		mov	sp, r7
 458              	.LCFI30:
 459              		.cfi_def_cfa_register 13
 460              		@ sp needed
 461 002e 90BD     		pop	{r4, r7, pc}
 462              	.L30:
 463              		.align	2
 464              	.L29:
 465 0030 00000000 		.word	__FUNCTION__.7441
 466 0034 00000000 		.word	.LC0
 467              		.cfi_endproc
 468              	.LFE8:
 470              		.section	.rodata
 471              		.align	2
 472              	.LC1:
 473 003c 5B25735D 		.ascii	"[%s][%u][%s:%d] Please implement the oc lwm2m demo "
 473      5B25755D 
 473      5B25733A 
 473      25645D20 
 473      506C6561 
 474 006f 796F7572 		.ascii	"yourself \012\015\015\012\000"
 474      73656C66 
 474      200A0D0D 
 474      0A00
 475              		.section	.text.oc_lwm2m_demo_main,"ax",%progbits
 476              		.align	1
 477              		.weak	oc_lwm2m_demo_main
 478              		.syntax unified
 479              		.thumb
 480              		.thumb_func
 481              		.fpu fpv4-sp-d16
 483              	oc_lwm2m_demo_main:
 484              	.LFB9:
 141:g:/iot/IoT_Device_Demo/iot_link/oc/oc_lwm2m/oc_lwm2m_al\oc_lwm2m_al.c **** 
 142:g:/iot/IoT_Device_Demo/iot_link/oc/oc_lwm2m/oc_lwm2m_al\oc_lwm2m_al.c **** __attribute__ ((weak)) int oc_lwm2m_demo_main(void)
 143:g:/iot/IoT_Device_Demo/iot_link/oc/oc_lwm2m/oc_lwm2m_al\oc_lwm2m_al.c **** {
 485              		.loc 1 143 1
ARM GAS  C:\Users\ADMINI~1\AppData\Local\Temp\ccBdXAAf.s 			page 12


 486              		.cfi_startproc
 487              		@ args = 0, pretend = 0, frame = 0
 488              		@ frame_needed = 1, uses_anonymous_args = 0
 489 0000 90B5     		push	{r4, r7, lr}
 490              	.LCFI31:
 491              		.cfi_def_cfa_offset 12
 492              		.cfi_offset 4, -12
 493              		.cfi_offset 7, -8
 494              		.cfi_offset 14, -4
 495 0002 83B0     		sub	sp, sp, #12
 496              	.LCFI32:
 497              		.cfi_def_cfa_offset 24
 498 0004 02AF     		add	r7, sp, #8
 499              	.LCFI33:
 500              		.cfi_def_cfa 7, 16
 144:g:/iot/IoT_Device_Demo/iot_link/oc/oc_lwm2m/oc_lwm2m_al\oc_lwm2m_al.c ****     LINK_LOG_WARN("Please implement the oc lwm2m demo yourself \n\r");
 501              		.loc 1 144 5
 502 0006 0320     		movs	r0, #3
 503 0008 FFF7FEFF 		bl	link_log_level_name
 504 000c 0446     		mov	r4, r0
 505 000e FFF7FEFF 		bl	osal_sys_time
 506 0012 0246     		mov	r2, r0
 507 0014 0B46     		mov	r3, r1
 508 0016 9023     		movs	r3, #144
 509 0018 0093     		str	r3, [sp]
 510 001a 054B     		ldr	r3, .L33
 511 001c 2146     		mov	r1, r4
 512 001e 0548     		ldr	r0, .L33+4
 513 0020 FFF7FEFF 		bl	printf
 145:g:/iot/IoT_Device_Demo/iot_link/oc/oc_lwm2m/oc_lwm2m_al\oc_lwm2m_al.c ****     return -1;
 514              		.loc 1 145 12
 515 0024 4FF0FF33 		mov	r3, #-1
 146:g:/iot/IoT_Device_Demo/iot_link/oc/oc_lwm2m/oc_lwm2m_al\oc_lwm2m_al.c **** }
 516              		.loc 1 146 1
 517 0028 1846     		mov	r0, r3
 518 002a 0437     		adds	r7, r7, #4
 519              	.LCFI34:
 520              		.cfi_def_cfa_offset 12
 521 002c BD46     		mov	sp, r7
 522              	.LCFI35:
 523              		.cfi_def_cfa_register 13
 524              		@ sp needed
 525 002e 90BD     		pop	{r4, r7, pc}
 526              	.L34:
 527              		.align	2
 528              	.L33:
 529 0030 00000000 		.word	__FUNCTION__.7445
 530 0034 3C000000 		.word	.LC1
 531              		.cfi_endproc
 532              	.LFE9:
 534              		.section	.rodata
 535 007d 000000   		.align	2
 536              	.LC2:
 537 0080 5B25735D 		.ascii	"[%s][%u][%s:%d] IOT_LINK:DO OC LWM2M LOAD-IMPLEMENT"
 537      5B25755D 
 537      5B25733A 
 537      25645D20 
ARM GAS  C:\Users\ADMINI~1\AppData\Local\Temp\ccBdXAAf.s 			page 13


 537      494F545F 
 538 00b3 20524554 		.ascii	" RET:%d\012\015\015\012\000"
 538      3A25640A 
 538      0D0D0A00 
 539              		.section	.text.oc_lwm2m_init,"ax",%progbits
 540              		.align	1
 541              		.global	oc_lwm2m_init
 542              		.syntax unified
 543              		.thumb
 544              		.thumb_func
 545              		.fpu fpv4-sp-d16
 547              	oc_lwm2m_init:
 548              	.LFB10:
 147:g:/iot/IoT_Device_Demo/iot_link/oc/oc_lwm2m/oc_lwm2m_al\oc_lwm2m_al.c **** 
 148:g:/iot/IoT_Device_Demo/iot_link/oc/oc_lwm2m/oc_lwm2m_al\oc_lwm2m_al.c **** int oc_lwm2m_init()
 149:g:/iot/IoT_Device_Demo/iot_link/oc/oc_lwm2m/oc_lwm2m_al\oc_lwm2m_al.c **** {
 549              		.loc 1 149 1
 550              		.cfi_startproc
 551              		@ args = 0, pretend = 0, frame = 8
 552              		@ frame_needed = 1, uses_anonymous_args = 0
 553 0000 90B5     		push	{r4, r7, lr}
 554              	.LCFI36:
 555              		.cfi_def_cfa_offset 12
 556              		.cfi_offset 4, -12
 557              		.cfi_offset 7, -8
 558              		.cfi_offset 14, -4
 559 0002 85B0     		sub	sp, sp, #20
 560              	.LCFI37:
 561              		.cfi_def_cfa_offset 32
 562 0004 02AF     		add	r7, sp, #8
 563              	.LCFI38:
 564              		.cfi_def_cfa 7, 24
 150:g:/iot/IoT_Device_Demo/iot_link/oc/oc_lwm2m/oc_lwm2m_al\oc_lwm2m_al.c ****     int ret;
 151:g:/iot/IoT_Device_Demo/iot_link/oc/oc_lwm2m/oc_lwm2m_al\oc_lwm2m_al.c **** 
 152:g:/iot/IoT_Device_Demo/iot_link/oc/oc_lwm2m/oc_lwm2m_al\oc_lwm2m_al.c ****     ret = oc_lwm2m_imp_init();
 565              		.loc 1 152 11
 566 0006 FFF7FEFF 		bl	oc_lwm2m_imp_init
 567 000a 7860     		str	r0, [r7, #4]
 153:g:/iot/IoT_Device_Demo/iot_link/oc/oc_lwm2m/oc_lwm2m_al\oc_lwm2m_al.c **** 
 154:g:/iot/IoT_Device_Demo/iot_link/oc/oc_lwm2m/oc_lwm2m_al\oc_lwm2m_al.c ****     LINK_LOG_DEBUG("IOT_LINK:DO OC LWM2M LOAD-IMPLEMENT RET:%d\n\r",ret);
 568              		.loc 1 154 5
 569 000c FFF7FEFF 		bl	link_log_level_get
 570 0010 0346     		mov	r3, r0
 571 0012 012B     		cmp	r3, #1
 572 0014 10D8     		bhi	.L36
 573              		.loc 1 154 5 is_stmt 0 discriminator 1
 574 0016 0120     		movs	r0, #1
 575 0018 FFF7FEFF 		bl	link_log_level_name
 576 001c 0446     		mov	r4, r0
 577 001e FFF7FEFF 		bl	osal_sys_time
 578 0022 0246     		mov	r2, r0
 579 0024 0B46     		mov	r3, r1
 580 0026 7B68     		ldr	r3, [r7, #4]
 581 0028 0193     		str	r3, [sp, #4]
 582 002a 9A23     		movs	r3, #154
 583 002c 0093     		str	r3, [sp]
 584 002e 054B     		ldr	r3, .L38
ARM GAS  C:\Users\ADMINI~1\AppData\Local\Temp\ccBdXAAf.s 			page 14


 585 0030 2146     		mov	r1, r4
 586 0032 0548     		ldr	r0, .L38+4
 587 0034 FFF7FEFF 		bl	printf
 588              	.L36:
 155:g:/iot/IoT_Device_Demo/iot_link/oc/oc_lwm2m/oc_lwm2m_al\oc_lwm2m_al.c **** 
 156:g:/iot/IoT_Device_Demo/iot_link/oc/oc_lwm2m/oc_lwm2m_al\oc_lwm2m_al.c **** #ifdef  CONFIG_OCLWM2M_DEMO_ENABLE
 157:g:/iot/IoT_Device_Demo/iot_link/oc/oc_lwm2m/oc_lwm2m_al\oc_lwm2m_al.c ****     (void) oc_lwm2m_demo_main();
 158:g:/iot/IoT_Device_Demo/iot_link/oc/oc_lwm2m/oc_lwm2m_al\oc_lwm2m_al.c **** #endif
 159:g:/iot/IoT_Device_Demo/iot_link/oc/oc_lwm2m/oc_lwm2m_al\oc_lwm2m_al.c **** 
 160:g:/iot/IoT_Device_Demo/iot_link/oc/oc_lwm2m/oc_lwm2m_al\oc_lwm2m_al.c ****     return 0;
 589              		.loc 1 160 12 is_stmt 1
 590 0038 0023     		movs	r3, #0
 161:g:/iot/IoT_Device_Demo/iot_link/oc/oc_lwm2m/oc_lwm2m_al\oc_lwm2m_al.c **** }
 591              		.loc 1 161 1
 592 003a 1846     		mov	r0, r3
 593 003c 0C37     		adds	r7, r7, #12
 594              	.LCFI39:
 595              		.cfi_def_cfa_offset 12
 596 003e BD46     		mov	sp, r7
 597              	.LCFI40:
 598              		.cfi_def_cfa_register 13
 599              		@ sp needed
 600 0040 90BD     		pop	{r4, r7, pc}
 601              	.L39:
 602 0042 00BF     		.align	2
 603              	.L38:
 604 0044 00000000 		.word	__FUNCTION__.7449
 605 0048 80000000 		.word	.LC2
 606              		.cfi_endproc
 607              	.LFE10:
 609              		.section	.rodata.__FUNCTION__.7441,"a"
 610              		.align	2
 613              	__FUNCTION__.7441:
 614 0000 6F635F6C 		.ascii	"oc_lwm2m_imp_init\000"
 614      776D326D 
 614      5F696D70 
 614      5F696E69 
 614      7400
 615              		.section	.rodata.__FUNCTION__.7445,"a"
 616              		.align	2
 619              	__FUNCTION__.7445:
 620 0000 6F635F6C 		.ascii	"oc_lwm2m_demo_main\000"
 620      776D326D 
 620      5F64656D 
 620      6F5F6D61 
 620      696E00
 621              		.section	.rodata.__FUNCTION__.7449,"a"
 622              		.align	2
 625              	__FUNCTION__.7449:
 626 0000 6F635F6C 		.ascii	"oc_lwm2m_init\000"
 626      776D326D 
 626      5F696E69 
 626      7400
 627              		.text
 628              	.Letext0:
 629              		.file 2 "g:\\iot\\.huawei-liteos-studio\\tools\\arm-none-eabi\\arm-none-eabi\\include\\sys\\lock.h
 630              		.file 3 "g:\\iot\\.huawei-liteos-studio\\tools\\arm-none-eabi\\arm-none-eabi\\include\\sys\\_types
ARM GAS  C:\Users\ADMINI~1\AppData\Local\Temp\ccBdXAAf.s 			page 15


 631              		.file 4 "g:\\iot\\.huawei-liteos-studio\\tools\\arm-none-eabi\\lib\\gcc\\arm-none-eabi\\9.2.1\\inc
 632              		.file 5 "g:\\iot\\.huawei-liteos-studio\\tools\\arm-none-eabi\\arm-none-eabi\\include\\sys\\reent.
 633              		.file 6 "g:\\iot\\.huawei-liteos-studio\\tools\\arm-none-eabi\\arm-none-eabi\\include\\stdlib.h"
 634              		.file 7 "g:/iot/IoT_Device_Demo/iot_link/oc/oc_lwm2m/oc_lwm2m_al/oc_lwm2m_al.h"
 635              		.file 8 "g:/iot/IoT_Device_Demo/iot_link/inc/link_log.h"
ARM GAS  C:\Users\ADMINI~1\AppData\Local\Temp\ccBdXAAf.s 			page 16


DEFINED SYMBOLS
                            *ABS*:00000000 oc_lwm2m_al.c
C:\Users\ADMINI~1\AppData\Local\Temp\ccBdXAAf.s:18     .bss.s_oc_lwm2m_ops:00000000 $d
C:\Users\ADMINI~1\AppData\Local\Temp\ccBdXAAf.s:21     .bss.s_oc_lwm2m_ops:00000000 s_oc_lwm2m_ops
C:\Users\ADMINI~1\AppData\Local\Temp\ccBdXAAf.s:24     .text.oc_lwm2m_register:00000000 $t
C:\Users\ADMINI~1\AppData\Local\Temp\ccBdXAAf.s:32     .text.oc_lwm2m_register:00000000 oc_lwm2m_register
C:\Users\ADMINI~1\AppData\Local\Temp\ccBdXAAf.s:92     .text.oc_lwm2m_register:00000038 $d
C:\Users\ADMINI~1\AppData\Local\Temp\ccBdXAAf.s:97     .text.oc_lwm2m_unregister:00000000 $t
C:\Users\ADMINI~1\AppData\Local\Temp\ccBdXAAf.s:104    .text.oc_lwm2m_unregister:00000000 oc_lwm2m_unregister
C:\Users\ADMINI~1\AppData\Local\Temp\ccBdXAAf.s:172    .text.oc_lwm2m_unregister:00000048 $d
C:\Users\ADMINI~1\AppData\Local\Temp\ccBdXAAf.s:177    .text.oc_lwm2m_report:00000000 $t
C:\Users\ADMINI~1\AppData\Local\Temp\ccBdXAAf.s:184    .text.oc_lwm2m_report:00000000 oc_lwm2m_report
C:\Users\ADMINI~1\AppData\Local\Temp\ccBdXAAf.s:249    .text.oc_lwm2m_report:0000003c $d
C:\Users\ADMINI~1\AppData\Local\Temp\ccBdXAAf.s:254    .text.oc_lwm2m_config:00000000 $t
C:\Users\ADMINI~1\AppData\Local\Temp\ccBdXAAf.s:261    .text.oc_lwm2m_config:00000000 oc_lwm2m_config
C:\Users\ADMINI~1\AppData\Local\Temp\ccBdXAAf.s:331    .text.oc_lwm2m_config:00000040 $d
C:\Users\ADMINI~1\AppData\Local\Temp\ccBdXAAf.s:336    .text.oc_lwm2m_deconfig:00000000 $t
C:\Users\ADMINI~1\AppData\Local\Temp\ccBdXAAf.s:343    .text.oc_lwm2m_deconfig:00000000 oc_lwm2m_deconfig
C:\Users\ADMINI~1\AppData\Local\Temp\ccBdXAAf.s:402    .text.oc_lwm2m_deconfig:00000030 $d
C:\Users\ADMINI~1\AppData\Local\Temp\ccBdXAAf.s:407    .rodata:00000000 $d
C:\Users\ADMINI~1\AppData\Local\Temp\ccBdXAAf.s:412    .text.oc_lwm2m_imp_init:00000000 $t
C:\Users\ADMINI~1\AppData\Local\Temp\ccBdXAAf.s:419    .text.oc_lwm2m_imp_init:00000000 oc_lwm2m_imp_init
C:\Users\ADMINI~1\AppData\Local\Temp\ccBdXAAf.s:465    .text.oc_lwm2m_imp_init:00000030 $d
C:\Users\ADMINI~1\AppData\Local\Temp\ccBdXAAf.s:613    .rodata.__FUNCTION__.7441:00000000 __FUNCTION__.7441
C:\Users\ADMINI~1\AppData\Local\Temp\ccBdXAAf.s:476    .text.oc_lwm2m_demo_main:00000000 $t
C:\Users\ADMINI~1\AppData\Local\Temp\ccBdXAAf.s:483    .text.oc_lwm2m_demo_main:00000000 oc_lwm2m_demo_main
C:\Users\ADMINI~1\AppData\Local\Temp\ccBdXAAf.s:529    .text.oc_lwm2m_demo_main:00000030 $d
C:\Users\ADMINI~1\AppData\Local\Temp\ccBdXAAf.s:619    .rodata.__FUNCTION__.7445:00000000 __FUNCTION__.7445
C:\Users\ADMINI~1\AppData\Local\Temp\ccBdXAAf.s:540    .text.oc_lwm2m_init:00000000 $t
C:\Users\ADMINI~1\AppData\Local\Temp\ccBdXAAf.s:547    .text.oc_lwm2m_init:00000000 oc_lwm2m_init
C:\Users\ADMINI~1\AppData\Local\Temp\ccBdXAAf.s:604    .text.oc_lwm2m_init:00000044 $d
C:\Users\ADMINI~1\AppData\Local\Temp\ccBdXAAf.s:625    .rodata.__FUNCTION__.7449:00000000 __FUNCTION__.7449
C:\Users\ADMINI~1\AppData\Local\Temp\ccBdXAAf.s:610    .rodata.__FUNCTION__.7441:00000000 $d
C:\Users\ADMINI~1\AppData\Local\Temp\ccBdXAAf.s:616    .rodata.__FUNCTION__.7445:00000000 $d
C:\Users\ADMINI~1\AppData\Local\Temp\ccBdXAAf.s:622    .rodata.__FUNCTION__.7449:00000000 $d

UNDEFINED SYMBOLS
strcmp
link_log_level_name
osal_sys_time
printf
link_log_level_get
