ARM GAS  C:\Users\ADMINI~1\AppData\Local\Temp\ccMTZJjG.s 			page 1


   1              		.cpu cortex-m4
   2              		.eabi_attribute 27, 1
   3              		.eabi_attribute 28, 1
   4              		.eabi_attribute 20, 1
   5              		.eabi_attribute 21, 1
   6              		.eabi_attribute 23, 3
   7              		.eabi_attribute 24, 1
   8              		.eabi_attribute 25, 1
   9              		.eabi_attribute 26, 1
  10              		.eabi_attribute 30, 6
  11              		.eabi_attribute 34, 1
  12              		.eabi_attribute 18, 4
  13              		.file	"los_memcheck.c"
  14              		.text
  15              	.Ltext0:
  16              		.cfi_sections	.debug_frame
  17              		.global	memexc_count
  18              		.section	.bss.memexc_count,"aw",%nobits
  19              		.align	2
  22              	memexc_count:
  23 0000 00000000 		.space	4
  24              		.text
  25              	.Letext0:
  26              		.file 1 "g:\\iot\\.huawei-liteos-studio\\tools\\arm-none-eabi\\arm-none-eabi\\include\\machine\\_d
  27              		.file 2 "g:\\iot\\.huawei-liteos-studio\\tools\\arm-none-eabi\\arm-none-eabi\\include\\sys\\lock.h
  28              		.file 3 "g:\\iot\\.huawei-liteos-studio\\tools\\arm-none-eabi\\arm-none-eabi\\include\\sys\\_types
  29              		.file 4 "g:\\iot\\.huawei-liteos-studio\\tools\\arm-none-eabi\\lib\\gcc\\arm-none-eabi\\9.2.1\\inc
  30              		.file 5 "g:\\iot\\.huawei-liteos-studio\\tools\\arm-none-eabi\\arm-none-eabi\\include\\sys\\reent.
  31              		.file 6 "g:/iot/IoT_Device_Demo/iot_link/os/liteos/include/los_typedef.h"
  32              		.file 7 "g:\\iot\\.huawei-liteos-studio\\tools\\arm-none-eabi\\arm-none-eabi\\include\\sys\\_stdin
  33              		.file 8 "g:/iot/IoT_Device_Demo/iot_link/os/liteos/arch/arm/common/cmsis/core_cm4.h"
  34              		.file 9 "g:/iot/IoT_Device_Demo/targets/STM32L431_BearPi/Inc/system_stm32l4xx.h"
  35              		.file 10 "g:/iot/IoT_Device_Demo/iot_link/os/liteos/arch/arm/arm-m/include/los_hwi.h"
  36              		.file 11 "g:/iot/IoT_Device_Demo/iot_link/os/liteos/include/los_config.h"
  37              		.file 12 "g:/iot/IoT_Device_Demo/iot_link/os/liteos/include/los_err.h"
  38              		.file 13 "g:/iot/IoT_Device_Demo/iot_link/os/liteos/include/los_memcheck.h"
  39              		.file 14 "g:/iot/IoT_Device_Demo/iot_link/os/liteos/include/los_memory.h"
  40              		.file 15 "g:/iot/IoT_Device_Demo/iot_link/os/liteos/base/mem/common/los_memcheck.c"
ARM GAS  C:\Users\ADMINI~1\AppData\Local\Temp\ccMTZJjG.s 			page 2


DEFINED SYMBOLS
                            *ABS*:00000000 los_memcheck.c
C:\Users\ADMINI~1\AppData\Local\Temp\ccMTZJjG.s:22     .bss.memexc_count:00000000 memexc_count
C:\Users\ADMINI~1\AppData\Local\Temp\ccMTZJjG.s:19     .bss.memexc_count:00000000 $d

NO UNDEFINED SYMBOLS
