ARM GAS  C:\Users\ADMINI~1\AppData\Local\Temp\ccMd2WCk.s 			page 1


   1              		.cpu cortex-m4
   2              		.eabi_attribute 27, 1
   3              		.eabi_attribute 28, 1
   4              		.eabi_attribute 20, 1
   5              		.eabi_attribute 21, 1
   6              		.eabi_attribute 23, 3
   7              		.eabi_attribute 24, 1
   8              		.eabi_attribute 25, 1
   9              		.eabi_attribute 26, 1
  10              		.eabi_attribute 30, 6
  11              		.eabi_attribute 34, 1
  12              		.eabi_attribute 18, 4
  13              		.file	"los_tickless.c"
  14              		.text
  15              	.Ltext0:
  16              		.cfi_sections	.debug_frame
  17              	.Letext0:
  18              		.file 1 "g:\\iot\\.huawei-liteos-studio\\tools\\arm-none-eabi\\arm-none-eabi\\include\\machine\\_d
  19              		.file 2 "g:\\iot\\.huawei-liteos-studio\\tools\\arm-none-eabi\\arm-none-eabi\\include\\sys\\lock.h
  20              		.file 3 "g:\\iot\\.huawei-liteos-studio\\tools\\arm-none-eabi\\arm-none-eabi\\include\\sys\\_types
  21              		.file 4 "g:\\iot\\.huawei-liteos-studio\\tools\\arm-none-eabi\\lib\\gcc\\arm-none-eabi\\9.2.1\\inc
  22              		.file 5 "g:\\iot\\.huawei-liteos-studio\\tools\\arm-none-eabi\\arm-none-eabi\\include\\sys\\reent.
  23              		.file 6 "g:/iot/IoT_Device_Demo/iot_link/os/liteos/include/los_typedef.h"
  24              		.file 7 "g:\\iot\\.huawei-liteos-studio\\tools\\arm-none-eabi\\arm-none-eabi\\include\\sys\\_stdin
  25              		.file 8 "g:/iot/IoT_Device_Demo/iot_link/os/liteos/arch/arm/common/cmsis/core_cm4.h"
  26              		.file 9 "g:/iot/IoT_Device_Demo/targets/STM32L431_BearPi/Inc/system_stm32l4xx.h"
  27              		.file 10 "g:/iot/IoT_Device_Demo/iot_link/os/liteos/include/los_list.h"
  28              		.file 11 "g:/iot/IoT_Device_Demo/iot_link/os/liteos/include/los_event.h"
  29              		.file 12 "g:/iot/IoT_Device_Demo/iot_link/os/liteos/include/los_config.h"
  30              		.file 13 "g:/iot/IoT_Device_Demo/iot_link/os/liteos/include/los_err.h"
  31              		.file 14 "g:/iot/IoT_Device_Demo/iot_link/os/liteos/arch/arm/arm-m/include/los_hwi.h"
  32              		.file 15 "g:/iot/IoT_Device_Demo/iot_link/os/liteos/include/los_tick.h"
  33              		.file 16 "g:/iot/IoT_Device_Demo/iot_link/os/liteos/base/include/los_tick.ph"
  34              		.file 17 "g:/iot/IoT_Device_Demo/iot_link/os/liteos/extended/include/los_tickless.ph"
  35              		.file 18 "g:/iot/IoT_Device_Demo/iot_link/os/liteos/include/los_task.h"
  36              		.file 19 "g:/iot/IoT_Device_Demo/iot_link/os/liteos/base/include/los_task.ph"
ARM GAS  C:\Users\ADMINI~1\AppData\Local\Temp\ccMd2WCk.s 			page 2


DEFINED SYMBOLS
                            *ABS*:00000000 los_tickless.c

NO UNDEFINED SYMBOLS
