ARM GAS  C:\Users\ADMINI~1\AppData\Local\Temp\ccuvTZRJ.s 			page 1


   1              		.cpu cortex-m4
   2              		.eabi_attribute 27, 1
   3              		.eabi_attribute 28, 1
   4              		.eabi_attribute 20, 1
   5              		.eabi_attribute 21, 1
   6              		.eabi_attribute 23, 3
   7              		.eabi_attribute 24, 1
   8              		.eabi_attribute 25, 1
   9              		.eabi_attribute 26, 1
  10              		.eabi_attribute 30, 6
  11              		.eabi_attribute 34, 1
  12              		.eabi_attribute 18, 4
  13              		.file	"json.c"
  14              		.text
  15              	.Ltext0:
  16              		.cfi_sections	.debug_frame
  17              	.Letext0:
  18              		.file 1 "g:\\iot\\.huawei-liteos-studio\\tools\\arm-none-eabi\\arm-none-eabi\\include\\sys\\lock.h
  19              		.file 2 "g:\\iot\\.huawei-liteos-studio\\tools\\arm-none-eabi\\arm-none-eabi\\include\\sys\\_types
  20              		.file 3 "g:\\iot\\.huawei-liteos-studio\\tools\\arm-none-eabi\\lib\\gcc\\arm-none-eabi\\9.2.1\\inc
  21              		.file 4 "g:\\iot\\.huawei-liteos-studio\\tools\\arm-none-eabi\\arm-none-eabi\\include\\sys\\reent.
  22              		.file 5 "g:\\iot\\.huawei-liteos-studio\\tools\\arm-none-eabi\\arm-none-eabi\\include\\time.h"
  23              		.file 6 "g:/iot/IoT_Device_Demo/iot_link/network/lwm2m/wakaama_lwm2m/wakaama-master/core/er-coap-1
  24              		.file 7 "g:\\iot\\.huawei-liteos-studio\\tools\\arm-none-eabi\\arm-none-eabi\\include\\stdlib.h"
  25              		.file 8 "g:\\iot\\.huawei-liteos-studio\\tools\\arm-none-eabi\\arm-none-eabi\\include\\ctype.h"
ARM GAS  C:\Users\ADMINI~1\AppData\Local\Temp\ccuvTZRJ.s 			page 2


DEFINED SYMBOLS
                            *ABS*:00000000 json.c

NO UNDEFINED SYMBOLS
