ARM GAS  C:\Users\ADMINI~1\AppData\Local\Temp\cceIRHdt.s 			page 1


   1              		.cpu cortex-m4
   2              		.eabi_attribute 27, 1
   3              		.eabi_attribute 28, 1
   4              		.eabi_attribute 20, 1
   5              		.eabi_attribute 21, 1
   6              		.eabi_attribute 23, 3
   7              		.eabi_attribute 24, 1
   8              		.eabi_attribute 25, 1
   9              		.eabi_attribute 26, 1
  10              		.eabi_attribute 30, 6
  11              		.eabi_attribute 34, 1
  12              		.eabi_attribute 18, 4
  13              		.file	"lwm2m_uri.c"
  14              		.text
  15              	.Ltext0:
  16              		.cfi_sections	.debug_frame
  17              		.section	.text.lwm2m_uri_inst,"ax",%progbits
  18              		.align	1
  19              		.global	lwm2m_uri_inst
  20              		.arch armv7e-m
  21              		.syntax unified
  22              		.thumb
  23              		.thumb_func
  24              		.fpu fpv4-sp-d16
  26              	lwm2m_uri_inst:
  27              	.LFB3:
  28              		.file 1 "g:/iot/IoT_Device_Demo/iot_link/network/lwm2m/wakaama_lwm2m/port/lwm2m_uri.c"
   1:g:/iot/IoT_Device_Demo/iot_link/network/lwm2m/wakaama_lwm2m/port\lwm2m_uri.c **** /**
   2:g:/iot/IoT_Device_Demo/iot_link/network/lwm2m/wakaama_lwm2m/port\lwm2m_uri.c ****  * Copyright (c) [2019] maminjie <canpool@163.com>
   3:g:/iot/IoT_Device_Demo/iot_link/network/lwm2m/wakaama_lwm2m/port\lwm2m_uri.c ****  *
   4:g:/iot/IoT_Device_Demo/iot_link/network/lwm2m/wakaama_lwm2m/port\lwm2m_uri.c ****  * vlink is licensed under the Mulan PSL v1.
   5:g:/iot/IoT_Device_Demo/iot_link/network/lwm2m/wakaama_lwm2m/port\lwm2m_uri.c ****  * You can use this software according to the terms and conditions of the Mulan PSL v1.
   6:g:/iot/IoT_Device_Demo/iot_link/network/lwm2m/wakaama_lwm2m/port\lwm2m_uri.c ****  * You may obtain a copy of Mulan PSL v1 at:
   7:g:/iot/IoT_Device_Demo/iot_link/network/lwm2m/wakaama_lwm2m/port\lwm2m_uri.c ****  *
   8:g:/iot/IoT_Device_Demo/iot_link/network/lwm2m/wakaama_lwm2m/port\lwm2m_uri.c ****  *    http://license.coscl.org.cn/MulanPSL
   9:g:/iot/IoT_Device_Demo/iot_link/network/lwm2m/wakaama_lwm2m/port\lwm2m_uri.c ****  *
  10:g:/iot/IoT_Device_Demo/iot_link/network/lwm2m/wakaama_lwm2m/port\lwm2m_uri.c ****  * THIS SOFTWARE IS PROVIDED ON AN "AS IS" BASIS, WITHOUT WARRANTIES OF ANY KIND, EITHER
  11:g:/iot/IoT_Device_Demo/iot_link/network/lwm2m/wakaama_lwm2m/port\lwm2m_uri.c ****  * EXPRESS OR IMPLIED, INCLUDING BUT NOT LIMITED TO NON-INFRINGEMENT, MERCHANTABILITY OR
  12:g:/iot/IoT_Device_Demo/iot_link/network/lwm2m/wakaama_lwm2m/port\lwm2m_uri.c ****  * FIT FOR A PARTICULAR PURPOSE.
  13:g:/iot/IoT_Device_Demo/iot_link/network/lwm2m/wakaama_lwm2m/port\lwm2m_uri.c ****  * See the Mulan PSL v1 for more details.
  14:g:/iot/IoT_Device_Demo/iot_link/network/lwm2m/wakaama_lwm2m/port\lwm2m_uri.c ****  */
  15:g:/iot/IoT_Device_Demo/iot_link/network/lwm2m/wakaama_lwm2m/port\lwm2m_uri.c **** 
  16:g:/iot/IoT_Device_Demo/iot_link/network/lwm2m/wakaama_lwm2m/port\lwm2m_uri.c **** #include "lwm2m_uri.h"
  17:g:/iot/IoT_Device_Demo/iot_link/network/lwm2m/wakaama_lwm2m/port\lwm2m_uri.c **** 
  18:g:/iot/IoT_Device_Demo/iot_link/network/lwm2m/wakaama_lwm2m/port\lwm2m_uri.c **** void lwm2m_uri_inst(lwm2m_uri_t *uri, uint16_t obj_id, uint16_t inst_id)
  19:g:/iot/IoT_Device_Demo/iot_link/network/lwm2m/wakaama_lwm2m/port\lwm2m_uri.c **** {
  29              		.loc 1 19 1
  30              		.cfi_startproc
  31              		@ args = 0, pretend = 0, frame = 8
  32              		@ frame_needed = 1, uses_anonymous_args = 0
  33              		@ link register save eliminated.
  34 0000 80B4     		push	{r7}
  35              	.LCFI0:
  36              		.cfi_def_cfa_offset 4
  37              		.cfi_offset 7, -4
  38 0002 83B0     		sub	sp, sp, #12
  39              	.LCFI1:
ARM GAS  C:\Users\ADMINI~1\AppData\Local\Temp\cceIRHdt.s 			page 2


  40              		.cfi_def_cfa_offset 16
  41 0004 00AF     		add	r7, sp, #0
  42              	.LCFI2:
  43              		.cfi_def_cfa_register 7
  44 0006 7860     		str	r0, [r7, #4]
  45 0008 0B46     		mov	r3, r1
  46 000a 7B80     		strh	r3, [r7, #2]	@ movhi
  47 000c 1346     		mov	r3, r2	@ movhi
  48 000e 3B80     		strh	r3, [r7]	@ movhi
  20:g:/iot/IoT_Device_Demo/iot_link/network/lwm2m/wakaama_lwm2m/port\lwm2m_uri.c ****     if (NULL == uri)
  49              		.loc 1 20 8
  50 0010 7B68     		ldr	r3, [r7, #4]
  51 0012 002B     		cmp	r3, #0
  52 0014 09D0     		beq	.L4
  21:g:/iot/IoT_Device_Demo/iot_link/network/lwm2m/wakaama_lwm2m/port\lwm2m_uri.c ****     {
  22:g:/iot/IoT_Device_Demo/iot_link/network/lwm2m/wakaama_lwm2m/port\lwm2m_uri.c ****         return;
  23:g:/iot/IoT_Device_Demo/iot_link/network/lwm2m/wakaama_lwm2m/port\lwm2m_uri.c ****     }
  24:g:/iot/IoT_Device_Demo/iot_link/network/lwm2m/wakaama_lwm2m/port\lwm2m_uri.c **** 
  25:g:/iot/IoT_Device_Demo/iot_link/network/lwm2m/wakaama_lwm2m/port\lwm2m_uri.c ****     uri->objectId = obj_id;
  53              		.loc 1 25 19
  54 0016 7B68     		ldr	r3, [r7, #4]
  55 0018 7A88     		ldrh	r2, [r7, #2]	@ movhi
  56 001a 5A80     		strh	r2, [r3, #2]	@ movhi
  26:g:/iot/IoT_Device_Demo/iot_link/network/lwm2m/wakaama_lwm2m/port\lwm2m_uri.c ****     uri->instanceId = inst_id;
  57              		.loc 1 26 21
  58 001c 7B68     		ldr	r3, [r7, #4]
  59 001e 3A88     		ldrh	r2, [r7]	@ movhi
  60 0020 9A80     		strh	r2, [r3, #4]	@ movhi
  27:g:/iot/IoT_Device_Demo/iot_link/network/lwm2m/wakaama_lwm2m/port\lwm2m_uri.c ****     uri->resourceId = 0;
  61              		.loc 1 27 21
  62 0022 7B68     		ldr	r3, [r7, #4]
  63 0024 0022     		movs	r2, #0
  64 0026 DA80     		strh	r2, [r3, #6]	@ movhi
  65 0028 00E0     		b	.L1
  66              	.L4:
  22:g:/iot/IoT_Device_Demo/iot_link/network/lwm2m/wakaama_lwm2m/port\lwm2m_uri.c ****     }
  67              		.loc 1 22 9
  68 002a 00BF     		nop
  69              	.L1:
  28:g:/iot/IoT_Device_Demo/iot_link/network/lwm2m/wakaama_lwm2m/port\lwm2m_uri.c **** }
  70              		.loc 1 28 1
  71 002c 0C37     		adds	r7, r7, #12
  72              	.LCFI3:
  73              		.cfi_def_cfa_offset 4
  74 002e BD46     		mov	sp, r7
  75              	.LCFI4:
  76              		.cfi_def_cfa_register 13
  77              		@ sp needed
  78 0030 5DF8047B 		ldr	r7, [sp], #4
  79              	.LCFI5:
  80              		.cfi_restore 7
  81              		.cfi_def_cfa_offset 0
  82 0034 7047     		bx	lr
  83              		.cfi_endproc
  84              	.LFE3:
  86              		.section	.text.lwm2m_uri_res,"ax",%progbits
  87              		.align	1
ARM GAS  C:\Users\ADMINI~1\AppData\Local\Temp\cceIRHdt.s 			page 3


  88              		.global	lwm2m_uri_res
  89              		.syntax unified
  90              		.thumb
  91              		.thumb_func
  92              		.fpu fpv4-sp-d16
  94              	lwm2m_uri_res:
  95              	.LFB4:
  29:g:/iot/IoT_Device_Demo/iot_link/network/lwm2m/wakaama_lwm2m/port\lwm2m_uri.c **** 
  30:g:/iot/IoT_Device_Demo/iot_link/network/lwm2m/wakaama_lwm2m/port\lwm2m_uri.c **** void lwm2m_uri_res(lwm2m_uri_t *uri, uint16_t obj_id, uint16_t inst_id, uint16_t res_id)
  31:g:/iot/IoT_Device_Demo/iot_link/network/lwm2m/wakaama_lwm2m/port\lwm2m_uri.c **** {
  96              		.loc 1 31 1
  97              		.cfi_startproc
  98              		@ args = 0, pretend = 0, frame = 16
  99              		@ frame_needed = 1, uses_anonymous_args = 0
 100              		@ link register save eliminated.
 101 0000 80B4     		push	{r7}
 102              	.LCFI6:
 103              		.cfi_def_cfa_offset 4
 104              		.cfi_offset 7, -4
 105 0002 85B0     		sub	sp, sp, #20
 106              	.LCFI7:
 107              		.cfi_def_cfa_offset 24
 108 0004 00AF     		add	r7, sp, #0
 109              	.LCFI8:
 110              		.cfi_def_cfa_register 7
 111 0006 F860     		str	r0, [r7, #12]
 112 0008 0846     		mov	r0, r1
 113 000a 1146     		mov	r1, r2
 114 000c 1A46     		mov	r2, r3
 115 000e 0346     		mov	r3, r0	@ movhi
 116 0010 7B81     		strh	r3, [r7, #10]	@ movhi
 117 0012 0B46     		mov	r3, r1	@ movhi
 118 0014 3B81     		strh	r3, [r7, #8]	@ movhi
 119 0016 1346     		mov	r3, r2	@ movhi
 120 0018 FB80     		strh	r3, [r7, #6]	@ movhi
  32:g:/iot/IoT_Device_Demo/iot_link/network/lwm2m/wakaama_lwm2m/port\lwm2m_uri.c ****     if (NULL == uri)
 121              		.loc 1 32 8
 122 001a FB68     		ldr	r3, [r7, #12]
 123 001c 002B     		cmp	r3, #0
 124 001e 09D0     		beq	.L8
  33:g:/iot/IoT_Device_Demo/iot_link/network/lwm2m/wakaama_lwm2m/port\lwm2m_uri.c ****     {
  34:g:/iot/IoT_Device_Demo/iot_link/network/lwm2m/wakaama_lwm2m/port\lwm2m_uri.c ****         return;
  35:g:/iot/IoT_Device_Demo/iot_link/network/lwm2m/wakaama_lwm2m/port\lwm2m_uri.c ****     }
  36:g:/iot/IoT_Device_Demo/iot_link/network/lwm2m/wakaama_lwm2m/port\lwm2m_uri.c **** 
  37:g:/iot/IoT_Device_Demo/iot_link/network/lwm2m/wakaama_lwm2m/port\lwm2m_uri.c ****     uri->objectId = obj_id;
 125              		.loc 1 37 19
 126 0020 FB68     		ldr	r3, [r7, #12]
 127 0022 7A89     		ldrh	r2, [r7, #10]	@ movhi
 128 0024 5A80     		strh	r2, [r3, #2]	@ movhi
  38:g:/iot/IoT_Device_Demo/iot_link/network/lwm2m/wakaama_lwm2m/port\lwm2m_uri.c ****     uri->instanceId = inst_id;
 129              		.loc 1 38 21
 130 0026 FB68     		ldr	r3, [r7, #12]
 131 0028 3A89     		ldrh	r2, [r7, #8]	@ movhi
 132 002a 9A80     		strh	r2, [r3, #4]	@ movhi
  39:g:/iot/IoT_Device_Demo/iot_link/network/lwm2m/wakaama_lwm2m/port\lwm2m_uri.c ****     uri->resourceId = res_id;
 133              		.loc 1 39 21
 134 002c FB68     		ldr	r3, [r7, #12]
ARM GAS  C:\Users\ADMINI~1\AppData\Local\Temp\cceIRHdt.s 			page 4


 135 002e FA88     		ldrh	r2, [r7, #6]	@ movhi
 136 0030 DA80     		strh	r2, [r3, #6]	@ movhi
 137 0032 00E0     		b	.L5
 138              	.L8:
  34:g:/iot/IoT_Device_Demo/iot_link/network/lwm2m/wakaama_lwm2m/port\lwm2m_uri.c ****     }
 139              		.loc 1 34 9
 140 0034 00BF     		nop
 141              	.L5:
  40:g:/iot/IoT_Device_Demo/iot_link/network/lwm2m/wakaama_lwm2m/port\lwm2m_uri.c **** }
 142              		.loc 1 40 1
 143 0036 1437     		adds	r7, r7, #20
 144              	.LCFI9:
 145              		.cfi_def_cfa_offset 4
 146 0038 BD46     		mov	sp, r7
 147              	.LCFI10:
 148              		.cfi_def_cfa_register 13
 149              		@ sp needed
 150 003a 5DF8047B 		ldr	r7, [sp], #4
 151              	.LCFI11:
 152              		.cfi_restore 7
 153              		.cfi_def_cfa_offset 0
 154 003e 7047     		bx	lr
 155              		.cfi_endproc
 156              	.LFE4:
 158              		.section	.text.lwm2m_uri_equal,"ax",%progbits
 159              		.align	1
 160              		.global	lwm2m_uri_equal
 161              		.syntax unified
 162              		.thumb
 163              		.thumb_func
 164              		.fpu fpv4-sp-d16
 166              	lwm2m_uri_equal:
 167              	.LFB5:
  41:g:/iot/IoT_Device_Demo/iot_link/network/lwm2m/wakaama_lwm2m/port\lwm2m_uri.c **** 
  42:g:/iot/IoT_Device_Demo/iot_link/network/lwm2m/wakaama_lwm2m/port\lwm2m_uri.c **** int lwm2m_uri_equal(const lwm2m_uri_t *uri0, const lwm2m_uri_t *uri1)
  43:g:/iot/IoT_Device_Demo/iot_link/network/lwm2m/wakaama_lwm2m/port\lwm2m_uri.c **** {
 168              		.loc 1 43 1
 169              		.cfi_startproc
 170              		@ args = 0, pretend = 0, frame = 8
 171              		@ frame_needed = 1, uses_anonymous_args = 0
 172              		@ link register save eliminated.
 173 0000 80B4     		push	{r7}
 174              	.LCFI12:
 175              		.cfi_def_cfa_offset 4
 176              		.cfi_offset 7, -4
 177 0002 83B0     		sub	sp, sp, #12
 178              	.LCFI13:
 179              		.cfi_def_cfa_offset 16
 180 0004 00AF     		add	r7, sp, #0
 181              	.LCFI14:
 182              		.cfi_def_cfa_register 7
 183 0006 7860     		str	r0, [r7, #4]
 184 0008 3960     		str	r1, [r7]
  44:g:/iot/IoT_Device_Demo/iot_link/network/lwm2m/wakaama_lwm2m/port\lwm2m_uri.c ****     if (LWM2M_URI_IS_SET_RESOURCE(uri0) && LWM2M_URI_IS_SET_RESOURCE(uri1))
 185              		.loc 1 44 9
 186 000a 7B68     		ldr	r3, [r7, #4]
 187 000c 1B78     		ldrb	r3, [r3]	@ zero_extendqisi2
ARM GAS  C:\Users\ADMINI~1\AppData\Local\Temp\cceIRHdt.s 			page 5


 188 000e 03F00103 		and	r3, r3, #1
 189              		.loc 1 44 8
 190 0012 002B     		cmp	r3, #0
 191 0014 1BD0     		beq	.L10
 192              		.loc 1 44 44 discriminator 1
 193 0016 3B68     		ldr	r3, [r7]
 194 0018 1B78     		ldrb	r3, [r3]	@ zero_extendqisi2
 195 001a 03F00103 		and	r3, r3, #1
 196              		.loc 1 44 41 discriminator 1
 197 001e 002B     		cmp	r3, #0
 198 0020 15D0     		beq	.L10
  45:g:/iot/IoT_Device_Demo/iot_link/network/lwm2m/wakaama_lwm2m/port\lwm2m_uri.c ****     {
  46:g:/iot/IoT_Device_Demo/iot_link/network/lwm2m/wakaama_lwm2m/port\lwm2m_uri.c ****         return (uri0->objectId == uri1->objectId) && (uri0->instanceId == uri1->instanceId)
 199              		.loc 1 46 21
 200 0022 7B68     		ldr	r3, [r7, #4]
 201 0024 5A88     		ldrh	r2, [r3, #2]
 202              		.loc 1 46 39
 203 0026 3B68     		ldr	r3, [r7]
 204 0028 5B88     		ldrh	r3, [r3, #2]
  47:g:/iot/IoT_Device_Demo/iot_link/network/lwm2m/wakaama_lwm2m/port\lwm2m_uri.c ****                && (uri0->resourceId == uri1->resourceId);
 205              		.loc 1 47 16
 206 002a 9A42     		cmp	r2, r3
 207 002c 0DD1     		bne	.L11
  46:g:/iot/IoT_Device_Demo/iot_link/network/lwm2m/wakaama_lwm2m/port\lwm2m_uri.c ****                && (uri0->resourceId == uri1->resourceId);
 208              		.loc 1 46 59
 209 002e 7B68     		ldr	r3, [r7, #4]
 210 0030 9A88     		ldrh	r2, [r3, #4]
  46:g:/iot/IoT_Device_Demo/iot_link/network/lwm2m/wakaama_lwm2m/port\lwm2m_uri.c ****                && (uri0->resourceId == uri1->resourceId);
 211              		.loc 1 46 79
 212 0032 3B68     		ldr	r3, [r7]
 213 0034 9B88     		ldrh	r3, [r3, #4]
  46:g:/iot/IoT_Device_Demo/iot_link/network/lwm2m/wakaama_lwm2m/port\lwm2m_uri.c ****                && (uri0->resourceId == uri1->resourceId);
 214              		.loc 1 46 51
 215 0036 9A42     		cmp	r2, r3
 216 0038 07D1     		bne	.L11
 217              		.loc 1 47 24 discriminator 3
 218 003a 7B68     		ldr	r3, [r7, #4]
 219 003c DA88     		ldrh	r2, [r3, #6]
 220              		.loc 1 47 44 discriminator 3
 221 003e 3B68     		ldr	r3, [r7]
 222 0040 DB88     		ldrh	r3, [r3, #6]
 223              		.loc 1 47 16 discriminator 3
 224 0042 9A42     		cmp	r2, r3
 225 0044 01D1     		bne	.L11
 226              		.loc 1 47 16 is_stmt 0 discriminator 2
 227 0046 0123     		movs	r3, #1
 228 0048 10E0     		b	.L13
 229              	.L11:
 230              		.loc 1 47 16 discriminator 1
 231 004a 0023     		movs	r3, #0
 232 004c 0EE0     		b	.L13
 233              	.L10:
  48:g:/iot/IoT_Device_Demo/iot_link/network/lwm2m/wakaama_lwm2m/port\lwm2m_uri.c ****     }
  49:g:/iot/IoT_Device_Demo/iot_link/network/lwm2m/wakaama_lwm2m/port\lwm2m_uri.c **** 
  50:g:/iot/IoT_Device_Demo/iot_link/network/lwm2m/wakaama_lwm2m/port\lwm2m_uri.c ****     return (uri0->objectId == uri1->objectId) && (uri0->instanceId == uri1->instanceId);
 234              		.loc 1 50 17 is_stmt 1
 235 004e 7B68     		ldr	r3, [r7, #4]
ARM GAS  C:\Users\ADMINI~1\AppData\Local\Temp\cceIRHdt.s 			page 6


 236 0050 5A88     		ldrh	r2, [r3, #2]
 237              		.loc 1 50 35
 238 0052 3B68     		ldr	r3, [r7]
 239 0054 5B88     		ldrh	r3, [r3, #2]
 240              		.loc 1 50 47
 241 0056 9A42     		cmp	r2, r3
 242 0058 07D1     		bne	.L14
 243              		.loc 1 50 55 discriminator 1
 244 005a 7B68     		ldr	r3, [r7, #4]
 245 005c 9A88     		ldrh	r2, [r3, #4]
 246              		.loc 1 50 75 discriminator 1
 247 005e 3B68     		ldr	r3, [r7]
 248 0060 9B88     		ldrh	r3, [r3, #4]
 249              		.loc 1 50 47 discriminator 1
 250 0062 9A42     		cmp	r2, r3
 251 0064 01D1     		bne	.L14
 252              		.loc 1 50 47 is_stmt 0 discriminator 3
 253 0066 0123     		movs	r3, #1
 254 0068 00E0     		b	.L13
 255              	.L14:
 256              		.loc 1 50 47 discriminator 4
 257 006a 0023     		movs	r3, #0
 258              	.L13:
  51:g:/iot/IoT_Device_Demo/iot_link/network/lwm2m/wakaama_lwm2m/port\lwm2m_uri.c **** }...
 259              		.loc 1 51 1 is_stmt 1
 260 006c 1846     		mov	r0, r3
 261 006e 0C37     		adds	r7, r7, #12
 262              	.LCFI15:
 263              		.cfi_def_cfa_offset 4
 264 0070 BD46     		mov	sp, r7
 265              	.LCFI16:
 266              		.cfi_def_cfa_register 13
 267              		@ sp needed
 268 0072 5DF8047B 		ldr	r7, [sp], #4
 269              	.LCFI17:
 270              		.cfi_restore 7
 271              		.cfi_def_cfa_offset 0
 272 0076 7047     		bx	lr
 273              		.cfi_endproc
 274              	.LFE5:
 276              		.text
 277              	.Letext0:
 278              		.file 2 "g:\\iot\\.huawei-liteos-studio\\tools\\arm-none-eabi\\arm-none-eabi\\include\\machine\\_d
 279              		.file 3 "g:\\iot\\.huawei-liteos-studio\\tools\\arm-none-eabi\\arm-none-eabi\\include\\sys\\_stdin
 280              		.file 4 "g:\\iot\\.huawei-liteos-studio\\tools\\arm-none-eabi\\arm-none-eabi\\include\\sys\\lock.h
 281              		.file 5 "g:\\iot\\.huawei-liteos-studio\\tools\\arm-none-eabi\\arm-none-eabi\\include\\sys\\_types
 282              		.file 6 "g:\\iot\\.huawei-liteos-studio\\tools\\arm-none-eabi\\lib\\gcc\\arm-none-eabi\\9.2.1\\inc
 283              		.file 7 "g:\\iot\\.huawei-liteos-studio\\tools\\arm-none-eabi\\arm-none-eabi\\include\\sys\\reent.
 284              		.file 8 "g:\\iot\\.huawei-liteos-studio\\tools\\arm-none-eabi\\arm-none-eabi\\include\\time.h"
 285              		.file 9 "g:/iot/IoT_Device_Demo/iot_link/network/lwm2m/wakaama_lwm2m/wakaama-master/core/er-coap-1
 286              		.file 10 "g:/iot/IoT_Device_Demo/iot_link/network/lwm2m/wakaama_lwm2m/wakaama-master/core/liblwm2m
ARM GAS  C:\Users\ADMINI~1\AppData\Local\Temp\cceIRHdt.s 			page 7


DEFINED SYMBOLS
                            *ABS*:00000000 lwm2m_uri.c
C:\Users\ADMINI~1\AppData\Local\Temp\cceIRHdt.s:18     .text.lwm2m_uri_inst:00000000 $t
C:\Users\ADMINI~1\AppData\Local\Temp\cceIRHdt.s:26     .text.lwm2m_uri_inst:00000000 lwm2m_uri_inst
C:\Users\ADMINI~1\AppData\Local\Temp\cceIRHdt.s:87     .text.lwm2m_uri_res:00000000 $t
C:\Users\ADMINI~1\AppData\Local\Temp\cceIRHdt.s:94     .text.lwm2m_uri_res:00000000 lwm2m_uri_res
C:\Users\ADMINI~1\AppData\Local\Temp\cceIRHdt.s:159    .text.lwm2m_uri_equal:00000000 $t
C:\Users\ADMINI~1\AppData\Local\Temp\cceIRHdt.s:166    .text.lwm2m_uri_equal:00000000 lwm2m_uri_equal

NO UNDEFINED SYMBOLS
