ARM GAS  C:\Users\ADMINI~1\AppData\Local\Temp\ccUcDyDt.s 			page 1


   1              		.cpu cortex-m4
   2              		.eabi_attribute 27, 1
   3              		.eabi_attribute 28, 1
   4              		.eabi_attribute 20, 1
   5              		.eabi_attribute 21, 1
   6              		.eabi_attribute 23, 3
   7              		.eabi_attribute 24, 1
   8              		.eabi_attribute 25, 1
   9              		.eabi_attribute 26, 1
  10              		.eabi_attribute 30, 6
  11              		.eabi_attribute 34, 1
  12              		.eabi_attribute 18, 4
  13              		.file	"lwm2m_al.c"
  14              		.text
  15              	.Ltext0:
  16              		.cfi_sections	.debug_frame
  17              		.section	.bss.s_lwm2m_al_op_cb,"aw",%nobits
  18              		.align	2
  21              	s_lwm2m_al_op_cb:
  22 0000 00000000 		.space	32
  22      00000000 
  22      00000000 
  22      00000000 
  22      00000000 
  23              		.section	.text.lwm2m_al_config,"ax",%progbits
  24              		.align	1
  25              		.global	lwm2m_al_config
  26              		.arch armv7e-m
  27              		.syntax unified
  28              		.thumb
  29              		.thumb_func
  30              		.fpu fpv4-sp-d16
  32              	lwm2m_al_config:
  33              	.LFB3:
  34              		.file 1 "g:/iot/IoT_Device_Demo/iot_link/network/lwm2m/lwm2m_al/lwm2m_al.c"
   1:g:/iot/IoT_Device_Demo/iot_link/network/lwm2m/lwm2m_al\lwm2m_al.c **** /*----------------------------------------------------------------------------
   2:g:/iot/IoT_Device_Demo/iot_link/network/lwm2m/lwm2m_al\lwm2m_al.c ****  * Copyright (c) <2019>, <Huawei Technologies Co., Ltd>
   3:g:/iot/IoT_Device_Demo/iot_link/network/lwm2m/lwm2m_al\lwm2m_al.c ****  * All rights reserved.
   4:g:/iot/IoT_Device_Demo/iot_link/network/lwm2m/lwm2m_al\lwm2m_al.c ****  * Redistribution and use in source and binary forms, with or without modification,
   5:g:/iot/IoT_Device_Demo/iot_link/network/lwm2m/lwm2m_al\lwm2m_al.c ****  * are permitted provided that the following conditions are met:
   6:g:/iot/IoT_Device_Demo/iot_link/network/lwm2m/lwm2m_al\lwm2m_al.c ****  * 1. Redistributions of source code must retain the above copyright notice, this list of
   7:g:/iot/IoT_Device_Demo/iot_link/network/lwm2m/lwm2m_al\lwm2m_al.c ****  * conditions and the following disclaimer.
   8:g:/iot/IoT_Device_Demo/iot_link/network/lwm2m/lwm2m_al\lwm2m_al.c ****  * 2. Redistributions in binary form must reproduce the above copyright notice, this list
   9:g:/iot/IoT_Device_Demo/iot_link/network/lwm2m/lwm2m_al\lwm2m_al.c ****  * of conditions and the following disclaimer in the documentation and/or other materials
  10:g:/iot/IoT_Device_Demo/iot_link/network/lwm2m/lwm2m_al\lwm2m_al.c ****  * provided with the distribution.
  11:g:/iot/IoT_Device_Demo/iot_link/network/lwm2m/lwm2m_al\lwm2m_al.c ****  * 3. Neither the name of the copyright holder nor the names of its contributors may be used
  12:g:/iot/IoT_Device_Demo/iot_link/network/lwm2m/lwm2m_al\lwm2m_al.c ****  * to endorse or promote products derived from this software without specific prior written
  13:g:/iot/IoT_Device_Demo/iot_link/network/lwm2m/lwm2m_al\lwm2m_al.c ****  * permission.
  14:g:/iot/IoT_Device_Demo/iot_link/network/lwm2m/lwm2m_al\lwm2m_al.c ****  * THIS SOFTWARE IS PROVIDED BY THE COPYRIGHT HOLDERS AND CONTRIBUTORS
  15:g:/iot/IoT_Device_Demo/iot_link/network/lwm2m/lwm2m_al\lwm2m_al.c ****  * "AS IS" AND ANY EXPRESS OR IMPLIED WARRANTIES, INCLUDING, BUT NOT LIMITED TO,
  16:g:/iot/IoT_Device_Demo/iot_link/network/lwm2m/lwm2m_al\lwm2m_al.c ****  * THE IMPLIED WARRANTIES OF MERCHANTABILITY AND FITNESS FOR A PARTICULAR
  17:g:/iot/IoT_Device_Demo/iot_link/network/lwm2m/lwm2m_al\lwm2m_al.c ****  * PURPOSE ARE DISCLAIMED. IN NO EVENT SHALL THE COPYRIGHT HOLDER OR
  18:g:/iot/IoT_Device_Demo/iot_link/network/lwm2m/lwm2m_al\lwm2m_al.c ****  * CONTRIBUTORS BE LIABLE FOR ANY DIRECT, INDIRECT, INCIDENTAL, SPECIAL,
  19:g:/iot/IoT_Device_Demo/iot_link/network/lwm2m/lwm2m_al\lwm2m_al.c ****  * EXEMPLARY, OR CONSEQUENTIAL DAMAGES (INCLUDING, BUT NOT LIMITED TO,
  20:g:/iot/IoT_Device_Demo/iot_link/network/lwm2m/lwm2m_al\lwm2m_al.c ****  * PROCUREMENT OF SUBSTITUTE GOODS OR SERVICES; LOSS OF USE, DATA, OR PROFITS;
  21:g:/iot/IoT_Device_Demo/iot_link/network/lwm2m/lwm2m_al\lwm2m_al.c ****  * OR BUSINESS INTERRUPTION) HOWEVER CAUSED AND ON ANY THEORY OF LIABILITY,
  22:g:/iot/IoT_Device_Demo/iot_link/network/lwm2m/lwm2m_al\lwm2m_al.c ****  * WHETHER IN CONTRACT, STRICT LIABILITY, OR TORT (INCLUDING NEGLIGENCE OR
ARM GAS  C:\Users\ADMINI~1\AppData\Local\Temp\ccUcDyDt.s 			page 2


  23:g:/iot/IoT_Device_Demo/iot_link/network/lwm2m/lwm2m_al\lwm2m_al.c ****  * OTHERWISE) ARISING IN ANY WAY OUT OF THE USE OF THIS SOFTWARE, EVEN IF
  24:g:/iot/IoT_Device_Demo/iot_link/network/lwm2m/lwm2m_al\lwm2m_al.c ****  * ADVISED OF THE POSSIBILITY OF SUCH DAMAGE.
  25:g:/iot/IoT_Device_Demo/iot_link/network/lwm2m/lwm2m_al\lwm2m_al.c ****  *---------------------------------------------------------------------------*/
  26:g:/iot/IoT_Device_Demo/iot_link/network/lwm2m/lwm2m_al\lwm2m_al.c **** /*----------------------------------------------------------------------------
  27:g:/iot/IoT_Device_Demo/iot_link/network/lwm2m/lwm2m_al\lwm2m_al.c ****  * Notice of Export Control Law
  28:g:/iot/IoT_Device_Demo/iot_link/network/lwm2m/lwm2m_al\lwm2m_al.c ****  * ===============================================
  29:g:/iot/IoT_Device_Demo/iot_link/network/lwm2m/lwm2m_al\lwm2m_al.c ****  * Huawei LiteOS may be subject to applicable export control laws and regulations, which might
  30:g:/iot/IoT_Device_Demo/iot_link/network/lwm2m/lwm2m_al\lwm2m_al.c ****  * include those applicable to Huawei LiteOS of U.S. and the country in which you are located.
  31:g:/iot/IoT_Device_Demo/iot_link/network/lwm2m/lwm2m_al\lwm2m_al.c ****  * Import, export and usage of Huawei LiteOS in any manner by you shall be in compliance with such
  32:g:/iot/IoT_Device_Demo/iot_link/network/lwm2m/lwm2m_al\lwm2m_al.c ****  * applicable export control laws and regulations.
  33:g:/iot/IoT_Device_Demo/iot_link/network/lwm2m/lwm2m_al\lwm2m_al.c ****  *---------------------------------------------------------------------------*/
  34:g:/iot/IoT_Device_Demo/iot_link/network/lwm2m/lwm2m_al\lwm2m_al.c **** /**
  35:g:/iot/IoT_Device_Demo/iot_link/network/lwm2m/lwm2m_al\lwm2m_al.c ****  *  DATE                AUTHOR      INSTRUCTION
  36:g:/iot/IoT_Device_Demo/iot_link/network/lwm2m/lwm2m_al\lwm2m_al.c ****  *  2019-10-17 19:49  zhangqianfu  The first version
  37:g:/iot/IoT_Device_Demo/iot_link/network/lwm2m/lwm2m_al\lwm2m_al.c ****  *  2019-12-06 19:50  zhuzongru    define interface
  38:g:/iot/IoT_Device_Demo/iot_link/network/lwm2m/lwm2m_al\lwm2m_al.c ****  *
  39:g:/iot/IoT_Device_Demo/iot_link/network/lwm2m/lwm2m_al\lwm2m_al.c ****  */
  40:g:/iot/IoT_Device_Demo/iot_link/network/lwm2m/lwm2m_al\lwm2m_al.c **** 
  41:g:/iot/IoT_Device_Demo/iot_link/network/lwm2m/lwm2m_al\lwm2m_al.c **** 
  42:g:/iot/IoT_Device_Demo/iot_link/network/lwm2m/lwm2m_al\lwm2m_al.c **** #include <stddef.h>
  43:g:/iot/IoT_Device_Demo/iot_link/network/lwm2m/lwm2m_al\lwm2m_al.c **** 
  44:g:/iot/IoT_Device_Demo/iot_link/network/lwm2m/lwm2m_al\lwm2m_al.c **** #include <link_log.h>
  45:g:/iot/IoT_Device_Demo/iot_link/network/lwm2m/lwm2m_al\lwm2m_al.c **** #include <lwm2m_al.h>
  46:g:/iot/IoT_Device_Demo/iot_link/network/lwm2m/lwm2m_al\lwm2m_al.c **** 
  47:g:/iot/IoT_Device_Demo/iot_link/network/lwm2m/lwm2m_al\lwm2m_al.c **** 
  48:g:/iot/IoT_Device_Demo/iot_link/network/lwm2m/lwm2m_al\lwm2m_al.c **** typedef struct
  49:g:/iot/IoT_Device_Demo/iot_link/network/lwm2m/lwm2m_al\lwm2m_al.c **** {
  50:g:/iot/IoT_Device_Demo/iot_link/network/lwm2m/lwm2m_al\lwm2m_al.c ****     lwm2m_al_op_t  *ops;
  51:g:/iot/IoT_Device_Demo/iot_link/network/lwm2m/lwm2m_al\lwm2m_al.c ****     lwm2m_al_op_t   mem;
  52:g:/iot/IoT_Device_Demo/iot_link/network/lwm2m/lwm2m_al\lwm2m_al.c **** } lwm2m_al_op_cb_t;
  53:g:/iot/IoT_Device_Demo/iot_link/network/lwm2m/lwm2m_al\lwm2m_al.c **** 
  54:g:/iot/IoT_Device_Demo/iot_link/network/lwm2m/lwm2m_al\lwm2m_al.c **** static lwm2m_al_op_cb_t s_lwm2m_al_op_cb;
  55:g:/iot/IoT_Device_Demo/iot_link/network/lwm2m/lwm2m_al\lwm2m_al.c **** 
  56:g:/iot/IoT_Device_Demo/iot_link/network/lwm2m/lwm2m_al\lwm2m_al.c **** /////////////////CREATE THE API FOR THE LWM2M LIB////////////////////////////////
  57:g:/iot/IoT_Device_Demo/iot_link/network/lwm2m/lwm2m_al\lwm2m_al.c **** int lwm2m_al_config(void **handle, lwm2m_al_init_param_t *init_param)
  58:g:/iot/IoT_Device_Demo/iot_link/network/lwm2m/lwm2m_al\lwm2m_al.c **** {
  35              		.loc 1 58 1
  36              		.cfi_startproc
  37              		@ args = 0, pretend = 0, frame = 16
  38              		@ frame_needed = 1, uses_anonymous_args = 0
  39 0000 80B5     		push	{r7, lr}
  40              	.LCFI0:
  41              		.cfi_def_cfa_offset 8
  42              		.cfi_offset 7, -8
  43              		.cfi_offset 14, -4
  44 0002 84B0     		sub	sp, sp, #16
  45              	.LCFI1:
  46              		.cfi_def_cfa_offset 24
  47 0004 00AF     		add	r7, sp, #0
  48              	.LCFI2:
  49              		.cfi_def_cfa_register 7
  50 0006 7860     		str	r0, [r7, #4]
  51 0008 3960     		str	r1, [r7]
  59:g:/iot/IoT_Device_Demo/iot_link/network/lwm2m/lwm2m_al\lwm2m_al.c ****     int ret = (int)LWM2M_ERR;
  52              		.loc 1 59 9
  53 000a 6FF00803 		mvn	r3, #8
  54 000e FB60     		str	r3, [r7, #12]
ARM GAS  C:\Users\ADMINI~1\AppData\Local\Temp\ccUcDyDt.s 			page 3


  60:g:/iot/IoT_Device_Demo/iot_link/network/lwm2m/lwm2m_al\lwm2m_al.c **** 
  61:g:/iot/IoT_Device_Demo/iot_link/network/lwm2m/lwm2m_al\lwm2m_al.c ****     if ((NULL != handle)
  55              		.loc 1 61 8
  56 0010 7B68     		ldr	r3, [r7, #4]
  57 0012 002B     		cmp	r3, #0
  58 0014 12D0     		beq	.L2
  62:g:/iot/IoT_Device_Demo/iot_link/network/lwm2m/lwm2m_al\lwm2m_al.c ****         && (NULL != init_param)
  59              		.loc 1 62 9
  60 0016 3B68     		ldr	r3, [r7]
  61 0018 002B     		cmp	r3, #0
  62 001a 0FD0     		beq	.L2
  63:g:/iot/IoT_Device_Demo/iot_link/network/lwm2m/lwm2m_al\lwm2m_al.c ****         && (NULL != s_lwm2m_al_op_cb.ops)
  63              		.loc 1 63 37
  64 001c 0A4B     		ldr	r3, .L4
  65 001e 1B68     		ldr	r3, [r3]
  66              		.loc 1 63 9
  67 0020 002B     		cmp	r3, #0
  68 0022 0BD0     		beq	.L2
  64:g:/iot/IoT_Device_Demo/iot_link/network/lwm2m/lwm2m_al\lwm2m_al.c ****         && (NULL != s_lwm2m_al_op_cb.ops->config))
  69              		.loc 1 64 37
  70 0024 084B     		ldr	r3, .L4
  71 0026 1B68     		ldr	r3, [r3]
  72              		.loc 1 64 41
  73 0028 1B68     		ldr	r3, [r3]
  74              		.loc 1 64 9
  75 002a 002B     		cmp	r3, #0
  76 002c 06D0     		beq	.L2
  65:g:/iot/IoT_Device_Demo/iot_link/network/lwm2m/lwm2m_al\lwm2m_al.c ****     {
  66:g:/iot/IoT_Device_Demo/iot_link/network/lwm2m/lwm2m_al\lwm2m_al.c ****         ret = s_lwm2m_al_op_cb.ops->config(handle, init_param);
  77              		.loc 1 66 31
  78 002e 064B     		ldr	r3, .L4
  79 0030 1B68     		ldr	r3, [r3]
  80              		.loc 1 66 35
  81 0032 1B68     		ldr	r3, [r3]
  82              		.loc 1 66 15
  83 0034 3968     		ldr	r1, [r7]
  84 0036 7868     		ldr	r0, [r7, #4]
  85 0038 9847     		blx	r3
  86              	.LVL0:
  87 003a F860     		str	r0, [r7, #12]
  88              	.L2:
  67:g:/iot/IoT_Device_Demo/iot_link/network/lwm2m/lwm2m_al\lwm2m_al.c ****     }
  68:g:/iot/IoT_Device_Demo/iot_link/network/lwm2m/lwm2m_al\lwm2m_al.c **** 
  69:g:/iot/IoT_Device_Demo/iot_link/network/lwm2m/lwm2m_al\lwm2m_al.c ****     return ret;
  89              		.loc 1 69 12
  90 003c FB68     		ldr	r3, [r7, #12]
  70:g:/iot/IoT_Device_Demo/iot_link/network/lwm2m/lwm2m_al\lwm2m_al.c **** }
  91              		.loc 1 70 1
  92 003e 1846     		mov	r0, r3
  93 0040 1037     		adds	r7, r7, #16
  94              	.LCFI3:
  95              		.cfi_def_cfa_offset 8
  96 0042 BD46     		mov	sp, r7
  97              	.LCFI4:
  98              		.cfi_def_cfa_register 13
  99              		@ sp needed
 100 0044 80BD     		pop	{r7, pc}
ARM GAS  C:\Users\ADMINI~1\AppData\Local\Temp\ccUcDyDt.s 			page 4


 101              	.L5:
 102 0046 00BF     		.align	2
 103              	.L4:
 104 0048 00000000 		.word	s_lwm2m_al_op_cb
 105              		.cfi_endproc
 106              	.LFE3:
 108              		.section	.text.lwm2m_al_deconfig,"ax",%progbits
 109              		.align	1
 110              		.global	lwm2m_al_deconfig
 111              		.syntax unified
 112              		.thumb
 113              		.thumb_func
 114              		.fpu fpv4-sp-d16
 116              	lwm2m_al_deconfig:
 117              	.LFB4:
  71:g:/iot/IoT_Device_Demo/iot_link/network/lwm2m/lwm2m_al\lwm2m_al.c **** 
  72:g:/iot/IoT_Device_Demo/iot_link/network/lwm2m/lwm2m_al\lwm2m_al.c **** int lwm2m_al_deconfig(void *handle)
  73:g:/iot/IoT_Device_Demo/iot_link/network/lwm2m/lwm2m_al\lwm2m_al.c **** {
 118              		.loc 1 73 1
 119              		.cfi_startproc
 120              		@ args = 0, pretend = 0, frame = 16
 121              		@ frame_needed = 1, uses_anonymous_args = 0
 122 0000 80B5     		push	{r7, lr}
 123              	.LCFI5:
 124              		.cfi_def_cfa_offset 8
 125              		.cfi_offset 7, -8
 126              		.cfi_offset 14, -4
 127 0002 84B0     		sub	sp, sp, #16
 128              	.LCFI6:
 129              		.cfi_def_cfa_offset 24
 130 0004 00AF     		add	r7, sp, #0
 131              	.LCFI7:
 132              		.cfi_def_cfa_register 7
 133 0006 7860     		str	r0, [r7, #4]
  74:g:/iot/IoT_Device_Demo/iot_link/network/lwm2m/lwm2m_al\lwm2m_al.c ****     int ret = (int)LWM2M_ERR;
 134              		.loc 1 74 9
 135 0008 6FF00803 		mvn	r3, #8
 136 000c FB60     		str	r3, [r7, #12]
  75:g:/iot/IoT_Device_Demo/iot_link/network/lwm2m/lwm2m_al\lwm2m_al.c **** 
  76:g:/iot/IoT_Device_Demo/iot_link/network/lwm2m/lwm2m_al\lwm2m_al.c ****     if ((NULL != handle)
 137              		.loc 1 76 8
 138 000e 7B68     		ldr	r3, [r7, #4]
 139 0010 002B     		cmp	r3, #0
 140 0012 0ED0     		beq	.L7
  77:g:/iot/IoT_Device_Demo/iot_link/network/lwm2m/lwm2m_al\lwm2m_al.c ****         && (NULL != s_lwm2m_al_op_cb.ops)
 141              		.loc 1 77 37
 142 0014 094B     		ldr	r3, .L9
 143 0016 1B68     		ldr	r3, [r3]
 144              		.loc 1 77 9
 145 0018 002B     		cmp	r3, #0
 146 001a 0AD0     		beq	.L7
  78:g:/iot/IoT_Device_Demo/iot_link/network/lwm2m/lwm2m_al\lwm2m_al.c ****         && (NULL != s_lwm2m_al_op_cb.ops->deconfig))
 147              		.loc 1 78 37
 148 001c 074B     		ldr	r3, .L9
 149 001e 1B68     		ldr	r3, [r3]
 150              		.loc 1 78 41
 151 0020 5B68     		ldr	r3, [r3, #4]
ARM GAS  C:\Users\ADMINI~1\AppData\Local\Temp\ccUcDyDt.s 			page 5


 152              		.loc 1 78 9
 153 0022 002B     		cmp	r3, #0
 154 0024 05D0     		beq	.L7
  79:g:/iot/IoT_Device_Demo/iot_link/network/lwm2m/lwm2m_al\lwm2m_al.c ****     {
  80:g:/iot/IoT_Device_Demo/iot_link/network/lwm2m/lwm2m_al\lwm2m_al.c ****         ret = s_lwm2m_al_op_cb.ops->deconfig(handle);
 155              		.loc 1 80 31
 156 0026 054B     		ldr	r3, .L9
 157 0028 1B68     		ldr	r3, [r3]
 158              		.loc 1 80 35
 159 002a 5B68     		ldr	r3, [r3, #4]
 160              		.loc 1 80 15
 161 002c 7868     		ldr	r0, [r7, #4]
 162 002e 9847     		blx	r3
 163              	.LVL1:
 164 0030 F860     		str	r0, [r7, #12]
 165              	.L7:
  81:g:/iot/IoT_Device_Demo/iot_link/network/lwm2m/lwm2m_al\lwm2m_al.c ****     }
  82:g:/iot/IoT_Device_Demo/iot_link/network/lwm2m/lwm2m_al\lwm2m_al.c **** 
  83:g:/iot/IoT_Device_Demo/iot_link/network/lwm2m/lwm2m_al\lwm2m_al.c ****     return ret;
 166              		.loc 1 83 12
 167 0032 FB68     		ldr	r3, [r7, #12]
  84:g:/iot/IoT_Device_Demo/iot_link/network/lwm2m/lwm2m_al\lwm2m_al.c **** }
 168              		.loc 1 84 1
 169 0034 1846     		mov	r0, r3
 170 0036 1037     		adds	r7, r7, #16
 171              	.LCFI8:
 172              		.cfi_def_cfa_offset 8
 173 0038 BD46     		mov	sp, r7
 174              	.LCFI9:
 175              		.cfi_def_cfa_register 13
 176              		@ sp needed
 177 003a 80BD     		pop	{r7, pc}
 178              	.L10:
 179              		.align	2
 180              	.L9:
 181 003c 00000000 		.word	s_lwm2m_al_op_cb
 182              		.cfi_endproc
 183              	.LFE4:
 185              		.section	.text.lwm2m_al_add_object,"ax",%progbits
 186              		.align	1
 187              		.global	lwm2m_al_add_object
 188              		.syntax unified
 189              		.thumb
 190              		.thumb_func
 191              		.fpu fpv4-sp-d16
 193              	lwm2m_al_add_object:
 194              	.LFB5:
  85:g:/iot/IoT_Device_Demo/iot_link/network/lwm2m/lwm2m_al\lwm2m_al.c **** 
  86:g:/iot/IoT_Device_Demo/iot_link/network/lwm2m/lwm2m_al\lwm2m_al.c **** int lwm2m_al_add_object(void *handle, int object_id, int object_instance_id, int resource_id, void 
  87:g:/iot/IoT_Device_Demo/iot_link/network/lwm2m/lwm2m_al\lwm2m_al.c **** {
 195              		.loc 1 87 1
 196              		.cfi_startproc
 197              		@ args = 4, pretend = 0, frame = 24
 198              		@ frame_needed = 1, uses_anonymous_args = 0
 199 0000 90B5     		push	{r4, r7, lr}
 200              	.LCFI10:
 201              		.cfi_def_cfa_offset 12
ARM GAS  C:\Users\ADMINI~1\AppData\Local\Temp\ccUcDyDt.s 			page 6


 202              		.cfi_offset 4, -12
 203              		.cfi_offset 7, -8
 204              		.cfi_offset 14, -4
 205 0002 89B0     		sub	sp, sp, #36
 206              	.LCFI11:
 207              		.cfi_def_cfa_offset 48
 208 0004 02AF     		add	r7, sp, #8
 209              	.LCFI12:
 210              		.cfi_def_cfa 7, 40
 211 0006 F860     		str	r0, [r7, #12]
 212 0008 B960     		str	r1, [r7, #8]
 213 000a 7A60     		str	r2, [r7, #4]
 214 000c 3B60     		str	r3, [r7]
  88:g:/iot/IoT_Device_Demo/iot_link/network/lwm2m/lwm2m_al\lwm2m_al.c ****     int ret = (int)LWM2M_ERR;
 215              		.loc 1 88 9
 216 000e 6FF00803 		mvn	r3, #8
 217 0012 7B61     		str	r3, [r7, #20]
  89:g:/iot/IoT_Device_Demo/iot_link/network/lwm2m/lwm2m_al\lwm2m_al.c **** 
  90:g:/iot/IoT_Device_Demo/iot_link/network/lwm2m/lwm2m_al\lwm2m_al.c ****     if ((NULL != handle)
 218              		.loc 1 90 8
 219 0014 FB68     		ldr	r3, [r7, #12]
 220 0016 002B     		cmp	r3, #0
 221 0018 13D0     		beq	.L12
  91:g:/iot/IoT_Device_Demo/iot_link/network/lwm2m/lwm2m_al\lwm2m_al.c ****         && (NULL != s_lwm2m_al_op_cb.ops)
 222              		.loc 1 91 37
 223 001a 0C4B     		ldr	r3, .L14
 224 001c 1B68     		ldr	r3, [r3]
 225              		.loc 1 91 9
 226 001e 002B     		cmp	r3, #0
 227 0020 0FD0     		beq	.L12
  92:g:/iot/IoT_Device_Demo/iot_link/network/lwm2m/lwm2m_al\lwm2m_al.c ****         && (NULL != s_lwm2m_al_op_cb.ops->add_object))
 228              		.loc 1 92 37
 229 0022 0A4B     		ldr	r3, .L14
 230 0024 1B68     		ldr	r3, [r3]
 231              		.loc 1 92 41
 232 0026 9B68     		ldr	r3, [r3, #8]
 233              		.loc 1 92 9
 234 0028 002B     		cmp	r3, #0
 235 002a 0AD0     		beq	.L12
  93:g:/iot/IoT_Device_Demo/iot_link/network/lwm2m/lwm2m_al\lwm2m_al.c ****     {
  94:g:/iot/IoT_Device_Demo/iot_link/network/lwm2m/lwm2m_al\lwm2m_al.c ****         ret = s_lwm2m_al_op_cb.ops->add_object(handle, object_id, object_instance_id, resource_id, 
 236              		.loc 1 94 31
 237 002c 074B     		ldr	r3, .L14
 238 002e 1B68     		ldr	r3, [r3]
 239              		.loc 1 94 35
 240 0030 9C68     		ldr	r4, [r3, #8]
 241              		.loc 1 94 15
 242 0032 BB6A     		ldr	r3, [r7, #40]
 243 0034 0093     		str	r3, [sp]
 244 0036 3B68     		ldr	r3, [r7]
 245 0038 7A68     		ldr	r2, [r7, #4]
 246 003a B968     		ldr	r1, [r7, #8]
 247 003c F868     		ldr	r0, [r7, #12]
 248 003e A047     		blx	r4
 249              	.LVL2:
 250 0040 7861     		str	r0, [r7, #20]
 251              	.L12:
ARM GAS  C:\Users\ADMINI~1\AppData\Local\Temp\ccUcDyDt.s 			page 7


  95:g:/iot/IoT_Device_Demo/iot_link/network/lwm2m/lwm2m_al\lwm2m_al.c ****     }
  96:g:/iot/IoT_Device_Demo/iot_link/network/lwm2m/lwm2m_al\lwm2m_al.c **** 
  97:g:/iot/IoT_Device_Demo/iot_link/network/lwm2m/lwm2m_al\lwm2m_al.c ****     return ret;
 252              		.loc 1 97 12
 253 0042 7B69     		ldr	r3, [r7, #20]
  98:g:/iot/IoT_Device_Demo/iot_link/network/lwm2m/lwm2m_al\lwm2m_al.c **** }
 254              		.loc 1 98 1
 255 0044 1846     		mov	r0, r3
 256 0046 1C37     		adds	r7, r7, #28
 257              	.LCFI13:
 258              		.cfi_def_cfa_offset 12
 259 0048 BD46     		mov	sp, r7
 260              	.LCFI14:
 261              		.cfi_def_cfa_register 13
 262              		@ sp needed
 263 004a 90BD     		pop	{r4, r7, pc}
 264              	.L15:
 265              		.align	2
 266              	.L14:
 267 004c 00000000 		.word	s_lwm2m_al_op_cb
 268              		.cfi_endproc
 269              	.LFE5:
 271              		.section	.text.lwm2m_al_delete_object,"ax",%progbits
 272              		.align	1
 273              		.global	lwm2m_al_delete_object
 274              		.syntax unified
 275              		.thumb
 276              		.thumb_func
 277              		.fpu fpv4-sp-d16
 279              	lwm2m_al_delete_object:
 280              	.LFB6:
  99:g:/iot/IoT_Device_Demo/iot_link/network/lwm2m/lwm2m_al\lwm2m_al.c **** 
 100:g:/iot/IoT_Device_Demo/iot_link/network/lwm2m/lwm2m_al\lwm2m_al.c **** int lwm2m_al_delete_object(void *handle, int object_id)
 101:g:/iot/IoT_Device_Demo/iot_link/network/lwm2m/lwm2m_al\lwm2m_al.c **** {
 281              		.loc 1 101 1
 282              		.cfi_startproc
 283              		@ args = 0, pretend = 0, frame = 16
 284              		@ frame_needed = 1, uses_anonymous_args = 0
 285 0000 80B5     		push	{r7, lr}
 286              	.LCFI15:
 287              		.cfi_def_cfa_offset 8
 288              		.cfi_offset 7, -8
 289              		.cfi_offset 14, -4
 290 0002 84B0     		sub	sp, sp, #16
 291              	.LCFI16:
 292              		.cfi_def_cfa_offset 24
 293 0004 00AF     		add	r7, sp, #0
 294              	.LCFI17:
 295              		.cfi_def_cfa_register 7
 296 0006 7860     		str	r0, [r7, #4]
 297 0008 3960     		str	r1, [r7]
 102:g:/iot/IoT_Device_Demo/iot_link/network/lwm2m/lwm2m_al\lwm2m_al.c ****     int ret = (int)LWM2M_ERR;
 298              		.loc 1 102 9
 299 000a 6FF00803 		mvn	r3, #8
 300 000e FB60     		str	r3, [r7, #12]
 103:g:/iot/IoT_Device_Demo/iot_link/network/lwm2m/lwm2m_al\lwm2m_al.c **** 
 104:g:/iot/IoT_Device_Demo/iot_link/network/lwm2m/lwm2m_al\lwm2m_al.c ****     if ((NULL != handle)
ARM GAS  C:\Users\ADMINI~1\AppData\Local\Temp\ccUcDyDt.s 			page 8


 301              		.loc 1 104 8
 302 0010 7B68     		ldr	r3, [r7, #4]
 303 0012 002B     		cmp	r3, #0
 304 0014 0FD0     		beq	.L17
 105:g:/iot/IoT_Device_Demo/iot_link/network/lwm2m/lwm2m_al\lwm2m_al.c ****         && (NULL != s_lwm2m_al_op_cb.ops)
 305              		.loc 1 105 37
 306 0016 0A4B     		ldr	r3, .L19
 307 0018 1B68     		ldr	r3, [r3]
 308              		.loc 1 105 9
 309 001a 002B     		cmp	r3, #0
 310 001c 0BD0     		beq	.L17
 106:g:/iot/IoT_Device_Demo/iot_link/network/lwm2m/lwm2m_al\lwm2m_al.c ****         && (NULL != s_lwm2m_al_op_cb.ops->delete_object))
 311              		.loc 1 106 37
 312 001e 084B     		ldr	r3, .L19
 313 0020 1B68     		ldr	r3, [r3]
 314              		.loc 1 106 41
 315 0022 DB68     		ldr	r3, [r3, #12]
 316              		.loc 1 106 9
 317 0024 002B     		cmp	r3, #0
 318 0026 06D0     		beq	.L17
 107:g:/iot/IoT_Device_Demo/iot_link/network/lwm2m/lwm2m_al\lwm2m_al.c ****     {
 108:g:/iot/IoT_Device_Demo/iot_link/network/lwm2m/lwm2m_al\lwm2m_al.c ****         ret = s_lwm2m_al_op_cb.ops->delete_object(handle, object_id);
 319              		.loc 1 108 31
 320 0028 054B     		ldr	r3, .L19
 321 002a 1B68     		ldr	r3, [r3]
 322              		.loc 1 108 35
 323 002c DB68     		ldr	r3, [r3, #12]
 324              		.loc 1 108 15
 325 002e 3968     		ldr	r1, [r7]
 326 0030 7868     		ldr	r0, [r7, #4]
 327 0032 9847     		blx	r3
 328              	.LVL3:
 329 0034 F860     		str	r0, [r7, #12]
 330              	.L17:
 109:g:/iot/IoT_Device_Demo/iot_link/network/lwm2m/lwm2m_al\lwm2m_al.c ****     }
 110:g:/iot/IoT_Device_Demo/iot_link/network/lwm2m/lwm2m_al\lwm2m_al.c **** 
 111:g:/iot/IoT_Device_Demo/iot_link/network/lwm2m/lwm2m_al\lwm2m_al.c ****     return ret;
 331              		.loc 1 111 12
 332 0036 FB68     		ldr	r3, [r7, #12]
 112:g:/iot/IoT_Device_Demo/iot_link/network/lwm2m/lwm2m_al\lwm2m_al.c **** }
 333              		.loc 1 112 1
 334 0038 1846     		mov	r0, r3
 335 003a 1037     		adds	r7, r7, #16
 336              	.LCFI18:
 337              		.cfi_def_cfa_offset 8
 338 003c BD46     		mov	sp, r7
 339              	.LCFI19:
 340              		.cfi_def_cfa_register 13
 341              		@ sp needed
 342 003e 80BD     		pop	{r7, pc}
 343              	.L20:
 344              		.align	2
 345              	.L19:
 346 0040 00000000 		.word	s_lwm2m_al_op_cb
 347              		.cfi_endproc
 348              	.LFE6:
 350              		.section	.text.lwm2m_al_connect,"ax",%progbits
ARM GAS  C:\Users\ADMINI~1\AppData\Local\Temp\ccUcDyDt.s 			page 9


 351              		.align	1
 352              		.global	lwm2m_al_connect
 353              		.syntax unified
 354              		.thumb
 355              		.thumb_func
 356              		.fpu fpv4-sp-d16
 358              	lwm2m_al_connect:
 359              	.LFB7:
 113:g:/iot/IoT_Device_Demo/iot_link/network/lwm2m/lwm2m_al\lwm2m_al.c **** 
 114:g:/iot/IoT_Device_Demo/iot_link/network/lwm2m/lwm2m_al\lwm2m_al.c **** int lwm2m_al_connect(void *handle)
 115:g:/iot/IoT_Device_Demo/iot_link/network/lwm2m/lwm2m_al\lwm2m_al.c **** {
 360              		.loc 1 115 1
 361              		.cfi_startproc
 362              		@ args = 0, pretend = 0, frame = 16
 363              		@ frame_needed = 1, uses_anonymous_args = 0
 364 0000 80B5     		push	{r7, lr}
 365              	.LCFI20:
 366              		.cfi_def_cfa_offset 8
 367              		.cfi_offset 7, -8
 368              		.cfi_offset 14, -4
 369 0002 84B0     		sub	sp, sp, #16
 370              	.LCFI21:
 371              		.cfi_def_cfa_offset 24
 372 0004 00AF     		add	r7, sp, #0
 373              	.LCFI22:
 374              		.cfi_def_cfa_register 7
 375 0006 7860     		str	r0, [r7, #4]
 116:g:/iot/IoT_Device_Demo/iot_link/network/lwm2m/lwm2m_al\lwm2m_al.c ****     int ret = (int)LWM2M_ERR;
 376              		.loc 1 116 9
 377 0008 6FF00803 		mvn	r3, #8
 378 000c FB60     		str	r3, [r7, #12]
 117:g:/iot/IoT_Device_Demo/iot_link/network/lwm2m/lwm2m_al\lwm2m_al.c **** 
 118:g:/iot/IoT_Device_Demo/iot_link/network/lwm2m/lwm2m_al\lwm2m_al.c ****     if ((NULL != handle)
 379              		.loc 1 118 8
 380 000e 7B68     		ldr	r3, [r7, #4]
 381 0010 002B     		cmp	r3, #0
 382 0012 0ED0     		beq	.L22
 119:g:/iot/IoT_Device_Demo/iot_link/network/lwm2m/lwm2m_al\lwm2m_al.c ****         && (NULL != s_lwm2m_al_op_cb.ops)
 383              		.loc 1 119 37
 384 0014 094B     		ldr	r3, .L24
 385 0016 1B68     		ldr	r3, [r3]
 386              		.loc 1 119 9
 387 0018 002B     		cmp	r3, #0
 388 001a 0AD0     		beq	.L22
 120:g:/iot/IoT_Device_Demo/iot_link/network/lwm2m/lwm2m_al\lwm2m_al.c ****         && (NULL != s_lwm2m_al_op_cb.ops->connect))
 389              		.loc 1 120 37
 390 001c 074B     		ldr	r3, .L24
 391 001e 1B68     		ldr	r3, [r3]
 392              		.loc 1 120 41
 393 0020 1B69     		ldr	r3, [r3, #16]
 394              		.loc 1 120 9
 395 0022 002B     		cmp	r3, #0
 396 0024 05D0     		beq	.L22
 121:g:/iot/IoT_Device_Demo/iot_link/network/lwm2m/lwm2m_al\lwm2m_al.c ****     {
 122:g:/iot/IoT_Device_Demo/iot_link/network/lwm2m/lwm2m_al\lwm2m_al.c ****         ret = s_lwm2m_al_op_cb.ops->connect(handle);
 397              		.loc 1 122 31
 398 0026 054B     		ldr	r3, .L24
ARM GAS  C:\Users\ADMINI~1\AppData\Local\Temp\ccUcDyDt.s 			page 10


 399 0028 1B68     		ldr	r3, [r3]
 400              		.loc 1 122 35
 401 002a 1B69     		ldr	r3, [r3, #16]
 402              		.loc 1 122 15
 403 002c 7868     		ldr	r0, [r7, #4]
 404 002e 9847     		blx	r3
 405              	.LVL4:
 406 0030 F860     		str	r0, [r7, #12]
 407              	.L22:
 123:g:/iot/IoT_Device_Demo/iot_link/network/lwm2m/lwm2m_al\lwm2m_al.c ****     }
 124:g:/iot/IoT_Device_Demo/iot_link/network/lwm2m/lwm2m_al\lwm2m_al.c **** 
 125:g:/iot/IoT_Device_Demo/iot_link/network/lwm2m/lwm2m_al\lwm2m_al.c ****     return ret;
 408              		.loc 1 125 12
 409 0032 FB68     		ldr	r3, [r7, #12]
 126:g:/iot/IoT_Device_Demo/iot_link/network/lwm2m/lwm2m_al\lwm2m_al.c **** }
 410              		.loc 1 126 1
 411 0034 1846     		mov	r0, r3
 412 0036 1037     		adds	r7, r7, #16
 413              	.LCFI23:
 414              		.cfi_def_cfa_offset 8
 415 0038 BD46     		mov	sp, r7
 416              	.LCFI24:
 417              		.cfi_def_cfa_register 13
 418              		@ sp needed
 419 003a 80BD     		pop	{r7, pc}
 420              	.L25:
 421              		.align	2
 422              	.L24:
 423 003c 00000000 		.word	s_lwm2m_al_op_cb
 424              		.cfi_endproc
 425              	.LFE7:
 427              		.section	.text.lwm2m_al_disconnect,"ax",%progbits
 428              		.align	1
 429              		.global	lwm2m_al_disconnect
 430              		.syntax unified
 431              		.thumb
 432              		.thumb_func
 433              		.fpu fpv4-sp-d16
 435              	lwm2m_al_disconnect:
 436              	.LFB8:
 127:g:/iot/IoT_Device_Demo/iot_link/network/lwm2m/lwm2m_al\lwm2m_al.c **** 
 128:g:/iot/IoT_Device_Demo/iot_link/network/lwm2m/lwm2m_al\lwm2m_al.c **** int  lwm2m_al_disconnect(void *handle)
 129:g:/iot/IoT_Device_Demo/iot_link/network/lwm2m/lwm2m_al\lwm2m_al.c **** {
 437              		.loc 1 129 1
 438              		.cfi_startproc
 439              		@ args = 0, pretend = 0, frame = 16
 440              		@ frame_needed = 1, uses_anonymous_args = 0
 441 0000 80B5     		push	{r7, lr}
 442              	.LCFI25:
 443              		.cfi_def_cfa_offset 8
 444              		.cfi_offset 7, -8
 445              		.cfi_offset 14, -4
 446 0002 84B0     		sub	sp, sp, #16
 447              	.LCFI26:
 448              		.cfi_def_cfa_offset 24
 449 0004 00AF     		add	r7, sp, #0
 450              	.LCFI27:
ARM GAS  C:\Users\ADMINI~1\AppData\Local\Temp\ccUcDyDt.s 			page 11


 451              		.cfi_def_cfa_register 7
 452 0006 7860     		str	r0, [r7, #4]
 130:g:/iot/IoT_Device_Demo/iot_link/network/lwm2m/lwm2m_al\lwm2m_al.c ****     int ret = (int)LWM2M_ERR;
 453              		.loc 1 130 9
 454 0008 6FF00803 		mvn	r3, #8
 455 000c FB60     		str	r3, [r7, #12]
 131:g:/iot/IoT_Device_Demo/iot_link/network/lwm2m/lwm2m_al\lwm2m_al.c **** 
 132:g:/iot/IoT_Device_Demo/iot_link/network/lwm2m/lwm2m_al\lwm2m_al.c ****     if ((NULL != handle)
 456              		.loc 1 132 8
 457 000e 7B68     		ldr	r3, [r7, #4]
 458 0010 002B     		cmp	r3, #0
 459 0012 0ED0     		beq	.L27
 133:g:/iot/IoT_Device_Demo/iot_link/network/lwm2m/lwm2m_al\lwm2m_al.c ****         && (NULL != s_lwm2m_al_op_cb.ops)
 460              		.loc 1 133 37
 461 0014 094B     		ldr	r3, .L29
 462 0016 1B68     		ldr	r3, [r3]
 463              		.loc 1 133 9
 464 0018 002B     		cmp	r3, #0
 465 001a 0AD0     		beq	.L27
 134:g:/iot/IoT_Device_Demo/iot_link/network/lwm2m/lwm2m_al\lwm2m_al.c ****         && (NULL != s_lwm2m_al_op_cb.ops->disconnect))
 466              		.loc 1 134 37
 467 001c 074B     		ldr	r3, .L29
 468 001e 1B68     		ldr	r3, [r3]
 469              		.loc 1 134 41
 470 0020 5B69     		ldr	r3, [r3, #20]
 471              		.loc 1 134 9
 472 0022 002B     		cmp	r3, #0
 473 0024 05D0     		beq	.L27
 135:g:/iot/IoT_Device_Demo/iot_link/network/lwm2m/lwm2m_al\lwm2m_al.c ****     {
 136:g:/iot/IoT_Device_Demo/iot_link/network/lwm2m/lwm2m_al\lwm2m_al.c ****         ret = s_lwm2m_al_op_cb.ops->disconnect(handle);
 474              		.loc 1 136 31
 475 0026 054B     		ldr	r3, .L29
 476 0028 1B68     		ldr	r3, [r3]
 477              		.loc 1 136 35
 478 002a 5B69     		ldr	r3, [r3, #20]
 479              		.loc 1 136 15
 480 002c 7868     		ldr	r0, [r7, #4]
 481 002e 9847     		blx	r3
 482              	.LVL5:
 483 0030 F860     		str	r0, [r7, #12]
 484              	.L27:
 137:g:/iot/IoT_Device_Demo/iot_link/network/lwm2m/lwm2m_al\lwm2m_al.c ****     }
 138:g:/iot/IoT_Device_Demo/iot_link/network/lwm2m/lwm2m_al\lwm2m_al.c **** 
 139:g:/iot/IoT_Device_Demo/iot_link/network/lwm2m/lwm2m_al\lwm2m_al.c ****     return ret;
 485              		.loc 1 139 12
 486 0032 FB68     		ldr	r3, [r7, #12]
 140:g:/iot/IoT_Device_Demo/iot_link/network/lwm2m/lwm2m_al\lwm2m_al.c **** }
 487              		.loc 1 140 1
 488 0034 1846     		mov	r0, r3
 489 0036 1037     		adds	r7, r7, #16
 490              	.LCFI28:
 491              		.cfi_def_cfa_offset 8
 492 0038 BD46     		mov	sp, r7
 493              	.LCFI29:
 494              		.cfi_def_cfa_register 13
 495              		@ sp needed
 496 003a 80BD     		pop	{r7, pc}
ARM GAS  C:\Users\ADMINI~1\AppData\Local\Temp\ccUcDyDt.s 			page 12


 497              	.L30:
 498              		.align	2
 499              	.L29:
 500 003c 00000000 		.word	s_lwm2m_al_op_cb
 501              		.cfi_endproc
 502              	.LFE8:
 504              		.section	.text.lwm2m_al_send,"ax",%progbits
 505              		.align	1
 506              		.global	lwm2m_al_send
 507              		.syntax unified
 508              		.thumb
 509              		.thumb_func
 510              		.fpu fpv4-sp-d16
 512              	lwm2m_al_send:
 513              	.LFB9:
 141:g:/iot/IoT_Device_Demo/iot_link/network/lwm2m/lwm2m_al\lwm2m_al.c **** 
 142:g:/iot/IoT_Device_Demo/iot_link/network/lwm2m/lwm2m_al\lwm2m_al.c **** int  lwm2m_al_send(void *handle, lwm2m_al_send_param_t *send_param)
 143:g:/iot/IoT_Device_Demo/iot_link/network/lwm2m/lwm2m_al\lwm2m_al.c **** {
 514              		.loc 1 143 1
 515              		.cfi_startproc
 516              		@ args = 0, pretend = 0, frame = 16
 517              		@ frame_needed = 1, uses_anonymous_args = 0
 518 0000 80B5     		push	{r7, lr}
 519              	.LCFI30:
 520              		.cfi_def_cfa_offset 8
 521              		.cfi_offset 7, -8
 522              		.cfi_offset 14, -4
 523 0002 84B0     		sub	sp, sp, #16
 524              	.LCFI31:
 525              		.cfi_def_cfa_offset 24
 526 0004 00AF     		add	r7, sp, #0
 527              	.LCFI32:
 528              		.cfi_def_cfa_register 7
 529 0006 7860     		str	r0, [r7, #4]
 530 0008 3960     		str	r1, [r7]
 144:g:/iot/IoT_Device_Demo/iot_link/network/lwm2m/lwm2m_al\lwm2m_al.c ****     int ret = (int)LWM2M_ERR;
 531              		.loc 1 144 9
 532 000a 6FF00803 		mvn	r3, #8
 533 000e FB60     		str	r3, [r7, #12]
 145:g:/iot/IoT_Device_Demo/iot_link/network/lwm2m/lwm2m_al\lwm2m_al.c **** 
 146:g:/iot/IoT_Device_Demo/iot_link/network/lwm2m/lwm2m_al\lwm2m_al.c ****     if ((NULL != handle)
 534              		.loc 1 146 8
 535 0010 7B68     		ldr	r3, [r7, #4]
 536 0012 002B     		cmp	r3, #0
 537 0014 12D0     		beq	.L32
 147:g:/iot/IoT_Device_Demo/iot_link/network/lwm2m/lwm2m_al\lwm2m_al.c ****         && (NULL != send_param)
 538              		.loc 1 147 9
 539 0016 3B68     		ldr	r3, [r7]
 540 0018 002B     		cmp	r3, #0
 541 001a 0FD0     		beq	.L32
 148:g:/iot/IoT_Device_Demo/iot_link/network/lwm2m/lwm2m_al\lwm2m_al.c ****         && (NULL != s_lwm2m_al_op_cb.ops)
 542              		.loc 1 148 37
 543 001c 0A4B     		ldr	r3, .L34
 544 001e 1B68     		ldr	r3, [r3]
 545              		.loc 1 148 9
 546 0020 002B     		cmp	r3, #0
 547 0022 0BD0     		beq	.L32
ARM GAS  C:\Users\ADMINI~1\AppData\Local\Temp\ccUcDyDt.s 			page 13


 149:g:/iot/IoT_Device_Demo/iot_link/network/lwm2m/lwm2m_al\lwm2m_al.c ****         && (NULL != s_lwm2m_al_op_cb.ops->send))
 548              		.loc 1 149 37
 549 0024 084B     		ldr	r3, .L34
 550 0026 1B68     		ldr	r3, [r3]
 551              		.loc 1 149 41
 552 0028 9B69     		ldr	r3, [r3, #24]
 553              		.loc 1 149 9
 554 002a 002B     		cmp	r3, #0
 555 002c 06D0     		beq	.L32
 150:g:/iot/IoT_Device_Demo/iot_link/network/lwm2m/lwm2m_al\lwm2m_al.c ****     {
 151:g:/iot/IoT_Device_Demo/iot_link/network/lwm2m/lwm2m_al\lwm2m_al.c ****         ret = s_lwm2m_al_op_cb.ops->send(handle, send_param);
 556              		.loc 1 151 31
 557 002e 064B     		ldr	r3, .L34
 558 0030 1B68     		ldr	r3, [r3]
 559              		.loc 1 151 35
 560 0032 9B69     		ldr	r3, [r3, #24]
 561              		.loc 1 151 15
 562 0034 3968     		ldr	r1, [r7]
 563 0036 7868     		ldr	r0, [r7, #4]
 564 0038 9847     		blx	r3
 565              	.LVL6:
 566 003a F860     		str	r0, [r7, #12]
 567              	.L32:
 152:g:/iot/IoT_Device_Demo/iot_link/network/lwm2m/lwm2m_al\lwm2m_al.c ****     }
 153:g:/iot/IoT_Device_Demo/iot_link/network/lwm2m/lwm2m_al\lwm2m_al.c **** 
 154:g:/iot/IoT_Device_Demo/iot_link/network/lwm2m/lwm2m_al\lwm2m_al.c ****     return ret;
 568              		.loc 1 154 12
 569 003c FB68     		ldr	r3, [r7, #12]
 155:g:/iot/IoT_Device_Demo/iot_link/network/lwm2m/lwm2m_al\lwm2m_al.c **** }
 570              		.loc 1 155 1
 571 003e 1846     		mov	r0, r3
 572 0040 1037     		adds	r7, r7, #16
 573              	.LCFI33:
 574              		.cfi_def_cfa_offset 8
 575 0042 BD46     		mov	sp, r7
 576              	.LCFI34:
 577              		.cfi_def_cfa_register 13
 578              		@ sp needed
 579 0044 80BD     		pop	{r7, pc}
 580              	.L35:
 581 0046 00BF     		.align	2
 582              	.L34:
 583 0048 00000000 		.word	s_lwm2m_al_op_cb
 584              		.cfi_endproc
 585              	.LFE9:
 587              		.section	.text.lwm2m_al_install,"ax",%progbits
 588              		.align	1
 589              		.global	lwm2m_al_install
 590              		.syntax unified
 591              		.thumb
 592              		.thumb_func
 593              		.fpu fpv4-sp-d16
 595              	lwm2m_al_install:
 596              	.LFB10:
 156:g:/iot/IoT_Device_Demo/iot_link/network/lwm2m/lwm2m_al\lwm2m_al.c **** 
 157:g:/iot/IoT_Device_Demo/iot_link/network/lwm2m/lwm2m_al\lwm2m_al.c **** int lwm2m_al_install(lwm2m_al_op_t *op)
 158:g:/iot/IoT_Device_Demo/iot_link/network/lwm2m/lwm2m_al\lwm2m_al.c **** {
ARM GAS  C:\Users\ADMINI~1\AppData\Local\Temp\ccUcDyDt.s 			page 14


 597              		.loc 1 158 1
 598              		.cfi_startproc
 599              		@ args = 0, pretend = 0, frame = 16
 600              		@ frame_needed = 1, uses_anonymous_args = 0
 601              		@ link register save eliminated.
 602 0000 B0B4     		push	{r4, r5, r7}
 603              	.LCFI35:
 604              		.cfi_def_cfa_offset 12
 605              		.cfi_offset 4, -12
 606              		.cfi_offset 5, -8
 607              		.cfi_offset 7, -4
 608 0002 85B0     		sub	sp, sp, #20
 609              	.LCFI36:
 610              		.cfi_def_cfa_offset 32
 611 0004 00AF     		add	r7, sp, #0
 612              	.LCFI37:
 613              		.cfi_def_cfa_register 7
 614 0006 7860     		str	r0, [r7, #4]
 159:g:/iot/IoT_Device_Demo/iot_link/network/lwm2m/lwm2m_al\lwm2m_al.c ****     int ret = (int)LWM2M_ERR;
 615              		.loc 1 159 9
 616 0008 6FF00803 		mvn	r3, #8
 617 000c FB60     		str	r3, [r7, #12]
 160:g:/iot/IoT_Device_Demo/iot_link/network/lwm2m/lwm2m_al\lwm2m_al.c **** 
 161:g:/iot/IoT_Device_Demo/iot_link/network/lwm2m/lwm2m_al\lwm2m_al.c ****     if ((NULL != op) && (NULL == s_lwm2m_al_op_cb.ops))
 618              		.loc 1 161 8
 619 000e 7B68     		ldr	r3, [r7, #4]
 620 0010 002B     		cmp	r3, #0
 621 0012 12D0     		beq	.L37
 622              		.loc 1 161 50 discriminator 1
 623 0014 0C4B     		ldr	r3, .L39
 624 0016 1B68     		ldr	r3, [r3]
 625              		.loc 1 161 22 discriminator 1
 626 0018 002B     		cmp	r3, #0
 627 001a 0ED1     		bne	.L37
 162:g:/iot/IoT_Device_Demo/iot_link/network/lwm2m/lwm2m_al\lwm2m_al.c ****     {
 163:g:/iot/IoT_Device_Demo/iot_link/network/lwm2m/lwm2m_al\lwm2m_al.c ****         s_lwm2m_al_op_cb.mem  = *op;
 628              		.loc 1 163 31
 629 001c 0A4B     		ldr	r3, .L39
 630 001e 7A68     		ldr	r2, [r7, #4]
 631 0020 1C1D     		adds	r4, r3, #4
 632 0022 1546     		mov	r5, r2
 633 0024 0FCD     		ldmia	r5!, {r0, r1, r2, r3}
 634 0026 0FC4     		stmia	r4!, {r0, r1, r2, r3}
 635 0028 95E80700 		ldm	r5, {r0, r1, r2}
 636 002c 84E80700 		stm	r4, {r0, r1, r2}
 164:g:/iot/IoT_Device_Demo/iot_link/network/lwm2m/lwm2m_al\lwm2m_al.c ****         s_lwm2m_al_op_cb.ops = &s_lwm2m_al_op_cb.mem;
 637              		.loc 1 164 30
 638 0030 054B     		ldr	r3, .L39
 639 0032 064A     		ldr	r2, .L39+4
 640 0034 1A60     		str	r2, [r3]
 165:g:/iot/IoT_Device_Demo/iot_link/network/lwm2m/lwm2m_al\lwm2m_al.c ****         ret = 0;
 641              		.loc 1 165 13
 642 0036 0023     		movs	r3, #0
 643 0038 FB60     		str	r3, [r7, #12]
 644              	.L37:
 166:g:/iot/IoT_Device_Demo/iot_link/network/lwm2m/lwm2m_al\lwm2m_al.c ****     }
 167:g:/iot/IoT_Device_Demo/iot_link/network/lwm2m/lwm2m_al\lwm2m_al.c **** 
ARM GAS  C:\Users\ADMINI~1\AppData\Local\Temp\ccUcDyDt.s 			page 15


 168:g:/iot/IoT_Device_Demo/iot_link/network/lwm2m/lwm2m_al\lwm2m_al.c ****     return ret;
 645              		.loc 1 168 12
 646 003a FB68     		ldr	r3, [r7, #12]
 169:g:/iot/IoT_Device_Demo/iot_link/network/lwm2m/lwm2m_al\lwm2m_al.c **** }
 647              		.loc 1 169 1
 648 003c 1846     		mov	r0, r3
 649 003e 1437     		adds	r7, r7, #20
 650              	.LCFI38:
 651              		.cfi_def_cfa_offset 12
 652 0040 BD46     		mov	sp, r7
 653              	.LCFI39:
 654              		.cfi_def_cfa_register 13
 655              		@ sp needed
 656 0042 B0BC     		pop	{r4, r5, r7}
 657              	.LCFI40:
 658              		.cfi_restore 7
 659              		.cfi_restore 5
 660              		.cfi_restore 4
 661              		.cfi_def_cfa_offset 0
 662 0044 7047     		bx	lr
 663              	.L40:
 664 0046 00BF     		.align	2
 665              	.L39:
 666 0048 00000000 		.word	s_lwm2m_al_op_cb
 667 004c 04000000 		.word	s_lwm2m_al_op_cb+4
 668              		.cfi_endproc
 669              	.LFE10:
 671              		.section	.text.lwm2m_al_uninstall,"ax",%progbits
 672              		.align	1
 673              		.global	lwm2m_al_uninstall
 674              		.syntax unified
 675              		.thumb
 676              		.thumb_func
 677              		.fpu fpv4-sp-d16
 679              	lwm2m_al_uninstall:
 680              	.LFB11:
 170:g:/iot/IoT_Device_Demo/iot_link/network/lwm2m/lwm2m_al\lwm2m_al.c **** 
 171:g:/iot/IoT_Device_Demo/iot_link/network/lwm2m/lwm2m_al\lwm2m_al.c **** int lwm2m_al_uninstall(void)
 172:g:/iot/IoT_Device_Demo/iot_link/network/lwm2m/lwm2m_al\lwm2m_al.c **** {
 681              		.loc 1 172 1
 682              		.cfi_startproc
 683              		@ args = 0, pretend = 0, frame = 8
 684              		@ frame_needed = 1, uses_anonymous_args = 0
 685              		@ link register save eliminated.
 686 0000 80B4     		push	{r7}
 687              	.LCFI41:
 688              		.cfi_def_cfa_offset 4
 689              		.cfi_offset 7, -4
 690 0002 83B0     		sub	sp, sp, #12
 691              	.LCFI42:
 692              		.cfi_def_cfa_offset 16
 693 0004 00AF     		add	r7, sp, #0
 694              	.LCFI43:
 695              		.cfi_def_cfa_register 7
 173:g:/iot/IoT_Device_Demo/iot_link/network/lwm2m/lwm2m_al\lwm2m_al.c ****     int ret = (int)LWM2M_ERR;
 696              		.loc 1 173 9
 697 0006 6FF00803 		mvn	r3, #8
ARM GAS  C:\Users\ADMINI~1\AppData\Local\Temp\ccUcDyDt.s 			page 16


 698 000a 7B60     		str	r3, [r7, #4]
 174:g:/iot/IoT_Device_Demo/iot_link/network/lwm2m/lwm2m_al\lwm2m_al.c **** 
 175:g:/iot/IoT_Device_Demo/iot_link/network/lwm2m/lwm2m_al\lwm2m_al.c ****     if (NULL != s_lwm2m_al_op_cb.ops)
 699              		.loc 1 175 33
 700 000c 074B     		ldr	r3, .L44
 701 000e 1B68     		ldr	r3, [r3]
 702              		.loc 1 175 8
 703 0010 002B     		cmp	r3, #0
 704 0012 04D0     		beq	.L42
 176:g:/iot/IoT_Device_Demo/iot_link/network/lwm2m/lwm2m_al\lwm2m_al.c ****     {
 177:g:/iot/IoT_Device_Demo/iot_link/network/lwm2m/lwm2m_al\lwm2m_al.c ****         s_lwm2m_al_op_cb.ops = NULL;
 705              		.loc 1 177 30
 706 0014 054B     		ldr	r3, .L44
 707 0016 0022     		movs	r2, #0
 708 0018 1A60     		str	r2, [r3]
 178:g:/iot/IoT_Device_Demo/iot_link/network/lwm2m/lwm2m_al\lwm2m_al.c ****         ret = 0;
 709              		.loc 1 178 13
 710 001a 0023     		movs	r3, #0
 711 001c 7B60     		str	r3, [r7, #4]
 712              	.L42:
 179:g:/iot/IoT_Device_Demo/iot_link/network/lwm2m/lwm2m_al\lwm2m_al.c ****     }
 180:g:/iot/IoT_Device_Demo/iot_link/network/lwm2m/lwm2m_al\lwm2m_al.c **** 
 181:g:/iot/IoT_Device_Demo/iot_link/network/lwm2m/lwm2m_al\lwm2m_al.c ****     return ret;
 713              		.loc 1 181 12
 714 001e 7B68     		ldr	r3, [r7, #4]
 182:g:/iot/IoT_Device_Demo/iot_link/network/lwm2m/lwm2m_al\lwm2m_al.c **** }
 715              		.loc 1 182 1
 716 0020 1846     		mov	r0, r3
 717 0022 0C37     		adds	r7, r7, #12
 718              	.LCFI44:
 719              		.cfi_def_cfa_offset 4
 720 0024 BD46     		mov	sp, r7
 721              	.LCFI45:
 722              		.cfi_def_cfa_register 13
 723              		@ sp needed
 724 0026 5DF8047B 		ldr	r7, [sp], #4
 725              	.LCFI46:
 726              		.cfi_restore 7
 727              		.cfi_def_cfa_offset 0
 728 002a 7047     		bx	lr
 729              	.L45:
 730              		.align	2
 731              	.L44:
 732 002c 00000000 		.word	s_lwm2m_al_op_cb
 733              		.cfi_endproc
 734              	.LFE11:
 736              		.section	.rodata
 737              		.align	2
 738              	.LC0:
 739 0000 5B25735D 		.ascii	"[%s][%u][%s:%d] %s:###please implement lwm2m by you"
 739      5B25755D 
 739      5B25733A 
 739      25645D20 
 739      25733A23 
 740 0033 7273656C 		.ascii	"rself####\012\015\015\012\000"
 740      66232323 
 740      230A0D0D 
ARM GAS  C:\Users\ADMINI~1\AppData\Local\Temp\ccUcDyDt.s 			page 17


 740      0A00
 741              		.section	.text.lwm2m_imp_init,"ax",%progbits
 742              		.align	1
 743              		.weak	lwm2m_imp_init
 744              		.syntax unified
 745              		.thumb
 746              		.thumb_func
 747              		.fpu fpv4-sp-d16
 749              	lwm2m_imp_init:
 750              	.LFB12:
 183:g:/iot/IoT_Device_Demo/iot_link/network/lwm2m/lwm2m_al\lwm2m_al.c **** 
 184:g:/iot/IoT_Device_Demo/iot_link/network/lwm2m/lwm2m_al\lwm2m_al.c **** __attribute__((weak))  int lwm2m_imp_init(void)
 185:g:/iot/IoT_Device_Demo/iot_link/network/lwm2m/lwm2m_al\lwm2m_al.c **** {
 751              		.loc 1 185 1
 752              		.cfi_startproc
 753              		@ args = 0, pretend = 0, frame = 0
 754              		@ frame_needed = 1, uses_anonymous_args = 0
 755 0000 90B5     		push	{r4, r7, lr}
 756              	.LCFI47:
 757              		.cfi_def_cfa_offset 12
 758              		.cfi_offset 4, -12
 759              		.cfi_offset 7, -8
 760              		.cfi_offset 14, -4
 761 0002 83B0     		sub	sp, sp, #12
 762              	.LCFI48:
 763              		.cfi_def_cfa_offset 24
 764 0004 02AF     		add	r7, sp, #8
 765              	.LCFI49:
 766              		.cfi_def_cfa 7, 16
 186:g:/iot/IoT_Device_Demo/iot_link/network/lwm2m/lwm2m_al\lwm2m_al.c ****     LINK_LOG_DEBUG("%s:###please implement lwm2m by yourself####\n\r",__FUNCTION__);
 767              		.loc 1 186 5
 768 0006 FFF7FEFF 		bl	link_log_level_get
 769 000a 0346     		mov	r3, r0
 770 000c 012B     		cmp	r3, #1
 771 000e 10D8     		bhi	.L47
 772              		.loc 1 186 5 is_stmt 0 discriminator 1
 773 0010 0120     		movs	r0, #1
 774 0012 FFF7FEFF 		bl	link_log_level_name
 775 0016 0446     		mov	r4, r0
 776 0018 FFF7FEFF 		bl	osal_sys_time
 777 001c 0246     		mov	r2, r0
 778 001e 0B46     		mov	r3, r1
 779 0020 074B     		ldr	r3, .L49
 780 0022 0193     		str	r3, [sp, #4]
 781 0024 BA23     		movs	r3, #186
 782 0026 0093     		str	r3, [sp]
 783 0028 054B     		ldr	r3, .L49
 784 002a 2146     		mov	r1, r4
 785 002c 0548     		ldr	r0, .L49+4
 786 002e FFF7FEFF 		bl	printf
 787              	.L47:
 187:g:/iot/IoT_Device_Demo/iot_link/network/lwm2m/lwm2m_al\lwm2m_al.c ****     return -1;
 788              		.loc 1 187 12 is_stmt 1
 789 0032 4FF0FF33 		mov	r3, #-1
 188:g:/iot/IoT_Device_Demo/iot_link/network/lwm2m/lwm2m_al\lwm2m_al.c **** }
 790              		.loc 1 188 1
 791 0036 1846     		mov	r0, r3
ARM GAS  C:\Users\ADMINI~1\AppData\Local\Temp\ccUcDyDt.s 			page 18


 792 0038 0437     		adds	r7, r7, #4
 793              	.LCFI50:
 794              		.cfi_def_cfa_offset 12
 795 003a BD46     		mov	sp, r7
 796              	.LCFI51:
 797              		.cfi_def_cfa_register 13
 798              		@ sp needed
 799 003c 90BD     		pop	{r4, r7, pc}
 800              	.L50:
 801 003e 00BF     		.align	2
 802              	.L49:
 803 0040 00000000 		.word	__FUNCTION__.6756
 804 0044 00000000 		.word	.LC0
 805              		.cfi_endproc
 806              	.LFE12:
 808              		.section	.rodata
 809 0041 000000   		.align	2
 810              	.LC1:
 811 0044 5B25735D 		.ascii	"[%s][%u][%s:%d] IOT_LINK:DO LWM2M LOAD-IMPLEMENT RE"
 811      5B25755D 
 811      5B25733A 
 811      25645D20 
 811      494F545F 
 812 0077 543A2564 		.ascii	"T:%d\012\015\015\012\000"
 812      0A0D0D0A 
 812      00
 813              		.section	.text.lwm2m_al_init,"ax",%progbits
 814              		.align	1
 815              		.global	lwm2m_al_init
 816              		.syntax unified
 817              		.thumb
 818              		.thumb_func
 819              		.fpu fpv4-sp-d16
 821              	lwm2m_al_init:
 822              	.LFB13:
 189:g:/iot/IoT_Device_Demo/iot_link/network/lwm2m/lwm2m_al\lwm2m_al.c **** 
 190:g:/iot/IoT_Device_Demo/iot_link/network/lwm2m/lwm2m_al\lwm2m_al.c **** int lwm2m_al_init(void)
 191:g:/iot/IoT_Device_Demo/iot_link/network/lwm2m/lwm2m_al\lwm2m_al.c **** {
 823              		.loc 1 191 1
 824              		.cfi_startproc
 825              		@ args = 0, pretend = 0, frame = 8
 826              		@ frame_needed = 1, uses_anonymous_args = 0
 827 0000 90B5     		push	{r4, r7, lr}
 828              	.LCFI52:
 829              		.cfi_def_cfa_offset 12
 830              		.cfi_offset 4, -12
 831              		.cfi_offset 7, -8
 832              		.cfi_offset 14, -4
 833 0002 85B0     		sub	sp, sp, #20
 834              	.LCFI53:
 835              		.cfi_def_cfa_offset 32
 836 0004 02AF     		add	r7, sp, #8
 837              	.LCFI54:
 838              		.cfi_def_cfa 7, 24
 192:g:/iot/IoT_Device_Demo/iot_link/network/lwm2m/lwm2m_al\lwm2m_al.c **** 
 193:g:/iot/IoT_Device_Demo/iot_link/network/lwm2m/lwm2m_al\lwm2m_al.c ****     int ret;
 194:g:/iot/IoT_Device_Demo/iot_link/network/lwm2m/lwm2m_al\lwm2m_al.c **** 
ARM GAS  C:\Users\ADMINI~1\AppData\Local\Temp\ccUcDyDt.s 			page 19


 195:g:/iot/IoT_Device_Demo/iot_link/network/lwm2m/lwm2m_al\lwm2m_al.c ****     ret = lwm2m_imp_init();
 839              		.loc 1 195 11
 840 0006 FFF7FEFF 		bl	lwm2m_imp_init
 841 000a 7860     		str	r0, [r7, #4]
 196:g:/iot/IoT_Device_Demo/iot_link/network/lwm2m/lwm2m_al\lwm2m_al.c **** 
 197:g:/iot/IoT_Device_Demo/iot_link/network/lwm2m/lwm2m_al\lwm2m_al.c ****     LINK_LOG_DEBUG("IOT_LINK:DO LWM2M LOAD-IMPLEMENT RET:%d\n\r",ret);
 842              		.loc 1 197 5
 843 000c FFF7FEFF 		bl	link_log_level_get
 844 0010 0346     		mov	r3, r0
 845 0012 012B     		cmp	r3, #1
 846 0014 10D8     		bhi	.L52
 847              		.loc 1 197 5 is_stmt 0 discriminator 1
 848 0016 0120     		movs	r0, #1
 849 0018 FFF7FEFF 		bl	link_log_level_name
 850 001c 0446     		mov	r4, r0
 851 001e FFF7FEFF 		bl	osal_sys_time
 852 0022 0246     		mov	r2, r0
 853 0024 0B46     		mov	r3, r1
 854 0026 7B68     		ldr	r3, [r7, #4]
 855 0028 0193     		str	r3, [sp, #4]
 856 002a C523     		movs	r3, #197
 857 002c 0093     		str	r3, [sp]
 858 002e 054B     		ldr	r3, .L54
 859 0030 2146     		mov	r1, r4
 860 0032 0548     		ldr	r0, .L54+4
 861 0034 FFF7FEFF 		bl	printf
 862              	.L52:
 198:g:/iot/IoT_Device_Demo/iot_link/network/lwm2m/lwm2m_al\lwm2m_al.c **** 
 199:g:/iot/IoT_Device_Demo/iot_link/network/lwm2m/lwm2m_al\lwm2m_al.c **** 
 200:g:/iot/IoT_Device_Demo/iot_link/network/lwm2m/lwm2m_al\lwm2m_al.c ****     return ret;
 863              		.loc 1 200 12 is_stmt 1
 864 0038 7B68     		ldr	r3, [r7, #4]
 201:g:/iot/IoT_Device_Demo/iot_link/network/lwm2m/lwm2m_al\lwm2m_al.c **** }
 865              		.loc 1 201 1
 866 003a 1846     		mov	r0, r3
 867 003c 0C37     		adds	r7, r7, #12
 868              	.LCFI55:
 869              		.cfi_def_cfa_offset 12
 870 003e BD46     		mov	sp, r7
 871              	.LCFI56:
 872              		.cfi_def_cfa_register 13
 873              		@ sp needed
 874 0040 90BD     		pop	{r4, r7, pc}
 875              	.L55:
 876 0042 00BF     		.align	2
 877              	.L54:
 878 0044 00000000 		.word	__FUNCTION__.6761
 879 0048 44000000 		.word	.LC1
 880              		.cfi_endproc
 881              	.LFE13:
 883              		.section	.rodata.__FUNCTION__.6756,"a"
 884              		.align	2
 887              	__FUNCTION__.6756:
 888 0000 6C776D32 		.ascii	"lwm2m_imp_init\000"
 888      6D5F696D 
 888      705F696E 
 888      697400
ARM GAS  C:\Users\ADMINI~1\AppData\Local\Temp\ccUcDyDt.s 			page 20


 889              		.section	.rodata.__FUNCTION__.6761,"a"
 890              		.align	2
 893              	__FUNCTION__.6761:
 894 0000 6C776D32 		.ascii	"lwm2m_al_init\000"
 894      6D5F616C 
 894      5F696E69 
 894      7400
 895              		.text
 896              	.Letext0:
 897              		.file 2 "g:\\iot\\.huawei-liteos-studio\\tools\\arm-none-eabi\\arm-none-eabi\\include\\sys\\lock.h
 898              		.file 3 "g:\\iot\\.huawei-liteos-studio\\tools\\arm-none-eabi\\arm-none-eabi\\include\\sys\\_types
 899              		.file 4 "g:\\iot\\.huawei-liteos-studio\\tools\\arm-none-eabi\\lib\\gcc\\arm-none-eabi\\9.2.1\\inc
 900              		.file 5 "g:\\iot\\.huawei-liteos-studio\\tools\\arm-none-eabi\\arm-none-eabi\\include\\sys\\reent.
 901              		.file 6 "g:/iot/IoT_Device_Demo/iot_link/inc/link_log.h"
 902              		.file 7 "g:/iot/IoT_Device_Demo/iot_link/network/lwm2m/lwm2m_al/lwm2m_al.h"
ARM GAS  C:\Users\ADMINI~1\AppData\Local\Temp\ccUcDyDt.s 			page 21


DEFINED SYMBOLS
                            *ABS*:00000000 lwm2m_al.c
C:\Users\ADMINI~1\AppData\Local\Temp\ccUcDyDt.s:18     .bss.s_lwm2m_al_op_cb:00000000 $d
C:\Users\ADMINI~1\AppData\Local\Temp\ccUcDyDt.s:21     .bss.s_lwm2m_al_op_cb:00000000 s_lwm2m_al_op_cb
C:\Users\ADMINI~1\AppData\Local\Temp\ccUcDyDt.s:24     .text.lwm2m_al_config:00000000 $t
C:\Users\ADMINI~1\AppData\Local\Temp\ccUcDyDt.s:32     .text.lwm2m_al_config:00000000 lwm2m_al_config
C:\Users\ADMINI~1\AppData\Local\Temp\ccUcDyDt.s:104    .text.lwm2m_al_config:00000048 $d
C:\Users\ADMINI~1\AppData\Local\Temp\ccUcDyDt.s:109    .text.lwm2m_al_deconfig:00000000 $t
C:\Users\ADMINI~1\AppData\Local\Temp\ccUcDyDt.s:116    .text.lwm2m_al_deconfig:00000000 lwm2m_al_deconfig
C:\Users\ADMINI~1\AppData\Local\Temp\ccUcDyDt.s:181    .text.lwm2m_al_deconfig:0000003c $d
C:\Users\ADMINI~1\AppData\Local\Temp\ccUcDyDt.s:186    .text.lwm2m_al_add_object:00000000 $t
C:\Users\ADMINI~1\AppData\Local\Temp\ccUcDyDt.s:193    .text.lwm2m_al_add_object:00000000 lwm2m_al_add_object
C:\Users\ADMINI~1\AppData\Local\Temp\ccUcDyDt.s:267    .text.lwm2m_al_add_object:0000004c $d
C:\Users\ADMINI~1\AppData\Local\Temp\ccUcDyDt.s:272    .text.lwm2m_al_delete_object:00000000 $t
C:\Users\ADMINI~1\AppData\Local\Temp\ccUcDyDt.s:279    .text.lwm2m_al_delete_object:00000000 lwm2m_al_delete_object
C:\Users\ADMINI~1\AppData\Local\Temp\ccUcDyDt.s:346    .text.lwm2m_al_delete_object:00000040 $d
C:\Users\ADMINI~1\AppData\Local\Temp\ccUcDyDt.s:351    .text.lwm2m_al_connect:00000000 $t
C:\Users\ADMINI~1\AppData\Local\Temp\ccUcDyDt.s:358    .text.lwm2m_al_connect:00000000 lwm2m_al_connect
C:\Users\ADMINI~1\AppData\Local\Temp\ccUcDyDt.s:423    .text.lwm2m_al_connect:0000003c $d
C:\Users\ADMINI~1\AppData\Local\Temp\ccUcDyDt.s:428    .text.lwm2m_al_disconnect:00000000 $t
C:\Users\ADMINI~1\AppData\Local\Temp\ccUcDyDt.s:435    .text.lwm2m_al_disconnect:00000000 lwm2m_al_disconnect
C:\Users\ADMINI~1\AppData\Local\Temp\ccUcDyDt.s:500    .text.lwm2m_al_disconnect:0000003c $d
C:\Users\ADMINI~1\AppData\Local\Temp\ccUcDyDt.s:505    .text.lwm2m_al_send:00000000 $t
C:\Users\ADMINI~1\AppData\Local\Temp\ccUcDyDt.s:512    .text.lwm2m_al_send:00000000 lwm2m_al_send
C:\Users\ADMINI~1\AppData\Local\Temp\ccUcDyDt.s:583    .text.lwm2m_al_send:00000048 $d
C:\Users\ADMINI~1\AppData\Local\Temp\ccUcDyDt.s:588    .text.lwm2m_al_install:00000000 $t
C:\Users\ADMINI~1\AppData\Local\Temp\ccUcDyDt.s:595    .text.lwm2m_al_install:00000000 lwm2m_al_install
C:\Users\ADMINI~1\AppData\Local\Temp\ccUcDyDt.s:666    .text.lwm2m_al_install:00000048 $d
C:\Users\ADMINI~1\AppData\Local\Temp\ccUcDyDt.s:672    .text.lwm2m_al_uninstall:00000000 $t
C:\Users\ADMINI~1\AppData\Local\Temp\ccUcDyDt.s:679    .text.lwm2m_al_uninstall:00000000 lwm2m_al_uninstall
C:\Users\ADMINI~1\AppData\Local\Temp\ccUcDyDt.s:732    .text.lwm2m_al_uninstall:0000002c $d
C:\Users\ADMINI~1\AppData\Local\Temp\ccUcDyDt.s:737    .rodata:00000000 $d
C:\Users\ADMINI~1\AppData\Local\Temp\ccUcDyDt.s:742    .text.lwm2m_imp_init:00000000 $t
C:\Users\ADMINI~1\AppData\Local\Temp\ccUcDyDt.s:749    .text.lwm2m_imp_init:00000000 lwm2m_imp_init
C:\Users\ADMINI~1\AppData\Local\Temp\ccUcDyDt.s:803    .text.lwm2m_imp_init:00000040 $d
C:\Users\ADMINI~1\AppData\Local\Temp\ccUcDyDt.s:887    .rodata.__FUNCTION__.6756:00000000 __FUNCTION__.6756
C:\Users\ADMINI~1\AppData\Local\Temp\ccUcDyDt.s:814    .text.lwm2m_al_init:00000000 $t
C:\Users\ADMINI~1\AppData\Local\Temp\ccUcDyDt.s:821    .text.lwm2m_al_init:00000000 lwm2m_al_init
C:\Users\ADMINI~1\AppData\Local\Temp\ccUcDyDt.s:878    .text.lwm2m_al_init:00000044 $d
C:\Users\ADMINI~1\AppData\Local\Temp\ccUcDyDt.s:893    .rodata.__FUNCTION__.6761:00000000 __FUNCTION__.6761
C:\Users\ADMINI~1\AppData\Local\Temp\ccUcDyDt.s:884    .rodata.__FUNCTION__.6756:00000000 $d
C:\Users\ADMINI~1\AppData\Local\Temp\ccUcDyDt.s:890    .rodata.__FUNCTION__.6761:00000000 $d

UNDEFINED SYMBOLS
link_log_level_get
link_log_level_name
osal_sys_time
printf
