ARM GAS  C:\Users\ADMINI~1\AppData\Local\Temp\cc9UbHb5.s 			page 1


   1              		.cpu cortex-m4
   2              		.eabi_attribute 27, 1
   3              		.eabi_attribute 28, 1
   4              		.eabi_attribute 20, 1
   5              		.eabi_attribute 21, 1
   6              		.eabi_attribute 23, 3
   7              		.eabi_attribute 24, 1
   8              		.eabi_attribute 25, 1
   9              		.eabi_attribute 26, 1
  10              		.eabi_attribute 30, 6
  11              		.eabi_attribute 34, 1
  12              		.eabi_attribute 18, 4
  13              		.file	"spi.c"
  14              		.text
  15              	.Ltext0:
  16              		.cfi_sections	.debug_frame
  17              		.comm	hspi2,100,4
  18              		.section	.rodata
  19              		.align	2
  20              	.LC0:
  21 0000 673A2F69 		.ascii	"g:/iot/IoT_Device_Demo/targets/STM32L431_BearPi/Src"
  21      6F742F49 
  21      6F545F44 
  21      65766963 
  21      655F4465 
  22 0033 2F737069 		.ascii	"/spi.c\000"
  22      2E6300
  23              		.section	.text.MX_SPI2_Init,"ax",%progbits
  24              		.align	1
  25              		.global	MX_SPI2_Init
  26              		.arch armv7e-m
  27              		.syntax unified
  28              		.thumb
  29              		.thumb_func
  30              		.fpu fpv4-sp-d16
  32              	MX_SPI2_Init:
  33              	.LFB287:
  34              		.file 1 "g:/iot/IoT_Device_Demo/targets/STM32L431_BearPi/Src/spi.c"
   1:g:/iot/IoT_Device_Demo/targets/STM32L431_BearPi/Src\spi.c **** /**
   2:g:/iot/IoT_Device_Demo/targets/STM32L431_BearPi/Src\spi.c ****   ******************************************************************************
   3:g:/iot/IoT_Device_Demo/targets/STM32L431_BearPi/Src\spi.c ****   * File Name          : SPI.c
   4:g:/iot/IoT_Device_Demo/targets/STM32L431_BearPi/Src\spi.c ****   * Description        : This file provides code for the configuration
   5:g:/iot/IoT_Device_Demo/targets/STM32L431_BearPi/Src\spi.c ****   *                      of the SPI instances.
   6:g:/iot/IoT_Device_Demo/targets/STM32L431_BearPi/Src\spi.c ****   ******************************************************************************
   7:g:/iot/IoT_Device_Demo/targets/STM32L431_BearPi/Src\spi.c ****   ** This notice applies to any and all portions of this file
   8:g:/iot/IoT_Device_Demo/targets/STM32L431_BearPi/Src\spi.c ****   * that are not between comment pairs USER CODE BEGIN and
   9:g:/iot/IoT_Device_Demo/targets/STM32L431_BearPi/Src\spi.c ****   * USER CODE END. Other portions of this file, whether 
  10:g:/iot/IoT_Device_Demo/targets/STM32L431_BearPi/Src\spi.c ****   * inserted by the user or by software development tools
  11:g:/iot/IoT_Device_Demo/targets/STM32L431_BearPi/Src\spi.c ****   * are owned by their respective copyright owners.
  12:g:/iot/IoT_Device_Demo/targets/STM32L431_BearPi/Src\spi.c ****   *
  13:g:/iot/IoT_Device_Demo/targets/STM32L431_BearPi/Src\spi.c ****   * COPYRIGHT(c) 2019 STMicroelectronics
  14:g:/iot/IoT_Device_Demo/targets/STM32L431_BearPi/Src\spi.c ****   *
  15:g:/iot/IoT_Device_Demo/targets/STM32L431_BearPi/Src\spi.c ****   * Redistribution and use in source and binary forms, with or without modification,
  16:g:/iot/IoT_Device_Demo/targets/STM32L431_BearPi/Src\spi.c ****   * are permitted provided that the following conditions are met:
  17:g:/iot/IoT_Device_Demo/targets/STM32L431_BearPi/Src\spi.c ****   *   1. Redistributions of source code must retain the above copyright notice,
  18:g:/iot/IoT_Device_Demo/targets/STM32L431_BearPi/Src\spi.c ****   *      this list of conditions and the following disclaimer.
  19:g:/iot/IoT_Device_Demo/targets/STM32L431_BearPi/Src\spi.c ****   *   2. Redistributions in binary form must reproduce the above copyright notice,
ARM GAS  C:\Users\ADMINI~1\AppData\Local\Temp\cc9UbHb5.s 			page 2


  20:g:/iot/IoT_Device_Demo/targets/STM32L431_BearPi/Src\spi.c ****   *      this list of conditions and the following disclaimer in the documentation
  21:g:/iot/IoT_Device_Demo/targets/STM32L431_BearPi/Src\spi.c ****   *      and/or other materials provided with the distribution.
  22:g:/iot/IoT_Device_Demo/targets/STM32L431_BearPi/Src\spi.c ****   *   3. Neither the name of STMicroelectronics nor the names of its contributors
  23:g:/iot/IoT_Device_Demo/targets/STM32L431_BearPi/Src\spi.c ****   *      may be used to endorse or promote products derived from this software
  24:g:/iot/IoT_Device_Demo/targets/STM32L431_BearPi/Src\spi.c ****   *      without specific prior written permission.
  25:g:/iot/IoT_Device_Demo/targets/STM32L431_BearPi/Src\spi.c ****   *
  26:g:/iot/IoT_Device_Demo/targets/STM32L431_BearPi/Src\spi.c ****   * THIS SOFTWARE IS PROVIDED BY THE COPYRIGHT HOLDERS AND CONTRIBUTORS "AS IS"
  27:g:/iot/IoT_Device_Demo/targets/STM32L431_BearPi/Src\spi.c ****   * AND ANY EXPRESS OR IMPLIED WARRANTIES, INCLUDING, BUT NOT LIMITED TO, THE
  28:g:/iot/IoT_Device_Demo/targets/STM32L431_BearPi/Src\spi.c ****   * IMPLIED WARRANTIES OF MERCHANTABILITY AND FITNESS FOR A PARTICULAR PURPOSE ARE
  29:g:/iot/IoT_Device_Demo/targets/STM32L431_BearPi/Src\spi.c ****   * DISCLAIMED. IN NO EVENT SHALL THE COPYRIGHT HOLDER OR CONTRIBUTORS BE LIABLE
  30:g:/iot/IoT_Device_Demo/targets/STM32L431_BearPi/Src\spi.c ****   * FOR ANY DIRECT, INDIRECT, INCIDENTAL, SPECIAL, EXEMPLARY, OR CONSEQUENTIAL
  31:g:/iot/IoT_Device_Demo/targets/STM32L431_BearPi/Src\spi.c ****   * DAMAGES (INCLUDING, BUT NOT LIMITED TO, PROCUREMENT OF SUBSTITUTE GOODS OR
  32:g:/iot/IoT_Device_Demo/targets/STM32L431_BearPi/Src\spi.c ****   * SERVICES; LOSS OF USE, DATA, OR PROFITS; OR BUSINESS INTERRUPTION) HOWEVER
  33:g:/iot/IoT_Device_Demo/targets/STM32L431_BearPi/Src\spi.c ****   * CAUSED AND ON ANY THEORY OF LIABILITY, WHETHER IN CONTRACT, STRICT LIABILITY,
  34:g:/iot/IoT_Device_Demo/targets/STM32L431_BearPi/Src\spi.c ****   * OR TORT (INCLUDING NEGLIGENCE OR OTHERWISE) ARISING IN ANY WAY OUT OF THE USE
  35:g:/iot/IoT_Device_Demo/targets/STM32L431_BearPi/Src\spi.c ****   * OF THIS SOFTWARE, EVEN IF ADVISED OF THE POSSIBILITY OF SUCH DAMAGE.
  36:g:/iot/IoT_Device_Demo/targets/STM32L431_BearPi/Src\spi.c ****   *
  37:g:/iot/IoT_Device_Demo/targets/STM32L431_BearPi/Src\spi.c ****   ******************************************************************************
  38:g:/iot/IoT_Device_Demo/targets/STM32L431_BearPi/Src\spi.c ****   */
  39:g:/iot/IoT_Device_Demo/targets/STM32L431_BearPi/Src\spi.c **** 
  40:g:/iot/IoT_Device_Demo/targets/STM32L431_BearPi/Src\spi.c **** /* Includes ------------------------------------------------------------------*/
  41:g:/iot/IoT_Device_Demo/targets/STM32L431_BearPi/Src\spi.c **** #include "spi.h"
  42:g:/iot/IoT_Device_Demo/targets/STM32L431_BearPi/Src\spi.c **** 
  43:g:/iot/IoT_Device_Demo/targets/STM32L431_BearPi/Src\spi.c **** #include "gpio.h"
  44:g:/iot/IoT_Device_Demo/targets/STM32L431_BearPi/Src\spi.c **** 
  45:g:/iot/IoT_Device_Demo/targets/STM32L431_BearPi/Src\spi.c **** /* USER CODE BEGIN 0 */
  46:g:/iot/IoT_Device_Demo/targets/STM32L431_BearPi/Src\spi.c **** 
  47:g:/iot/IoT_Device_Demo/targets/STM32L431_BearPi/Src\spi.c **** /* USER CODE END 0 */
  48:g:/iot/IoT_Device_Demo/targets/STM32L431_BearPi/Src\spi.c **** 
  49:g:/iot/IoT_Device_Demo/targets/STM32L431_BearPi/Src\spi.c **** SPI_HandleTypeDef hspi2;
  50:g:/iot/IoT_Device_Demo/targets/STM32L431_BearPi/Src\spi.c **** 
  51:g:/iot/IoT_Device_Demo/targets/STM32L431_BearPi/Src\spi.c **** /* SPI2 init function */
  52:g:/iot/IoT_Device_Demo/targets/STM32L431_BearPi/Src\spi.c **** void MX_SPI2_Init(void)
  53:g:/iot/IoT_Device_Demo/targets/STM32L431_BearPi/Src\spi.c **** {
  35              		.loc 1 53 1
  36              		.cfi_startproc
  37              		@ args = 0, pretend = 0, frame = 0
  38              		@ frame_needed = 1, uses_anonymous_args = 0
  39 0000 80B5     		push	{r7, lr}
  40              	.LCFI0:
  41              		.cfi_def_cfa_offset 8
  42              		.cfi_offset 7, -8
  43              		.cfi_offset 14, -4
  44 0002 00AF     		add	r7, sp, #0
  45              	.LCFI1:
  46              		.cfi_def_cfa_register 7
  54:g:/iot/IoT_Device_Demo/targets/STM32L431_BearPi/Src\spi.c **** 
  55:g:/iot/IoT_Device_Demo/targets/STM32L431_BearPi/Src\spi.c ****   hspi2.Instance = SPI2;
  47              		.loc 1 55 18
  48 0004 1C4B     		ldr	r3, .L4
  49 0006 1D4A     		ldr	r2, .L4+4
  50 0008 1A60     		str	r2, [r3]
  56:g:/iot/IoT_Device_Demo/targets/STM32L431_BearPi/Src\spi.c ****   hspi2.Init.Mode = SPI_MODE_MASTER;
  51              		.loc 1 56 19
  52 000a 1B4B     		ldr	r3, .L4
  53 000c 4FF48272 		mov	r2, #260
  54 0010 5A60     		str	r2, [r3, #4]
ARM GAS  C:\Users\ADMINI~1\AppData\Local\Temp\cc9UbHb5.s 			page 3


  57:g:/iot/IoT_Device_Demo/targets/STM32L431_BearPi/Src\spi.c ****   hspi2.Init.Direction = SPI_DIRECTION_1LINE;
  55              		.loc 1 57 24
  56 0012 194B     		ldr	r3, .L4
  57 0014 4FF40042 		mov	r2, #32768
  58 0018 9A60     		str	r2, [r3, #8]
  58:g:/iot/IoT_Device_Demo/targets/STM32L431_BearPi/Src\spi.c ****   hspi2.Init.DataSize = SPI_DATASIZE_8BIT;
  59              		.loc 1 58 23
  60 001a 174B     		ldr	r3, .L4
  61 001c 4FF4E062 		mov	r2, #1792
  62 0020 DA60     		str	r2, [r3, #12]
  59:g:/iot/IoT_Device_Demo/targets/STM32L431_BearPi/Src\spi.c ****   hspi2.Init.CLKPolarity = SPI_POLARITY_HIGH;
  63              		.loc 1 59 26
  64 0022 154B     		ldr	r3, .L4
  65 0024 0222     		movs	r2, #2
  66 0026 1A61     		str	r2, [r3, #16]
  60:g:/iot/IoT_Device_Demo/targets/STM32L431_BearPi/Src\spi.c ****   hspi2.Init.CLKPhase = SPI_PHASE_2EDGE;
  67              		.loc 1 60 23
  68 0028 134B     		ldr	r3, .L4
  69 002a 0122     		movs	r2, #1
  70 002c 5A61     		str	r2, [r3, #20]
  61:g:/iot/IoT_Device_Demo/targets/STM32L431_BearPi/Src\spi.c ****   hspi2.Init.NSS = SPI_NSS_SOFT;
  71              		.loc 1 61 18
  72 002e 124B     		ldr	r3, .L4
  73 0030 4FF40072 		mov	r2, #512
  74 0034 9A61     		str	r2, [r3, #24]
  62:g:/iot/IoT_Device_Demo/targets/STM32L431_BearPi/Src\spi.c ****   hspi2.Init.BaudRatePrescaler = SPI_BAUDRATEPRESCALER_2;
  75              		.loc 1 62 32
  76 0036 104B     		ldr	r3, .L4
  77 0038 0022     		movs	r2, #0
  78 003a DA61     		str	r2, [r3, #28]
  63:g:/iot/IoT_Device_Demo/targets/STM32L431_BearPi/Src\spi.c ****   hspi2.Init.FirstBit = SPI_FIRSTBIT_MSB;
  79              		.loc 1 63 23
  80 003c 0E4B     		ldr	r3, .L4
  81 003e 0022     		movs	r2, #0
  82 0040 1A62     		str	r2, [r3, #32]
  64:g:/iot/IoT_Device_Demo/targets/STM32L431_BearPi/Src\spi.c ****   hspi2.Init.TIMode = SPI_TIMODE_DISABLE;
  83              		.loc 1 64 21
  84 0042 0D4B     		ldr	r3, .L4
  85 0044 0022     		movs	r2, #0
  86 0046 5A62     		str	r2, [r3, #36]
  65:g:/iot/IoT_Device_Demo/targets/STM32L431_BearPi/Src\spi.c ****   hspi2.Init.CRCCalculation = SPI_CRCCALCULATION_DISABLE;
  87              		.loc 1 65 29
  88 0048 0B4B     		ldr	r3, .L4
  89 004a 0022     		movs	r2, #0
  90 004c 9A62     		str	r2, [r3, #40]
  66:g:/iot/IoT_Device_Demo/targets/STM32L431_BearPi/Src\spi.c ****   hspi2.Init.CRCPolynomial = 7;
  91              		.loc 1 66 28
  92 004e 0A4B     		ldr	r3, .L4
  93 0050 0722     		movs	r2, #7
  94 0052 DA62     		str	r2, [r3, #44]
  67:g:/iot/IoT_Device_Demo/targets/STM32L431_BearPi/Src\spi.c ****   hspi2.Init.CRCLength = SPI_CRC_LENGTH_DATASIZE;
  95              		.loc 1 67 24
  96 0054 084B     		ldr	r3, .L4
  97 0056 0022     		movs	r2, #0
  98 0058 1A63     		str	r2, [r3, #48]
  68:g:/iot/IoT_Device_Demo/targets/STM32L431_BearPi/Src\spi.c ****   hspi2.Init.NSSPMode = SPI_NSS_PULSE_ENABLE;
  99              		.loc 1 68 23
ARM GAS  C:\Users\ADMINI~1\AppData\Local\Temp\cc9UbHb5.s 			page 4


 100 005a 074B     		ldr	r3, .L4
 101 005c 0822     		movs	r2, #8
 102 005e 5A63     		str	r2, [r3, #52]
  69:g:/iot/IoT_Device_Demo/targets/STM32L431_BearPi/Src\spi.c ****   if (HAL_SPI_Init(&hspi2) != HAL_OK)
 103              		.loc 1 69 7
 104 0060 0548     		ldr	r0, .L4
 105 0062 FFF7FEFF 		bl	HAL_SPI_Init
 106 0066 0346     		mov	r3, r0
 107              		.loc 1 69 6
 108 0068 002B     		cmp	r3, #0
 109 006a 03D0     		beq	.L3
  70:g:/iot/IoT_Device_Demo/targets/STM32L431_BearPi/Src\spi.c ****   {
  71:g:/iot/IoT_Device_Demo/targets/STM32L431_BearPi/Src\spi.c ****     _Error_Handler(__FILE__, __LINE__);
 110              		.loc 1 71 5
 111 006c 4721     		movs	r1, #71
 112 006e 0448     		ldr	r0, .L4+8
 113 0070 FFF7FEFF 		bl	_Error_Handler
 114              	.L3:
  72:g:/iot/IoT_Device_Demo/targets/STM32L431_BearPi/Src\spi.c ****   }
  73:g:/iot/IoT_Device_Demo/targets/STM32L431_BearPi/Src\spi.c **** 
  74:g:/iot/IoT_Device_Demo/targets/STM32L431_BearPi/Src\spi.c **** }
 115              		.loc 1 74 1
 116 0074 00BF     		nop
 117 0076 80BD     		pop	{r7, pc}
 118              	.L5:
 119              		.align	2
 120              	.L4:
 121 0078 00000000 		.word	hspi2
 122 007c 00380040 		.word	1073756160
 123 0080 00000000 		.word	.LC0
 124              		.cfi_endproc
 125              	.LFE287:
 127              		.section	.text.HAL_SPI_MspInit,"ax",%progbits
 128              		.align	1
 129              		.global	HAL_SPI_MspInit
 130              		.syntax unified
 131              		.thumb
 132              		.thumb_func
 133              		.fpu fpv4-sp-d16
 135              	HAL_SPI_MspInit:
 136              	.LFB288:
  75:g:/iot/IoT_Device_Demo/targets/STM32L431_BearPi/Src\spi.c **** 
  76:g:/iot/IoT_Device_Demo/targets/STM32L431_BearPi/Src\spi.c **** void HAL_SPI_MspInit(SPI_HandleTypeDef* spiHandle)
  77:g:/iot/IoT_Device_Demo/targets/STM32L431_BearPi/Src\spi.c **** {
 137              		.loc 1 77 1
 138              		.cfi_startproc
 139              		@ args = 0, pretend = 0, frame = 32
 140              		@ frame_needed = 1, uses_anonymous_args = 0
 141 0000 80B5     		push	{r7, lr}
 142              	.LCFI2:
 143              		.cfi_def_cfa_offset 8
 144              		.cfi_offset 7, -8
 145              		.cfi_offset 14, -4
 146 0002 88B0     		sub	sp, sp, #32
 147              	.LCFI3:
 148              		.cfi_def_cfa_offset 40
 149 0004 00AF     		add	r7, sp, #0
ARM GAS  C:\Users\ADMINI~1\AppData\Local\Temp\cc9UbHb5.s 			page 5


 150              	.LCFI4:
 151              		.cfi_def_cfa_register 7
 152 0006 7860     		str	r0, [r7, #4]
  78:g:/iot/IoT_Device_Demo/targets/STM32L431_BearPi/Src\spi.c **** 
  79:g:/iot/IoT_Device_Demo/targets/STM32L431_BearPi/Src\spi.c ****   GPIO_InitTypeDef GPIO_InitStruct;
  80:g:/iot/IoT_Device_Demo/targets/STM32L431_BearPi/Src\spi.c ****   if(spiHandle->Instance==SPI2)
 153              		.loc 1 80 15
 154 0008 7B68     		ldr	r3, [r7, #4]
 155 000a 1B68     		ldr	r3, [r3]
 156              		.loc 1 80 5
 157 000c 194A     		ldr	r2, .L9
 158 000e 9342     		cmp	r3, r2
 159 0010 2CD1     		bne	.L8
 160              	.LBB2:
  81:g:/iot/IoT_Device_Demo/targets/STM32L431_BearPi/Src\spi.c ****   {
  82:g:/iot/IoT_Device_Demo/targets/STM32L431_BearPi/Src\spi.c ****   /* USER CODE BEGIN SPI2_MspInit 0 */
  83:g:/iot/IoT_Device_Demo/targets/STM32L431_BearPi/Src\spi.c **** 
  84:g:/iot/IoT_Device_Demo/targets/STM32L431_BearPi/Src\spi.c ****   /* USER CODE END SPI2_MspInit 0 */
  85:g:/iot/IoT_Device_Demo/targets/STM32L431_BearPi/Src\spi.c ****     /* SPI2 clock enable */
  86:g:/iot/IoT_Device_Demo/targets/STM32L431_BearPi/Src\spi.c ****     __HAL_RCC_SPI2_CLK_ENABLE();
 161              		.loc 1 86 5
 162 0012 194B     		ldr	r3, .L9+4
 163 0014 9B6D     		ldr	r3, [r3, #88]
 164 0016 184A     		ldr	r2, .L9+4
 165 0018 43F48043 		orr	r3, r3, #16384
 166 001c 9365     		str	r3, [r2, #88]
 167 001e 164B     		ldr	r3, .L9+4
 168 0020 9B6D     		ldr	r3, [r3, #88]
 169 0022 03F48043 		and	r3, r3, #16384
 170 0026 BB60     		str	r3, [r7, #8]
 171 0028 BB68     		ldr	r3, [r7, #8]
 172              	.LBE2:
  87:g:/iot/IoT_Device_Demo/targets/STM32L431_BearPi/Src\spi.c ****   
  88:g:/iot/IoT_Device_Demo/targets/STM32L431_BearPi/Src\spi.c ****     /**SPI2 GPIO Configuration    
  89:g:/iot/IoT_Device_Demo/targets/STM32L431_BearPi/Src\spi.c ****     PC3     ------> SPI2_MOSI
  90:g:/iot/IoT_Device_Demo/targets/STM32L431_BearPi/Src\spi.c ****     PB13     ------> SPI2_SCK 
  91:g:/iot/IoT_Device_Demo/targets/STM32L431_BearPi/Src\spi.c ****     */
  92:g:/iot/IoT_Device_Demo/targets/STM32L431_BearPi/Src\spi.c ****     GPIO_InitStruct.Pin = GPIO_PIN_3;
 173              		.loc 1 92 25
 174 002a 0823     		movs	r3, #8
 175 002c FB60     		str	r3, [r7, #12]
  93:g:/iot/IoT_Device_Demo/targets/STM32L431_BearPi/Src\spi.c ****     GPIO_InitStruct.Mode = GPIO_MODE_AF_PP;
 176              		.loc 1 93 26
 177 002e 0223     		movs	r3, #2
 178 0030 3B61     		str	r3, [r7, #16]
  94:g:/iot/IoT_Device_Demo/targets/STM32L431_BearPi/Src\spi.c ****     GPIO_InitStruct.Pull = GPIO_NOPULL;
 179              		.loc 1 94 26
 180 0032 0023     		movs	r3, #0
 181 0034 7B61     		str	r3, [r7, #20]
  95:g:/iot/IoT_Device_Demo/targets/STM32L431_BearPi/Src\spi.c ****     GPIO_InitStruct.Speed = GPIO_SPEED_FREQ_VERY_HIGH;
 182              		.loc 1 95 27
 183 0036 0323     		movs	r3, #3
 184 0038 BB61     		str	r3, [r7, #24]
  96:g:/iot/IoT_Device_Demo/targets/STM32L431_BearPi/Src\spi.c ****     GPIO_InitStruct.Alternate = GPIO_AF5_SPI2;
 185              		.loc 1 96 31
 186 003a 0523     		movs	r3, #5
 187 003c FB61     		str	r3, [r7, #28]
ARM GAS  C:\Users\ADMINI~1\AppData\Local\Temp\cc9UbHb5.s 			page 6


  97:g:/iot/IoT_Device_Demo/targets/STM32L431_BearPi/Src\spi.c ****     HAL_GPIO_Init(GPIOC, &GPIO_InitStruct);
 188              		.loc 1 97 5
 189 003e 07F10C03 		add	r3, r7, #12
 190 0042 1946     		mov	r1, r3
 191 0044 0D48     		ldr	r0, .L9+8
 192 0046 FFF7FEFF 		bl	HAL_GPIO_Init
  98:g:/iot/IoT_Device_Demo/targets/STM32L431_BearPi/Src\spi.c **** 
  99:g:/iot/IoT_Device_Demo/targets/STM32L431_BearPi/Src\spi.c ****     GPIO_InitStruct.Pin = GPIO_PIN_13;
 193              		.loc 1 99 25
 194 004a 4FF40053 		mov	r3, #8192
 195 004e FB60     		str	r3, [r7, #12]
 100:g:/iot/IoT_Device_Demo/targets/STM32L431_BearPi/Src\spi.c ****     GPIO_InitStruct.Mode = GPIO_MODE_AF_PP;
 196              		.loc 1 100 26
 197 0050 0223     		movs	r3, #2
 198 0052 3B61     		str	r3, [r7, #16]
 101:g:/iot/IoT_Device_Demo/targets/STM32L431_BearPi/Src\spi.c ****     GPIO_InitStruct.Pull = GPIO_NOPULL;
 199              		.loc 1 101 26
 200 0054 0023     		movs	r3, #0
 201 0056 7B61     		str	r3, [r7, #20]
 102:g:/iot/IoT_Device_Demo/targets/STM32L431_BearPi/Src\spi.c ****     GPIO_InitStruct.Speed = GPIO_SPEED_FREQ_VERY_HIGH;
 202              		.loc 1 102 27
 203 0058 0323     		movs	r3, #3
 204 005a BB61     		str	r3, [r7, #24]
 103:g:/iot/IoT_Device_Demo/targets/STM32L431_BearPi/Src\spi.c ****     GPIO_InitStruct.Alternate = GPIO_AF5_SPI2;
 205              		.loc 1 103 31
 206 005c 0523     		movs	r3, #5
 207 005e FB61     		str	r3, [r7, #28]
 104:g:/iot/IoT_Device_Demo/targets/STM32L431_BearPi/Src\spi.c ****     HAL_GPIO_Init(GPIOB, &GPIO_InitStruct);
 208              		.loc 1 104 5
 209 0060 07F10C03 		add	r3, r7, #12
 210 0064 1946     		mov	r1, r3
 211 0066 0648     		ldr	r0, .L9+12
 212 0068 FFF7FEFF 		bl	HAL_GPIO_Init
 213              	.L8:
 105:g:/iot/IoT_Device_Demo/targets/STM32L431_BearPi/Src\spi.c **** 
 106:g:/iot/IoT_Device_Demo/targets/STM32L431_BearPi/Src\spi.c ****   /* USER CODE BEGIN SPI2_MspInit 1 */
 107:g:/iot/IoT_Device_Demo/targets/STM32L431_BearPi/Src\spi.c **** 
 108:g:/iot/IoT_Device_Demo/targets/STM32L431_BearPi/Src\spi.c ****   /* USER CODE END SPI2_MspInit 1 */
 109:g:/iot/IoT_Device_Demo/targets/STM32L431_BearPi/Src\spi.c ****   }
 110:g:/iot/IoT_Device_Demo/targets/STM32L431_BearPi/Src\spi.c **** }
 214              		.loc 1 110 1
 215 006c 00BF     		nop
 216 006e 2037     		adds	r7, r7, #32
 217              	.LCFI5:
 218              		.cfi_def_cfa_offset 8
 219 0070 BD46     		mov	sp, r7
 220              	.LCFI6:
 221              		.cfi_def_cfa_register 13
 222              		@ sp needed
 223 0072 80BD     		pop	{r7, pc}
 224              	.L10:
 225              		.align	2
 226              	.L9:
 227 0074 00380040 		.word	1073756160
 228 0078 00100240 		.word	1073876992
 229 007c 00080048 		.word	1207961600
 230 0080 00040048 		.word	1207960576
ARM GAS  C:\Users\ADMINI~1\AppData\Local\Temp\cc9UbHb5.s 			page 7


 231              		.cfi_endproc
 232              	.LFE288:
 234              		.section	.text.HAL_SPI_MspDeInit,"ax",%progbits
 235              		.align	1
 236              		.global	HAL_SPI_MspDeInit
 237              		.syntax unified
 238              		.thumb
 239              		.thumb_func
 240              		.fpu fpv4-sp-d16
 242              	HAL_SPI_MspDeInit:
 243              	.LFB289:
 111:g:/iot/IoT_Device_Demo/targets/STM32L431_BearPi/Src\spi.c **** 
 112:g:/iot/IoT_Device_Demo/targets/STM32L431_BearPi/Src\spi.c **** void HAL_SPI_MspDeInit(SPI_HandleTypeDef* spiHandle)
 113:g:/iot/IoT_Device_Demo/targets/STM32L431_BearPi/Src\spi.c **** {
 244              		.loc 1 113 1
 245              		.cfi_startproc
 246              		@ args = 0, pretend = 0, frame = 8
 247              		@ frame_needed = 1, uses_anonymous_args = 0
 248 0000 80B5     		push	{r7, lr}
 249              	.LCFI7:
 250              		.cfi_def_cfa_offset 8
 251              		.cfi_offset 7, -8
 252              		.cfi_offset 14, -4
 253 0002 82B0     		sub	sp, sp, #8
 254              	.LCFI8:
 255              		.cfi_def_cfa_offset 16
 256 0004 00AF     		add	r7, sp, #0
 257              	.LCFI9:
 258              		.cfi_def_cfa_register 7
 259 0006 7860     		str	r0, [r7, #4]
 114:g:/iot/IoT_Device_Demo/targets/STM32L431_BearPi/Src\spi.c **** 
 115:g:/iot/IoT_Device_Demo/targets/STM32L431_BearPi/Src\spi.c ****   if(spiHandle->Instance==SPI2)
 260              		.loc 1 115 15
 261 0008 7B68     		ldr	r3, [r7, #4]
 262 000a 1B68     		ldr	r3, [r3]
 263              		.loc 1 115 5
 264 000c 0A4A     		ldr	r2, .L14
 265 000e 9342     		cmp	r3, r2
 266 0010 0ED1     		bne	.L13
 116:g:/iot/IoT_Device_Demo/targets/STM32L431_BearPi/Src\spi.c ****   {
 117:g:/iot/IoT_Device_Demo/targets/STM32L431_BearPi/Src\spi.c ****   /* USER CODE BEGIN SPI2_MspDeInit 0 */
 118:g:/iot/IoT_Device_Demo/targets/STM32L431_BearPi/Src\spi.c **** 
 119:g:/iot/IoT_Device_Demo/targets/STM32L431_BearPi/Src\spi.c ****   /* USER CODE END SPI2_MspDeInit 0 */
 120:g:/iot/IoT_Device_Demo/targets/STM32L431_BearPi/Src\spi.c ****     /* Peripheral clock disable */
 121:g:/iot/IoT_Device_Demo/targets/STM32L431_BearPi/Src\spi.c ****     __HAL_RCC_SPI2_CLK_DISABLE();
 267              		.loc 1 121 5
 268 0012 0A4B     		ldr	r3, .L14+4
 269 0014 9B6D     		ldr	r3, [r3, #88]
 270 0016 094A     		ldr	r2, .L14+4
 271 0018 23F48043 		bic	r3, r3, #16384
 272 001c 9365     		str	r3, [r2, #88]
 122:g:/iot/IoT_Device_Demo/targets/STM32L431_BearPi/Src\spi.c ****   
 123:g:/iot/IoT_Device_Demo/targets/STM32L431_BearPi/Src\spi.c ****     /**SPI2 GPIO Configuration    
 124:g:/iot/IoT_Device_Demo/targets/STM32L431_BearPi/Src\spi.c ****     PC3     ------> SPI2_MOSI
 125:g:/iot/IoT_Device_Demo/targets/STM32L431_BearPi/Src\spi.c ****     PB13     ------> SPI2_SCK 
 126:g:/iot/IoT_Device_Demo/targets/STM32L431_BearPi/Src\spi.c ****     */
 127:g:/iot/IoT_Device_Demo/targets/STM32L431_BearPi/Src\spi.c ****     HAL_GPIO_DeInit(GPIOC, GPIO_PIN_3);
ARM GAS  C:\Users\ADMINI~1\AppData\Local\Temp\cc9UbHb5.s 			page 8


 273              		.loc 1 127 5
 274 001e 0821     		movs	r1, #8
 275 0020 0748     		ldr	r0, .L14+8
 276 0022 FFF7FEFF 		bl	HAL_GPIO_DeInit
 128:g:/iot/IoT_Device_Demo/targets/STM32L431_BearPi/Src\spi.c **** 
 129:g:/iot/IoT_Device_Demo/targets/STM32L431_BearPi/Src\spi.c ****     HAL_GPIO_DeInit(GPIOB, GPIO_PIN_13);
 277              		.loc 1 129 5
 278 0026 4FF40051 		mov	r1, #8192
 279 002a 0648     		ldr	r0, .L14+12
 280 002c FFF7FEFF 		bl	HAL_GPIO_DeInit
 281              	.L13:
 130:g:/iot/IoT_Device_Demo/targets/STM32L431_BearPi/Src\spi.c **** 
 131:g:/iot/IoT_Device_Demo/targets/STM32L431_BearPi/Src\spi.c ****   /* USER CODE BEGIN SPI2_MspDeInit 1 */
 132:g:/iot/IoT_Device_Demo/targets/STM32L431_BearPi/Src\spi.c **** 
 133:g:/iot/IoT_Device_Demo/targets/STM32L431_BearPi/Src\spi.c ****   /* USER CODE END SPI2_MspDeInit 1 */
 134:g:/iot/IoT_Device_Demo/targets/STM32L431_BearPi/Src\spi.c ****   }
 135:g:/iot/IoT_Device_Demo/targets/STM32L431_BearPi/Src\spi.c **** } 
 282              		.loc 1 135 1
 283 0030 00BF     		nop
 284 0032 0837     		adds	r7, r7, #8
 285              	.LCFI10:
 286              		.cfi_def_cfa_offset 8
 287 0034 BD46     		mov	sp, r7
 288              	.LCFI11:
 289              		.cfi_def_cfa_register 13
 290              		@ sp needed
 291 0036 80BD     		pop	{r7, pc}
 292              	.L15:
 293              		.align	2
 294              	.L14:
 295 0038 00380040 		.word	1073756160
 296 003c 00100240 		.word	1073876992
 297 0040 00080048 		.word	1207961600
 298 0044 00040048 		.word	1207960576
 299              		.cfi_endproc
 300              	.LFE289:
 302              		.section	.text.SPI2_ReadWriteByte,"ax",%progbits
 303              		.align	1
 304              		.global	SPI2_ReadWriteByte
 305              		.syntax unified
 306              		.thumb
 307              		.thumb_func
 308              		.fpu fpv4-sp-d16
 310              	SPI2_ReadWriteByte:
 311              	.LFB290:
 136:g:/iot/IoT_Device_Demo/targets/STM32L431_BearPi/Src\spi.c **** 
 137:g:/iot/IoT_Device_Demo/targets/STM32L431_BearPi/Src\spi.c **** /* USER CODE BEGIN 1 */
 138:g:/iot/IoT_Device_Demo/targets/STM32L431_BearPi/Src\spi.c **** /**
 139:g:/iot/IoT_Device_Demo/targets/STM32L431_BearPi/Src\spi.c ****  * @brief	SPI2 读写一个字节
 140:g:/iot/IoT_Device_Demo/targets/STM32L431_BearPi/Src\spi.c ****  *
 141:g:/iot/IoT_Device_Demo/targets/STM32L431_BearPi/Src\spi.c ****  * @param   TxData	要写入的字节
 142:g:/iot/IoT_Device_Demo/targets/STM32L431_BearPi/Src\spi.c ****  *
 143:g:/iot/IoT_Device_Demo/targets/STM32L431_BearPi/Src\spi.c ****  * @return  uint8_t		读取到的字节
 144:g:/iot/IoT_Device_Demo/targets/STM32L431_BearPi/Src\spi.c ****  */
 145:g:/iot/IoT_Device_Demo/targets/STM32L431_BearPi/Src\spi.c **** uint8_t SPI2_ReadWriteByte(uint8_t TxData)
 146:g:/iot/IoT_Device_Demo/targets/STM32L431_BearPi/Src\spi.c **** {
 312              		.loc 1 146 1
ARM GAS  C:\Users\ADMINI~1\AppData\Local\Temp\cc9UbHb5.s 			page 9


 313              		.cfi_startproc
 314              		@ args = 0, pretend = 0, frame = 16
 315              		@ frame_needed = 1, uses_anonymous_args = 0
 316 0000 80B5     		push	{r7, lr}
 317              	.LCFI12:
 318              		.cfi_def_cfa_offset 8
 319              		.cfi_offset 7, -8
 320              		.cfi_offset 14, -4
 321 0002 86B0     		sub	sp, sp, #24
 322              	.LCFI13:
 323              		.cfi_def_cfa_offset 32
 324 0004 02AF     		add	r7, sp, #8
 325              	.LCFI14:
 326              		.cfi_def_cfa 7, 24
 327 0006 0346     		mov	r3, r0
 328 0008 FB71     		strb	r3, [r7, #7]
 147:g:/iot/IoT_Device_Demo/targets/STM32L431_BearPi/Src\spi.c ****     uint8_t Rxdata;
 148:g:/iot/IoT_Device_Demo/targets/STM32L431_BearPi/Src\spi.c ****     HAL_SPI_TransmitReceive(&hspi2,&TxData,&Rxdata,1, 1000);       
 329              		.loc 1 148 5
 330 000a 07F10F02 		add	r2, r7, #15
 331 000e F91D     		adds	r1, r7, #7
 332 0010 4FF47A73 		mov	r3, #1000
 333 0014 0093     		str	r3, [sp]
 334 0016 0123     		movs	r3, #1
 335 0018 0348     		ldr	r0, .L18
 336 001a FFF7FEFF 		bl	HAL_SPI_TransmitReceive
 149:g:/iot/IoT_Device_Demo/targets/STM32L431_BearPi/Src\spi.c ****  	return Rxdata;          		    //返回收到的数据		
 337              		.loc 1 149 10
 338 001e FB7B     		ldrb	r3, [r7, #15]	@ zero_extendqisi2
 150:g:/iot/IoT_Device_Demo/targets/STM32L431_BearPi/Src\spi.c **** }
 339              		.loc 1 150 1
 340 0020 1846     		mov	r0, r3
 341 0022 1037     		adds	r7, r7, #16
 342              	.LCFI15:
 343              		.cfi_def_cfa_offset 8
 344 0024 BD46     		mov	sp, r7
 345              	.LCFI16:
 346              		.cfi_def_cfa_register 13
 347              		@ sp needed
 348 0026 80BD     		pop	{r7, pc}
 349              	.L19:
 350              		.align	2
 351              	.L18:
 352 0028 00000000 		.word	hspi2
 353              		.cfi_endproc
 354              	.LFE290:
 356              		.section	.text.SPI2_WriteByte,"ax",%progbits
 357              		.align	1
 358              		.global	SPI2_WriteByte
 359              		.syntax unified
 360              		.thumb
 361              		.thumb_func
 362              		.fpu fpv4-sp-d16
 364              	SPI2_WriteByte:
 365              	.LFB291:
 151:g:/iot/IoT_Device_Demo/targets/STM32L431_BearPi/Src\spi.c **** 
 152:g:/iot/IoT_Device_Demo/targets/STM32L431_BearPi/Src\spi.c **** /**
ARM GAS  C:\Users\ADMINI~1\AppData\Local\Temp\cc9UbHb5.s 			page 10


 153:g:/iot/IoT_Device_Demo/targets/STM32L431_BearPi/Src\spi.c ****  * @brief	SPI2 写入一个字节
 154:g:/iot/IoT_Device_Demo/targets/STM32L431_BearPi/Src\spi.c ****  *
 155:g:/iot/IoT_Device_Demo/targets/STM32L431_BearPi/Src\spi.c ****  * @param   TxData	要写入的字节
 156:g:/iot/IoT_Device_Demo/targets/STM32L431_BearPi/Src\spi.c ****  * @param   size	写入字节大小
 157:g:/iot/IoT_Device_Demo/targets/STM32L431_BearPi/Src\spi.c ****  *
 158:g:/iot/IoT_Device_Demo/targets/STM32L431_BearPi/Src\spi.c ****  * @return  uint8_t		0:写入成功,其他:写入失败
 159:g:/iot/IoT_Device_Demo/targets/STM32L431_BearPi/Src\spi.c ****  */
 160:g:/iot/IoT_Device_Demo/targets/STM32L431_BearPi/Src\spi.c **** uint8_t SPI2_WriteByte(uint8_t *TxData,uint16_t size)
 161:g:/iot/IoT_Device_Demo/targets/STM32L431_BearPi/Src\spi.c **** {
 366              		.loc 1 161 1
 367              		.cfi_startproc
 368              		@ args = 0, pretend = 0, frame = 8
 369              		@ frame_needed = 1, uses_anonymous_args = 0
 370 0000 80B5     		push	{r7, lr}
 371              	.LCFI17:
 372              		.cfi_def_cfa_offset 8
 373              		.cfi_offset 7, -8
 374              		.cfi_offset 14, -4
 375 0002 82B0     		sub	sp, sp, #8
 376              	.LCFI18:
 377              		.cfi_def_cfa_offset 16
 378 0004 00AF     		add	r7, sp, #0
 379              	.LCFI19:
 380              		.cfi_def_cfa_register 7
 381 0006 7860     		str	r0, [r7, #4]
 382 0008 0B46     		mov	r3, r1
 383 000a 7B80     		strh	r3, [r7, #2]	@ movhi
 162:g:/iot/IoT_Device_Demo/targets/STM32L431_BearPi/Src\spi.c **** 	return HAL_SPI_Transmit(&hspi2,TxData,size,1000);
 384              		.loc 1 162 9
 385 000c 7A88     		ldrh	r2, [r7, #2]
 386 000e 4FF47A73 		mov	r3, #1000
 387 0012 7968     		ldr	r1, [r7, #4]
 388 0014 0348     		ldr	r0, .L22
 389 0016 FFF7FEFF 		bl	HAL_SPI_Transmit
 390 001a 0346     		mov	r3, r0
 163:g:/iot/IoT_Device_Demo/targets/STM32L431_BearPi/Src\spi.c **** }
 391              		.loc 1 163 1
 392 001c 1846     		mov	r0, r3
 393 001e 0837     		adds	r7, r7, #8
 394              	.LCFI20:
 395              		.cfi_def_cfa_offset 8
 396 0020 BD46     		mov	sp, r7
 397              	.LCFI21:
 398              		.cfi_def_cfa_register 13
 399              		@ sp needed
 400 0022 80BD     		pop	{r7, pc}
 401              	.L23:
 402              		.align	2
 403              	.L22:
 404 0024 00000000 		.word	hspi2
 405              		.cfi_endproc
 406              	.LFE291:
 408              		.text
 409              	.Letext0:
 410              		.file 2 "g:\\iot\\.huawei-liteos-studio\\tools\\arm-none-eabi\\arm-none-eabi\\include\\machine\\_d
 411              		.file 3 "g:\\iot\\.huawei-liteos-studio\\tools\\arm-none-eabi\\arm-none-eabi\\include\\sys\\lock.h
 412              		.file 4 "g:\\iot\\.huawei-liteos-studio\\tools\\arm-none-eabi\\arm-none-eabi\\include\\sys\\_types
ARM GAS  C:\Users\ADMINI~1\AppData\Local\Temp\cc9UbHb5.s 			page 11


 413              		.file 5 "g:\\iot\\.huawei-liteos-studio\\tools\\arm-none-eabi\\lib\\gcc\\arm-none-eabi\\9.2.1\\inc
 414              		.file 6 "g:\\iot\\.huawei-liteos-studio\\tools\\arm-none-eabi\\arm-none-eabi\\include\\sys\\reent.
 415              		.file 7 "g:/iot/IoT_Device_Demo/iot_link/os/liteos/include/los_typedef.h"
 416              		.file 8 "g:\\iot\\.huawei-liteos-studio\\tools\\arm-none-eabi\\arm-none-eabi\\include\\sys\\_stdin
 417              		.file 9 "g:/iot/IoT_Device_Demo/iot_link/os/liteos/arch/arm/common/cmsis/core_cm4.h"
 418              		.file 10 "g:/iot/IoT_Device_Demo/targets/STM32L431_BearPi/Inc/system_stm32l4xx.h"
 419              		.file 11 "g:/iot/IoT_Device_Demo/targets/STM32L431_BearPi/Inc/stm32l431xx.h"
 420              		.file 12 "g:/iot/IoT_Device_Demo/iot_link/os/liteos/include/los_config.h"
 421              		.file 13 "g:/iot/IoT_Device_Demo/iot_link/os/liteos/include/los_err.h"
 422              		.file 14 "g:/iot/IoT_Device_Demo/iot_link/os/liteos/arch/arm/arm-m/include/los_hwi.h"
 423              		.file 15 "g:/iot/IoT_Device_Demo/drivers/third_party/ST/STM32L4xx_HAL_Driver/Inc/stm32l4xx_hal_def
 424              		.file 16 "g:/iot/IoT_Device_Demo/drivers/third_party/ST/STM32L4xx_HAL_Driver/Inc/stm32l4xx_hal_gpi
 425              		.file 17 "g:/iot/IoT_Device_Demo/drivers/third_party/ST/STM32L4xx_HAL_Driver/Inc/stm32l4xx_hal_dma
 426              		.file 18 "g:/iot/IoT_Device_Demo/drivers/third_party/ST/STM32L4xx_HAL_Driver/Inc/stm32l4xx_hal_spi
 427              		.file 19 "g:/iot/IoT_Device_Demo/targets/STM32L431_BearPi/Inc/spi.h"
ARM GAS  C:\Users\ADMINI~1\AppData\Local\Temp\cc9UbHb5.s 			page 12


DEFINED SYMBOLS
                            *ABS*:00000000 spi.c
                            *COM*:00000064 hspi2
C:\Users\ADMINI~1\AppData\Local\Temp\cc9UbHb5.s:19     .rodata:00000000 $d
C:\Users\ADMINI~1\AppData\Local\Temp\cc9UbHb5.s:24     .text.MX_SPI2_Init:00000000 $t
C:\Users\ADMINI~1\AppData\Local\Temp\cc9UbHb5.s:32     .text.MX_SPI2_Init:00000000 MX_SPI2_Init
C:\Users\ADMINI~1\AppData\Local\Temp\cc9UbHb5.s:121    .text.MX_SPI2_Init:00000078 $d
C:\Users\ADMINI~1\AppData\Local\Temp\cc9UbHb5.s:128    .text.HAL_SPI_MspInit:00000000 $t
C:\Users\ADMINI~1\AppData\Local\Temp\cc9UbHb5.s:135    .text.HAL_SPI_MspInit:00000000 HAL_SPI_MspInit
C:\Users\ADMINI~1\AppData\Local\Temp\cc9UbHb5.s:227    .text.HAL_SPI_MspInit:00000074 $d
C:\Users\ADMINI~1\AppData\Local\Temp\cc9UbHb5.s:235    .text.HAL_SPI_MspDeInit:00000000 $t
C:\Users\ADMINI~1\AppData\Local\Temp\cc9UbHb5.s:242    .text.HAL_SPI_MspDeInit:00000000 HAL_SPI_MspDeInit
C:\Users\ADMINI~1\AppData\Local\Temp\cc9UbHb5.s:295    .text.HAL_SPI_MspDeInit:00000038 $d
C:\Users\ADMINI~1\AppData\Local\Temp\cc9UbHb5.s:303    .text.SPI2_ReadWriteByte:00000000 $t
C:\Users\ADMINI~1\AppData\Local\Temp\cc9UbHb5.s:310    .text.SPI2_ReadWriteByte:00000000 SPI2_ReadWriteByte
C:\Users\ADMINI~1\AppData\Local\Temp\cc9UbHb5.s:352    .text.SPI2_ReadWriteByte:00000028 $d
C:\Users\ADMINI~1\AppData\Local\Temp\cc9UbHb5.s:357    .text.SPI2_WriteByte:00000000 $t
C:\Users\ADMINI~1\AppData\Local\Temp\cc9UbHb5.s:364    .text.SPI2_WriteByte:00000000 SPI2_WriteByte
C:\Users\ADMINI~1\AppData\Local\Temp\cc9UbHb5.s:404    .text.SPI2_WriteByte:00000024 $d

UNDEFINED SYMBOLS
HAL_SPI_Init
_Error_Handler
HAL_GPIO_Init
HAL_GPIO_DeInit
HAL_SPI_TransmitReceive
HAL_SPI_Transmit
